TN:
SF:source/lambda/text-extract/index.js
FNF:0
FNH:0
DA:16,1
DA:17,1
DA:24,1
DA:26,1
LF:4
LH:4
BRF:0
BRH:0
end_of_record
TN:
SF:source/lambda/text-extract/textract-sync.js
FN:20,(anonymous_0)
FN:27,(anonymous_1)
FNF:2
FNH:2
FNDA:6,(anonymous_0)
FNDA:6,(anonymous_1)
DA:16,1
DA:17,1
DA:18,1
DA:20,1
DA:21,6
DA:23,6
DA:24,5
DA:27,1
DA:28,6
LF:9
LH:9
BRF:0
BRH:0
end_of_record
TN:
SF:source/lambda/text-extract/utils/generic.js
FN:22,(anonymous_0)
FN:60,(anonymous_1)
FNF:2
FNH:2
FNDA:10,(anonymous_0)
FNDA:4,(anonymous_1)
DA:15,4
DA:22,4
DA:23,10
DA:24,10
DA:26,10
DA:27,10
DA:29,10
DA:32,4
DA:34,4
DA:40,4
DA:60,4
DA:61,4
DA:62,4
DA:63,3
DA:66,1
DA:67,1
LF:16
LH:16
BRDA:62,0,0,3
BRDA:62,0,1,1
BRF:2
BRH:2
end_of_record
TN:
SF:source/lambda/text-extract/utils/pdf-splitter.js
FN:30,(anonymous_0)
FN:71,(anonymous_1)
FN:83,(anonymous_2)
FN:95,(anonymous_3)
FNF:4
FNH:4
FNDA:2,(anonymous_0)
FNDA:2,(anonymous_1)
FNDA:3,(anonymous_2)
FNDA:2,(anonymous_3)
DA:15,3
DA:16,3
DA:17,3
DA:18,3
DA:19,3
DA:30,3
DA:31,2
DA:32,2
DA:34,2
DA:35,2
DA:36,2
DA:37,1
DA:38,1
DA:41,1
DA:42,0
DA:43,0
DA:44,0
DA:47,1
DA:49,1
DA:51,1
DA:52,1
DA:53,1
DA:54,2
DA:55,2
DA:56,2
DA:57,2
DA:58,2
DA:60,2
DA:66,2
DA:67,2
DA:70,1
DA:71,2
DA:72,1
DA:73,0
DA:74,0
DA:76,1
DA:83,3
DA:84,3
DA:87,3
DA:95,3
DA:96,2
DA:97,2
DA:98,2
DA:99,2
LF:44
LH:39
BRDA:36,0,0,1
BRDA:36,0,1,1
BRDA:41,1,0,0
BRDA:41,1,1,1
BRDA:61,2,0,2
BRDA:61,2,1,2
BRDA:72,3,0,0
BRDA:72,3,1,1
BRF:8
BRH:6
end_of_record
TN:
SF:source/lambda/text-extract/utils/sync.js
FN:33,(anonymous_0)
FN:52,(anonymous_1)
FN:119,(anonymous_2)
FN:122,(anonymous_3)
FN:147,(anonymous_4)
FN:151,(anonymous_5)
FN:175,(anonymous_6)
FN:197,(anonymous_7)
FN:215,(anonymous_8)
FN:257,(anonymous_9)
FN:300,(anonymous_10)
FN:337,(anonymous_11)
FN:373,(anonymous_12)
FNF:13
FNH:13
FNDA:2,(anonymous_0)
FNDA:9,(anonymous_1)
FNDA:8,(anonymous_2)
FNDA:10,(anonymous_3)
FNDA:5,(anonymous_4)
FNDA:5,(anonymous_5)
FNDA:11,(anonymous_6)
FNDA:6,(anonymous_7)
FNDA:4,(anonymous_8)
FNDA:10,(anonymous_9)
FNDA:3,(anonymous_10)
FNDA:4,(anonymous_11)
FNDA:4,(anonymous_12)
DA:16,2
DA:17,2
DA:18,2
DA:19,2
DA:20,2
DA:33,2
DA:34,2
DA:35,1
DA:36,1
DA:38,1
DA:52,2
DA:54,9
DA:57,9
DA:59,9
DA:60,9
DA:62,9
DA:64,9
DA:69,9
DA:70,1
DA:73,1
DA:76,8
DA:77,8
DA:79,8
DA:80,8
DA:82,6
DA:84,5
DA:91,4
DA:93,5
DA:97,5
DA:103,4
DA:104,4
DA:107,5
DA:119,2
DA:120,8
DA:121,8
DA:122,10
DA:123,1
DA:124,1
DA:126,4
DA:128,3
DA:147,2
DA:148,5
DA:151,5
DA:152,5
DA:153,10
DA:154,0
DA:156,10
DA:161,5
DA:175,2
DA:176,11
DA:177,11
DA:179,11
DA:180,1
DA:182,10
DA:197,2
DA:198,6
DA:199,6
DA:200,6
DA:201,6
DA:202,0
DA:208,6
DA:209,6
DA:210,22
DA:212,6
DA:215,2
DA:216,4
DA:218,4
DA:220,4
DA:221,4
DA:230,4
DA:231,3
DA:232,3
DA:236,1
DA:242,1
DA:243,1
DA:257,2
DA:258,10
DA:259,3
DA:261,3
DA:262,2
DA:265,7
DA:266,3
DA:268,3
DA:269,2
DA:273,4
DA:275,4
DA:276,3
DA:278,1
DA:279,1
DA:286,3
DA:300,2
DA:301,3
DA:303,3
DA:305,3
DA:306,3
DA:316,3
DA:317,2
DA:318,2
DA:320,1
DA:325,1
DA:326,1
DA:337,2
DA:338,4
DA:340,4
DA:342,4
DA:343,4
DA:352,4
DA:353,3
DA:355,1
DA:360,1
DA:361,1
DA:363,3
DA:373,2
DA:375,4
DA:376,4
DA:378,4
DA:379,4
DA:390,4
DA:391,3
DA:393,1
DA:399,1
DA:400,1
DA:402,3
LF:123
LH:121
BRDA:34,0,0,1
BRDA:34,0,1,1
BRDA:69,1,0,1
BRDA:69,1,1,8
BRDA:82,2,0,5
BRDA:82,2,1,1
BRDA:121,3,0,5
BRDA:121,3,1,3
BRDA:122,4,0,1
BRDA:122,4,1,4
BRDA:153,5,0,0
BRDA:153,5,1,10
BRDA:179,6,0,1
BRDA:179,6,1,10
BRDA:201,7,0,0
BRDA:201,7,1,6
BRDA:258,8,0,3
BRDA:258,8,1,7
BRDA:265,9,0,3
BRDA:265,9,1,4
BRDA:275,10,0,3
BRDA:275,10,1,1
BRF:22
BRH:20
end_of_record
