TN:
SF:source/lambda/search/index.js
FN:31,(anonymous_0)
FNF:1
FNH:1
FNDA:8,(anonymous_0)
DA:16,1
DA:17,1
DA:18,1
DA:31,1
DA:32,8
DA:34,8
DA:35,1
DA:38,7
DA:39,6
DA:40,6
DA:42,5
DA:47,1
DA:50,4
DA:51,4
DA:53,4
DA:58,2
DA:60,4
DA:61,4
DA:64,1
LF:19
LH:19
BRDA:34,0,0,1
BRDA:34,0,1,7
BRDA:38,1,0,6
BRDA:38,1,1,1
BRDA:42,2,0,1
BRDA:42,2,1,4
BRDA:43,3,0,5
BRDA:43,3,1,4
BRDA:43,3,2,4
BRF:9
BRH:9
end_of_record
TN:
SF:source/lambda/search/utils/env-setup.js
FN:17,checkKendraIndexIdEnvSetup
FN:27,checkAllEnvSetup
FNF:2
FNH:2
FNDA:9,checkKendraIndexIdEnvSetup
FNDA:7,checkAllEnvSetup
DA:18,9
DA:19,7
DA:21,2
DA:28,7
DA:31,2
LF:5
LH:5
BRDA:18,0,0,7
BRDA:18,0,1,2
BRF:2
BRH:2
end_of_record
TN:
SF:source/lambda/search/utils/search-kendra.js
FN:29,(anonymous_0)
FN:83,(anonymous_1)
FNF:2
FNH:2
FNDA:8,(anonymous_0)
FNDA:10,(anonymous_1)
DA:15,2
DA:16,2
DA:17,2
DA:29,2
DA:30,8
DA:31,8
DA:32,8
DA:34,8
DA:36,8
DA:37,1
DA:40,7
DA:44,7
DA:60,7
DA:61,7
DA:62,2
DA:64,7
DA:66,7
DA:68,4
DA:70,4
DA:72,4
DA:73,4
DA:83,2
DA:84,10
DA:85,7
DA:90,3
DA:96,3
DA:97,6
DA:98,6
DA:99,9
DA:103,6
DA:105,3
DA:108,2
LF:32
LH:32
BRDA:36,0,0,1
BRDA:36,0,1,7
BRDA:61,1,0,2
BRDA:61,1,1,5
BRDA:84,2,0,7
BRDA:84,2,1,3
BRDA:84,3,0,10
BRDA:84,3,1,4
BRF:8
BRH:8
end_of_record
