<?xml version="1.0" encoding="UTF-8"?>
<coverage generated="1692821310985" clover="3.2.0">
  <project timestamp="1692821310985" name="All files">
    <metrics statements="1123" coveredstatements="935" conditionals="650" coveredconditionals="485" methods="312" coveredmethods="248" elements="2085" coveredelements="1668" complexity="0" loc="1123" ncloc="1123" packages="14" files="44" classes="44"/>
    <package name="components">
      <metrics statements="377" coveredstatements="319" conditionals="196" coveredconditionals="143" methods="97" coveredmethods="82"/>
      <file name="EntitiesList.tsx" path="/codebuild/output/src2267051327/src/source/ui/src/components/EntitiesList.tsx">
        <metrics statements="138" coveredstatements="116" conditionals="63" coveredconditionals="48" methods="42" coveredmethods="35"/>
        <line num="65" count="7" type="stmt"/>
        <line num="74" count="10" type="stmt"/>
        <line num="75" count="2" type="stmt"/>
        <line num="78" count="10" type="stmt"/>
        <line num="86" count="9" type="stmt"/>
        <line num="88" count="3" type="stmt"/>
        <line num="93" count="1" type="stmt"/>
        <line num="103" count="20" type="stmt"/>
        <line num="109" count="18" type="stmt"/>
        <line num="112" count="6" type="stmt"/>
        <line num="118" count="1" type="stmt"/>
        <line num="120" count="1" type="stmt"/>
        <line num="131" count="7" type="stmt"/>
        <line num="132" count="41" type="stmt"/>
        <line num="134" count="41" type="stmt"/>
        <line num="136" count="1" type="stmt"/>
        <line num="137" count="3" type="cond" truecount="1" falsecount="1"/>
        <line num="140" count="9" type="cond" truecount="2" falsecount="0"/>
        <line num="141" count="3" type="stmt"/>
        <line num="144" count="0" type="stmt"/>
        <line num="147" count="3" type="stmt"/>
        <line num="153" count="41" type="stmt"/>
        <line num="155" count="1" type="stmt"/>
        <line num="156" count="2" type="stmt"/>
        <line num="160" count="1" type="stmt"/>
        <line num="165" count="41" type="stmt"/>
        <line num="167" count="1" type="stmt"/>
        <line num="168" count="1" type="stmt"/>
        <line num="169" count="1" type="stmt"/>
        <line num="170" count="1" type="stmt"/>
        <line num="171" count="2" type="stmt"/>
        <line num="176" count="1" type="stmt"/>
        <line num="181" count="41" type="stmt"/>
        <line num="183" count="1" type="cond" truecount="1" falsecount="1"/>
        <line num="184" count="0" type="stmt"/>
        <line num="186" count="1" type="stmt"/>
        <line num="187" count="1" type="stmt"/>
        <line num="189" count="1" type="stmt"/>
        <line num="194" count="41" type="stmt"/>
        <line num="196" count="1" type="cond" truecount="1" falsecount="1"/>
        <line num="197" count="0" type="cond" truecount="0" falsecount="2"/>
        <line num="198" count="0" type="stmt"/>
        <line num="202" count="0" type="stmt"/>
        <line num="205" count="1" type="stmt"/>
        <line num="206" count="1" type="stmt"/>
        <line num="208" count="1" type="stmt"/>
        <line num="213" count="41" type="cond" truecount="0" falsecount="1"/>
        <line num="214" count="1" type="stmt"/>
        <line num="215" count="1" type="stmt"/>
        <line num="216" count="1" type="stmt"/>
        <line num="222" count="1" type="stmt"/>
        <line num="224" count="0" type="stmt"/>
        <line num="228" count="41" type="cond" truecount="0" falsecount="1"/>
        <line num="229" count="2" type="stmt"/>
        <line num="230" count="2" type="stmt"/>
        <line num="231" count="2" type="stmt"/>
        <line num="237" count="2" type="stmt"/>
        <line num="239" count="0" type="stmt"/>
        <line num="243" count="41" type="stmt"/>
        <line num="244" count="1" type="stmt"/>
        <line num="245" count="1" type="stmt"/>
        <line num="246" count="1" type="stmt"/>
        <line num="253" count="1" type="stmt"/>
        <line num="254" count="3" type="cond" truecount="4" falsecount="0"/>
        <line num="255" count="1" type="stmt"/>
        <line num="256" count="1" type="stmt"/>
        <line num="257" count="1" type="stmt"/>
        <line num="258" count="3" type="stmt"/>
        <line num="266" count="2" type="stmt"/>
        <line num="270" count="1" type="stmt"/>
        <line num="271" count="1" type="stmt"/>
        <line num="274" count="1" type="stmt"/>
        <line num="275" count="1" type="stmt"/>
        <line num="276" count="1" type="stmt"/>
        <line num="278" count="0" type="stmt"/>
        <line num="279" count="0" type="stmt"/>
        <line num="283" count="3" type="cond" truecount="3" falsecount="0"/>
        <line num="285" count="1" type="stmt"/>
        <line num="286" count="1" type="stmt"/>
        <line num="288" count="1" type="stmt"/>
        <line num="289" count="1" type="stmt"/>
        <line num="291" count="1" type="stmt"/>
        <line num="293" count="3" type="stmt"/>
        <line num="297" count="41" type="stmt"/>
        <line num="298" count="41" type="stmt"/>
        <line num="299" count="41" type="cond" truecount="2" falsecount="0"/>
        <line num="300" count="5" type="stmt"/>
        <line num="301" count="5" type="stmt"/>
        <line num="305" count="41" type="cond" truecount="4" falsecount="0"/>
        <line num="306" count="15" type="cond" truecount="2" falsecount="0"/>
        <line num="307" count="10" type="stmt"/>
        <line num="314" count="31" type="stmt"/>
        <line num="315" count="2" type="stmt"/>
        <line num="316" count="0" type="stmt"/>
        <line num="317" count="0" type="cond" truecount="0" falsecount="2"/>
        <line num="322" count="31" type="stmt"/>
        <line num="323" count="0" type="stmt"/>
        <line num="326" count="0" type="cond" truecount="0" falsecount="2"/>
        <line num="327" count="0" type="stmt"/>
        <line num="329" count="0" type="stmt"/>
        <line num="334" count="31" type="stmt"/>
        <line num="335" count="2" type="cond" truecount="1" falsecount="1"/>
        <line num="336" count="0" type="stmt"/>
        <line num="338" count="2" type="stmt"/>
        <line num="339" count="2" type="cond" truecount="2" falsecount="0"/>
        <line num="340" count="1" type="stmt"/>
        <line num="341" count="2" type="stmt"/>
        <line num="343" count="1" type="cond" truecount="1" falsecount="1"/>
        <line num="344" count="0" type="stmt"/>
        <line num="345" count="0" type="stmt"/>
        <line num="346" count="0" type="stmt"/>
        <line num="347" count="0" type="stmt"/>
        <line num="352" count="2" type="stmt"/>
        <line num="359" count="31" type="stmt"/>
        <line num="360" count="2" type="stmt"/>
        <line num="361" count="2" type="stmt"/>
        <line num="362" count="8" type="stmt"/>
        <line num="363" count="8" type="stmt"/>
        <line num="364" count="52" type="stmt"/>
        <line num="365" count="52" type="stmt"/>
        <line num="366" count="70" type="stmt"/>
        <line num="370" count="2" type="stmt"/>
        <line num="376" count="31" type="stmt"/>
        <line num="377" count="1" type="stmt"/>
        <line num="380" count="68" type="stmt"/>
        <line num="387" count="44" type="cond" truecount="2" falsecount="0"/>
        <line num="403" count="37" type="stmt"/>
        <line num="404" count="16" type="cond" truecount="2" falsecount="0"/>
        <line num="409" count="0" type="stmt"/>
        <line num="419" count="338" type="stmt"/>
        <line num="434" count="31" type="stmt"/>
        <line num="441" count="31" type="cond" truecount="2" falsecount="0"/>
        <line num="442" count="13" type="stmt"/>
        <line num="445" count="2" type="stmt"/>
        <line num="448" count="1" type="stmt"/>
        <line num="451" count="1" type="stmt"/>
        <line num="455" count="0" type="cond" truecount="0" falsecount="2"/>
        <line num="467" count="18" type="stmt"/>
      </file>
      <file name="EntityDetectionTab.tsx" path="/codebuild/output/src2267051327/src/source/ui/src/components/EntityDetectionTab.tsx">
        <metrics statements="45" coveredstatements="37" conditionals="20" coveredconditionals="14" methods="9" coveredmethods="8"/>
        <line num="53" count="27" type="stmt"/>
        <line num="55" count="25" type="stmt"/>
        <line num="57" count="1" type="stmt"/>
        <line num="58" count="2" type="cond" truecount="2" falsecount="2"/>
        <line num="59" count="0" type="stmt"/>
        <line num="62" count="2" type="cond" truecount="1" falsecount="1"/>
        <line num="65" count="4" type="cond" truecount="2" falsecount="0"/>
        <line num="66" count="1" type="stmt"/>
        <line num="69" count="0" type="stmt"/>
        <line num="72" count="2" type="stmt"/>
        <line num="78" count="25" type="stmt"/>
        <line num="79" count="0" type="stmt"/>
        <line num="80" count="0" type="stmt"/>
        <line num="81" count="0" type="stmt"/>
        <line num="83" count="0" type="stmt"/>
        <line num="86" count="25" type="stmt"/>
        <line num="88" count="1" type="stmt"/>
        <line num="89" count="1" type="cond" truecount="1" falsecount="1"/>
        <line num="90" count="1" type="stmt"/>
        <line num="91" count="2" type="stmt"/>
        <line num="94" count="1" type="stmt"/>
        <line num="99" count="25" type="stmt"/>
        <line num="101" count="1" type="stmt"/>
        <line num="102" count="1" type="stmt"/>
        <line num="103" count="1" type="cond" truecount="1" falsecount="1"/>
        <line num="104" count="1" type="stmt"/>
        <line num="105" count="1" type="stmt"/>
        <line num="109" count="1" type="stmt"/>
        <line num="114" count="25" type="stmt"/>
        <line num="115" count="17" type="stmt"/>
        <line num="116" count="17" type="stmt"/>
        <line num="117" count="51" type="cond" truecount="4" falsecount="0"/>
        <line num="118" count="1" type="stmt"/>
        <line num="119" count="1" type="stmt"/>
        <line num="120" count="1" type="stmt"/>
        <line num="121" count="2" type="cond" truecount="3" falsecount="1"/>
        <line num="123" count="0" type="stmt"/>
        <line num="124" count="0" type="stmt"/>
        <line num="126" count="1" type="stmt"/>
        <line num="127" count="1" type="stmt"/>
        <line num="130" count="1" type="stmt"/>
        <line num="131" count="1" type="stmt"/>
        <line num="137" count="17" type="stmt"/>
        <line num="149" count="25" type="stmt"/>
        <line num="156" count="25" type="stmt"/>
      </file>
      <file name="KeyValueList.tsx" path="/codebuild/output/src2267051327/src/source/ui/src/components/KeyValueList.tsx">
        <metrics statements="28" coveredstatements="27" conditionals="19" coveredconditionals="15" methods="6" coveredmethods="6"/>
        <line num="28" count="10" type="stmt"/>
        <line num="30" count="10" type="stmt"/>
        <line num="31" count="9" type="cond" truecount="2" falsecount="0"/>
        <line num="32" count="2" type="stmt"/>
        <line num="33" count="2" type="cond" truecount="1" falsecount="1"/>
        <line num="37" count="10" type="stmt"/>
        <line num="40" count="10" type="cond" truecount="4" falsecount="0"/>
        <line num="41" count="1" type="stmt"/>
        <line num="44" count="9" type="cond" truecount="2" falsecount="0"/>
        <line num="45" count="4" type="stmt"/>
        <line num="46" count="4" type="stmt"/>
        <line num="54" count="8" type="stmt"/>
        <line num="64" count="8" type="stmt"/>
        <line num="73" count="1" type="stmt"/>
        <line num="89" count="5" type="stmt"/>
        <line num="93" count="7" type="stmt"/>
        <line num="94" count="4" type="stmt"/>
        <line num="95" count="4" type="stmt"/>
        <line num="96" count="4" type="stmt"/>
        <line num="97" count="4" type="stmt"/>
        <line num="98" count="8" type="cond" truecount="1" falsecount="1"/>
        <line num="99" count="8" type="cond" truecount="2" falsecount="0"/>
        <line num="100" count="4" type="stmt"/>
        <line num="102" count="8" type="stmt"/>
        <line num="103" count="8" type="stmt"/>
        <line num="105" count="0" type="stmt"/>
        <line num="108" count="4" type="stmt"/>
        <line num="109" count="4" type="stmt"/>
      </file>
      <file name="TextractTab.tsx" path="/codebuild/output/src2267051327/src/source/ui/src/components/TextractTab.tsx">
        <metrics statements="15" coveredstatements="15" conditionals="18" coveredconditionals="18" methods="9" coveredmethods="9"/>
        <line num="40" count="10" type="stmt"/>
        <line num="41" count="9" type="stmt"/>
        <line num="42" count="9" type="cond" truecount="2" falsecount="0"/>
        <line num="43" count="7" type="stmt"/>
        <line num="45" count="9" type="stmt"/>
        <line num="51" count="9" type="stmt"/>
        <line num="52" count="9" type="stmt"/>
        <line num="53" count="9" type="cond" truecount="2" falsecount="0"/>
        <line num="54" count="7" type="stmt"/>
        <line num="56" count="9" type="stmt"/>
        <line num="57" count="1" type="stmt"/>
        <line num="61" count="9" type="stmt"/>
        <line num="62" count="9" type="cond" truecount="2" falsecount="0"/>
        <line num="63" count="2" type="stmt"/>
        <line num="67" count="9" type="stmt"/>
      </file>
      <file name="UploadDocumentView.tsx" path="/codebuild/output/src2267051327/src/source/ui/src/components/UploadDocumentView.tsx">
        <metrics statements="130" coveredstatements="103" conditionals="67" coveredconditionals="39" methods="29" coveredmethods="22"/>
        <line num="74" count="23" type="stmt"/>
        <line num="75" count="23" type="stmt"/>
        <line num="77" count="23" type="stmt"/>
        <line num="78" count="24" type="cond" truecount="1" falsecount="1"/>
        <line num="79" count="23" type="stmt"/>
        <line num="80" count="40" type="stmt"/>
        <line num="86" count="40" type="stmt"/>
        <line num="89" count="23" type="stmt"/>
        <line num="90" count="38" type="stmt"/>
        <line num="101" count="23" type="stmt"/>
        <line num="104" count="22" type="cond" truecount="2" falsecount="0"/>
        <line num="105" count="19" type="stmt"/>
        <line num="108" count="22" type="stmt"/>
        <line num="109" count="22" type="stmt"/>
        <line num="110" count="22" type="stmt"/>
        <line num="114" count="22" type="stmt"/>
        <line num="115" count="22" type="stmt"/>
        <line num="116" count="22" type="stmt"/>
        <line num="117" count="22" type="stmt"/>
        <line num="118" count="22" type="stmt"/>
        <line num="119" count="22" type="stmt"/>
        <line num="120" count="22" type="stmt"/>
        <line num="121" count="22" type="stmt"/>
        <line num="122" count="22" type="stmt"/>
        <line num="123" count="22" type="stmt"/>
        <line num="124" count="22" type="stmt"/>
        <line num="125" count="22" type="stmt"/>
        <line num="127" count="22" type="stmt"/>
        <line num="128" count="22" type="stmt"/>
        <line num="130" count="22" type="stmt"/>
        <line num="131" count="8" type="stmt"/>
        <line num="133" count="8" type="stmt"/>
        <line num="134" count="3" type="cond" truecount="1" falsecount="1"/>
        <line num="135" count="0" type="stmt"/>
        <line num="138" count="8" type="stmt"/>
        <line num="141" count="22" type="stmt"/>
        <line num="142" count="7" type="stmt"/>
        <line num="143" count="1" type="stmt"/>
        <line num="144" count="1" type="stmt"/>
        <line num="149" count="1" type="stmt"/>
        <line num="150" count="1" type="stmt"/>
        <line num="152" count="7" type="cond" truecount="4" falsecount="0"/>
        <line num="153" count="1" type="stmt"/>
        <line num="154" count="1" type="stmt"/>
        <line num="155" count="1" type="stmt"/>
        <line num="159" count="22" type="stmt"/>
        <line num="160" count="3" type="stmt"/>
        <line num="161" count="3" type="cond" truecount="1" falsecount="1"/>
        <line num="162" count="0" type="cond" truecount="0" falsecount="4"/>
        <line num="163" count="0" type="stmt"/>
        <line num="167" count="0" type="stmt"/>
        <line num="169" count="3" type="cond" truecount="1" falsecount="1"/>
        <line num="170" count="3" type="cond" truecount="1" falsecount="1"/>
        <line num="171" count="3" type="stmt"/>
        <line num="172" count="3" type="stmt"/>
        <line num="173" count="3" type="cond" truecount="2" falsecount="0"/>
        <line num="174" count="1" type="stmt"/>
        <line num="179" count="3" type="stmt"/>
        <line num="183" count="22" type="stmt"/>
        <line num="189" count="0" type="stmt"/>
        <line num="190" count="0" type="stmt"/>
        <line num="191" count="0" type="stmt"/>
        <line num="193" count="0" type="stmt"/>
        <line num="194" count="0" type="stmt"/>
        <line num="198" count="0" type="stmt"/>
        <line num="199" count="0" type="cond" truecount="0" falsecount="4"/>
        <line num="200" count="0" type="stmt"/>
        <line num="202" count="0" type="stmt"/>
        <line num="204" count="0" type="cond" truecount="0" falsecount="2"/>
        <line num="205" count="0" type="stmt"/>
        <line num="209" count="22" type="cond" truecount="0" falsecount="1"/>
        <line num="210" count="3" type="stmt"/>
        <line num="211" count="3" type="stmt"/>
        <line num="212" count="3" type="stmt"/>
        <line num="218" count="3" type="stmt"/>
        <line num="220" count="0" type="stmt"/>
        <line num="224" count="22" type="stmt"/>
        <line num="225" count="3" type="stmt"/>
        <line num="226" count="3" type="stmt"/>
        <line num="227" count="3" type="stmt"/>
        <line num="228" count="3" type="stmt"/>
        <line num="229" count="3" type="stmt"/>
        <line num="230" count="3" type="stmt"/>
        <line num="232" count="3" type="stmt"/>
        <line num="233" count="3" type="stmt"/>
        <line num="234" count="3" type="stmt"/>
        <line num="235" count="3" type="stmt"/>
        <line num="244" count="3" type="stmt"/>
        <line num="247" count="3" type="stmt"/>
        <line num="248" count="3" type="stmt"/>
        <line num="249" count="3" type="cond" truecount="1" falsecount="1"/>
        <line num="250" count="3" type="cond" truecount="1" falsecount="1"/>
        <line num="251" count="3" type="stmt"/>
        <line num="252" count="3" type="stmt"/>
        <line num="253" count="3" type="stmt"/>
        <line num="255" count="0" type="stmt"/>
        <line num="260" count="3" type="stmt"/>
        <line num="261" count="3" type="stmt"/>
        <line num="264" count="22" type="stmt"/>
        <line num="265" count="22" type="cond" truecount="4" falsecount="0"/>
        <line num="266" count="19" type="stmt"/>
        <line num="271" count="3" type="stmt"/>
        <line num="274" count="22" type="stmt"/>
        <line num="275" count="3" type="stmt"/>
        <line num="276" count="3" type="cond" truecount="1" falsecount="1"/>
        <line num="277" count="3" type="stmt"/>
        <line num="278" count="0" type="cond" truecount="0" falsecount="2"/>
        <line num="279" count="0" type="stmt"/>
        <line num="281" count="0" type="stmt"/>
        <line num="283" count="3" type="stmt"/>
        <line num="286" count="22" type="stmt"/>
        <line num="287" count="22" type="cond" truecount="4" falsecount="0"/>
        <line num="288" count="19" type="stmt"/>
        <line num="294" count="3" type="stmt"/>
        <line num="297" count="22" type="stmt"/>
        <line num="298" count="8" type="cond" truecount="3" falsecount="1"/>
        <line num="299" count="0" type="stmt"/>
        <line num="300" count="0" type="stmt"/>
        <line num="301" count="8" type="cond" truecount="2" falsecount="2"/>
        <line num="302" count="0" type="stmt"/>
        <line num="303" count="0" type="stmt"/>
        <line num="304" count="8" type="cond" truecount="2" falsecount="3"/>
        <line num="305" count="0" type="stmt"/>
        <line num="309" count="22" type="stmt"/>
        <line num="322" count="3" type="stmt"/>
        <line num="340" count="3" type="stmt"/>
        <line num="345" count="0" type="stmt"/>
        <line num="361" count="0" type="stmt"/>
        <line num="380" count="3" type="stmt"/>
        <line num="397" count="4" type="stmt"/>
      </file>
      <file name="entityUtils.ts" path="/codebuild/output/src2267051327/src/source/ui/src/components/entityUtils.ts">
        <metrics statements="7" coveredstatements="7" conditionals="3" coveredconditionals="3" methods="1" coveredmethods="1"/>
        <line num="26" count="27" type="cond" truecount="3" falsecount="0"/>
        <line num="28" count="25" type="stmt"/>
        <line num="29" count="25" type="stmt"/>
        <line num="32" count="1" type="stmt"/>
        <line num="33" count="1" type="stmt"/>
        <line num="36" count="1" type="stmt"/>
        <line num="39" count="27" type="stmt"/>
      </file>
      <file name="makeData.ts" path="/codebuild/output/src2267051327/src/source/ui/src/components/makeData.ts">
        <metrics statements="14" coveredstatements="14" conditionals="6" coveredconditionals="6" methods="1" coveredmethods="1"/>
        <line num="18" count="13" type="stmt"/>
        <line num="54" count="10" type="stmt"/>
        <line num="55" count="10" type="stmt"/>
        <line num="58" count="10" type="stmt"/>
        <line num="59" count="39" type="cond" truecount="2" falsecount="0"/>
        <line num="60" count="11" type="stmt"/>
        <line num="65" count="10" type="stmt"/>
        <line num="66" count="39" type="stmt"/>
        <line num="67" count="39" type="cond" truecount="2" falsecount="0"/>
        <line num="68" count="11" type="stmt"/>
        <line num="76" count="39" type="cond" truecount="2" falsecount="0"/>
        <line num="77" count="28" type="stmt"/>
        <line num="86" count="11" type="stmt"/>
        <line num="89" count="10" type="stmt"/>
      </file>
    </package>
    <package name="components.CreateCaseView">
      <metrics statements="37" coveredstatements="32" conditionals="10" coveredconditionals="8" methods="11" coveredmethods="9"/>
      <file name="CreateCaseView.tsx" path="/codebuild/output/src2267051327/src/source/ui/src/components/CreateCaseView/CreateCaseView.tsx">
        <metrics statements="21" coveredstatements="18" conditionals="3" coveredconditionals="2" methods="4" coveredmethods="3"/>
        <line num="25" count="8" type="stmt"/>
        <line num="26" count="8" type="stmt"/>
        <line num="27" count="8" type="stmt"/>
        <line num="29" count="8" type="cond" truecount="0" falsecount="1"/>
        <line num="30" count="1" type="stmt"/>
        <line num="31" count="1" type="stmt"/>
        <line num="32" count="1" type="stmt"/>
        <line num="33" count="1" type="stmt"/>
        <line num="39" count="1" type="stmt"/>
        <line num="40" count="1" type="stmt"/>
        <line num="41" count="0" type="stmt"/>
        <line num="43" count="1" type="stmt"/>
        <line num="45" count="0" type="stmt"/>
        <line num="46" count="0" type="stmt"/>
        <line num="50" count="8" type="stmt"/>
        <line num="51" count="2" type="cond" truecount="2" falsecount="0"/>
        <line num="52" count="1" type="stmt"/>
        <line num="60" count="1" type="stmt"/>
        <line num="61" count="1" type="stmt"/>
        <line num="62" count="1" type="stmt"/>
        <line num="66" count="8" type="stmt"/>
      </file>
      <file name="form-content.jsx" path="/codebuild/output/src2267051327/src/source/ui/src/components/CreateCaseView/form-content.jsx">
        <metrics statements="16" coveredstatements="14" conditionals="7" coveredconditionals="6" methods="7" coveredmethods="6"/>
        <line num="27" count="7" type="stmt"/>
        <line num="31" count="9" type="stmt"/>
        <line num="32" count="9" type="cond" truecount="2" falsecount="0"/>
        <line num="33" count="1" type="stmt"/>
        <line num="34" count="8" type="cond" truecount="1" falsecount="1"/>
        <line num="35" count="0" type="stmt"/>
        <line num="36" count="8" type="cond" truecount="2" falsecount="0"/>
        <line num="37" count="1" type="stmt"/>
        <line num="39" count="9" type="stmt"/>
        <line num="40" count="2" type="stmt"/>
        <line num="64" count="9" type="stmt"/>
        <line num="65" count="9" type="stmt"/>
        <line num="66" count="9" type="stmt"/>
        <line num="79" count="2" type="stmt"/>
        <line num="85" count="0" type="stmt"/>
        <line num="86" count="2" type="stmt"/>
      </file>
    </package>
    <package name="components.DocumentRenderer">
      <metrics statements="1" coveredstatements="1" conditionals="15" coveredconditionals="15" methods="1" coveredmethods="1"/>
      <file name="DocumentRenderer.tsx" path="/codebuild/output/src2267051327/src/source/ui/src/components/DocumentRenderer/DocumentRenderer.tsx">
        <metrics statements="1" coveredstatements="1" conditionals="15" coveredconditionals="15" methods="1" coveredmethods="1"/>
        <line num="32" count="43" type="stmt"/>
      </file>
    </package>
    <package name="components.DocumentTable">
      <metrics statements="114" coveredstatements="94" conditionals="36" coveredconditionals="24" methods="39" coveredmethods="29"/>
      <file name="DocumentTable.tsx" path="/codebuild/output/src2267051327/src/source/ui/src/components/DocumentTable/DocumentTable.tsx">
        <metrics statements="74" coveredstatements="61" conditionals="20" coveredconditionals="13" methods="20" coveredmethods="15"/>
        <line num="64" count="12" type="stmt"/>
        <line num="65" count="12" type="stmt"/>
        <line num="66" count="12" type="stmt"/>
        <line num="67" count="12" type="stmt"/>
        <line num="69" count="0" type="stmt"/>
        <line num="74" count="0" type="stmt"/>
        <line num="75" count="0" type="stmt"/>
        <line num="76" count="0" type="stmt"/>
        <line num="77" count="0" type="stmt"/>
        <line num="79" count="0" type="stmt"/>
        <line num="84" count="33" type="stmt"/>
        <line num="85" count="33" type="stmt"/>
        <line num="86" count="33" type="stmt"/>
        <line num="87" count="33" type="stmt"/>
        <line num="89" count="33" type="stmt"/>
        <line num="90" count="9" type="stmt"/>
        <line num="91" count="9" type="stmt"/>
        <line num="92" count="9" type="stmt"/>
        <line num="93" count="9" type="stmt"/>
        <line num="98" count="9" type="stmt"/>
        <line num="99" count="9" type="stmt"/>
        <line num="100" count="9" type="stmt"/>
        <line num="101" count="9" type="stmt"/>
        <line num="103" count="0" type="stmt"/>
        <line num="104" count="0" type="stmt"/>
        <line num="108" count="33" type="stmt"/>
        <line num="109" count="8" type="stmt"/>
        <line num="112" count="33" type="stmt"/>
        <line num="113" count="1" type="stmt"/>
        <line num="114" count="1" type="cond" truecount="1" falsecount="1"/>
        <line num="115" count="0" type="stmt"/>
        <line num="117" count="1" type="stmt"/>
        <line num="120" count="33" type="stmt"/>
        <line num="121" count="27" type="stmt"/>
        <line num="122" count="1" type="stmt"/>
        <line num="128" count="33" type="stmt"/>
        <line num="129" count="33" type="cond" truecount="2" falsecount="0"/>
        <line num="130" count="27" type="stmt"/>
        <line num="132" count="6" type="stmt"/>
        <line num="133" count="6" type="stmt"/>
        <line num="137" count="27" type="stmt"/>
        <line num="142" count="27" type="stmt"/>
        <line num="147" count="27" type="stmt"/>
        <line num="152" count="27" type="stmt"/>
        <line num="156" count="6" type="stmt"/>
        <line num="171" count="1" type="stmt"/>
        <line num="212" count="33" type="stmt"/>
        <line num="213" count="33" type="stmt"/>
        <line num="215" count="0" type="stmt"/>
        <line num="216" count="0" type="stmt"/>
        <line num="228" count="33" type="stmt"/>
        <line num="229" count="32" type="cond" truecount="2" falsecount="0"/>
        <line num="230" count="6" type="stmt"/>
        <line num="231" count="6" type="stmt"/>
        <line num="235" count="33" type="stmt"/>
        <line num="236" count="33" type="stmt"/>
        <line num="240" count="33" type="stmt"/>
        <line num="242" count="1" type="stmt"/>
        <line num="244" count="1" type="stmt"/>
        <line num="245" count="1" type="stmt"/>
        <line num="246" count="1" type="stmt"/>
        <line num="247" count="1" type="stmt"/>
        <line num="248" count="1" type="cond" truecount="1" falsecount="1"/>
        <line num="249" count="1" type="stmt"/>
        <line num="250" count="1" type="stmt"/>
        <line num="253" count="1" type="stmt"/>
        <line num="254" count="1" type="stmt"/>
        <line num="255" count="1" type="stmt"/>
        <line num="256" count="1" type="stmt"/>
        <line num="257" count="1" type="stmt"/>
        <line num="262" count="33" type="cond" truecount="2" falsecount="0"/>
        <line num="274" count="0" type="stmt"/>
        <line num="304" count="33" type="stmt"/>
        <line num="311" count="0" type="stmt"/>
      </file>
      <file name="common-components.jsx" path="/codebuild/output/src2267051327/src/source/ui/src/components/DocumentTable/common-components.jsx">
        <metrics statements="4" coveredstatements="2" conditionals="0" coveredconditionals="0" methods="2" coveredmethods="0"/>
        <line num="15" count="11" type="stmt"/>
        <line num="16" count="0" type="stmt"/>
        <line num="29" count="11" type="stmt"/>
        <line num="30" count="0" type="stmt"/>
      </file>
      <file name="full-page-header.tsx" path="/codebuild/output/src2267051327/src/source/ui/src/components/DocumentTable/full-page-header.tsx">
        <metrics statements="5" coveredstatements="5" conditionals="9" coveredconditionals="7" methods="4" coveredmethods="4"/>
        <line num="46" count="15" type="stmt"/>
        <line num="48" count="15" type="stmt"/>
        <line num="60" count="1" type="stmt"/>
        <line num="64" count="1" type="stmt"/>
        <line num="83" count="14" type="stmt"/>
      </file>
      <file name="info-link.tsx" path="/codebuild/output/src2267051327/src/source/ui/src/components/DocumentTable/info-link.tsx">
        <metrics statements="2" coveredstatements="2" conditionals="0" coveredconditionals="0" methods="1" coveredmethods="1"/>
        <line num="21" count="12" type="stmt"/>
        <line num="22" count="29" type="stmt"/>
      </file>
      <file name="interfaces.ts" path="/codebuild/output/src2267051327/src/source/ui/src/components/DocumentTable/interfaces.ts">
        <metrics statements="0" coveredstatements="0" conditionals="0" coveredconditionals="0" methods="0" coveredmethods="0"/>
      </file>
      <file name="table-config.jsx" path="/codebuild/output/src2267051327/src/source/ui/src/components/DocumentTable/table-config.jsx">
        <metrics statements="14" coveredstatements="13" conditionals="1" coveredconditionals="0" methods="8" coveredmethods="7"/>
        <line num="17" count="11" type="stmt"/>
        <line num="18" count="15" type="stmt"/>
        <line num="37" count="11" type="stmt"/>
        <line num="44" count="11" type="stmt"/>
        <line num="48" count="26" type="stmt"/>
        <line num="53" count="26" type="stmt"/>
        <line num="58" count="26" type="stmt"/>
        <line num="63" count="26" type="stmt"/>
        <line num="69" count="26" type="stmt"/>
        <line num="79" count="11" type="stmt"/>
        <line num="87" count="11" type="stmt"/>
        <line num="93" count="11" type="cond" truecount="0" falsecount="1"/>
        <line num="94" count="15" type="stmt"/>
        <line num="100" count="0" type="stmt"/>
      </file>
      <file name="use-collection.ts" path="/codebuild/output/src2267051327/src/source/ui/src/components/DocumentTable/use-collection.ts">
        <metrics statements="0" coveredstatements="0" conditionals="0" coveredconditionals="0" methods="0" coveredmethods="0"/>
      </file>
      <file name="utils.jsx" path="/codebuild/output/src2267051327/src/source/ui/src/components/DocumentTable/utils.jsx">
        <metrics statements="15" coveredstatements="11" conditionals="6" coveredconditionals="4" methods="4" coveredmethods="2"/>
        <line num="16" count="11" type="stmt"/>
        <line num="21" count="11" type="stmt"/>
        <line num="22" count="33" type="stmt"/>
        <line num="23" count="33" type="stmt"/>
        <line num="24" count="33" type="stmt"/>
        <line num="26" count="33" type="stmt"/>
        <line num="27" count="0" type="stmt"/>
        <line num="30" count="33" type="stmt"/>
        <line num="31" count="0" type="stmt"/>
        <line num="33" count="0" type="cond" truecount="0" falsecount="2"/>
        <line num="34" count="0" type="stmt"/>
        <line num="38" count="33" type="stmt"/>
        <line num="39" count="11" type="cond" truecount="4" falsecount="0"/>
        <line num="40" count="3" type="stmt"/>
        <line num="44" count="33" type="stmt"/>
      </file>
    </package>
    <package name="components.DocumentTable.i18n-strings">
      <metrics statements="5" coveredstatements="5" conditionals="2" coveredconditionals="2" methods="2" coveredmethods="2"/>
      <file name="app-layout.ts" path="/codebuild/output/src2267051327/src/source/ui/src/components/DocumentTable/i18n-strings/app-layout.ts">
        <metrics statements="1" coveredstatements="1" conditionals="0" coveredconditionals="0" methods="0" coveredmethods="0"/>
        <line num="15" count="11" type="stmt"/>
      </file>
      <file name="index.ts" path="/codebuild/output/src2267051327/src/source/ui/src/components/DocumentTable/i18n-strings/index.ts">
        <metrics statements="0" coveredstatements="0" conditionals="0" coveredconditionals="0" methods="0" coveredmethods="0"/>
      </file>
      <file name="pagination.ts" path="/codebuild/output/src2267051327/src/source/ui/src/components/DocumentTable/i18n-strings/pagination.ts">
        <metrics statements="2" coveredstatements="2" conditionals="0" coveredconditionals="0" methods="1" coveredmethods="1"/>
        <line num="15" count="11" type="stmt"/>
        <line num="18" count="30" type="stmt"/>
      </file>
      <file name="split-panel.ts" path="/codebuild/output/src2267051327/src/source/ui/src/components/DocumentTable/i18n-strings/split-panel.ts">
        <metrics statements="1" coveredstatements="1" conditionals="0" coveredconditionals="0" methods="0" coveredmethods="0"/>
        <line num="15" count="11" type="stmt"/>
      </file>
      <file name="text-filter.ts" path="/codebuild/output/src2267051327/src/source/ui/src/components/DocumentTable/i18n-strings/text-filter.ts">
        <metrics statements="1" coveredstatements="1" conditionals="2" coveredconditionals="2" methods="1" coveredmethods="1"/>
        <line num="4" count="15" type="cond" truecount="2" falsecount="0"/>
      </file>
    </package>
    <package name="components.DocumentView">
      <metrics statements="75" coveredstatements="61" conditionals="27" coveredconditionals="22" methods="12" coveredmethods="8"/>
      <file name="DocumentView.tsx" path="/codebuild/output/src2267051327/src/source/ui/src/components/DocumentView/DocumentView.tsx">
        <metrics statements="75" coveredstatements="61" conditionals="27" coveredconditionals="22" methods="12" coveredmethods="8"/>
        <line num="59" count="16" type="stmt"/>
        <line num="60" count="15" type="stmt"/>
        <line num="61" count="15" type="stmt"/>
        <line num="62" count="15" type="stmt"/>
        <line num="63" count="15" type="stmt"/>
        <line num="81" count="15" type="stmt"/>
        <line num="86" count="15" type="stmt"/>
        <line num="87" count="15" type="stmt"/>
        <line num="89" count="15" type="stmt"/>
        <line num="90" count="0" type="stmt"/>
        <line num="93" count="15" type="stmt"/>
        <line num="94" count="7" type="stmt"/>
        <line num="95" count="7" type="stmt"/>
        <line num="96" count="7" type="stmt"/>
        <line num="97" count="7" type="stmt"/>
        <line num="98" count="7" type="stmt"/>
        <line num="99" count="7" type="stmt"/>
        <line num="100" count="7" type="stmt"/>
        <line num="103" count="15" type="stmt"/>
        <line num="104" count="4" type="cond" truecount="2" falsecount="0"/>
        <line num="105" count="4" type="cond" truecount="2" falsecount="0"/>
        <line num="106" count="4" type="cond" truecount="2" falsecount="0"/>
        <line num="107" count="4" type="cond" truecount="2" falsecount="0"/>
        <line num="108" count="4" type="cond" truecount="2" falsecount="0"/>
        <line num="111" count="15" type="cond" truecount="1" falsecount="0"/>
        <line num="112" count="18" type="stmt"/>
        <line num="113" count="18" type="stmt"/>
        <line num="114" count="18" type="stmt"/>
        <line num="120" count="18" type="stmt"/>
        <line num="122" count="0" type="stmt"/>
        <line num="126" count="15" type="stmt"/>
        <line num="127" count="4" type="cond" truecount="1" falsecount="1"/>
        <line num="128" count="0" type="stmt"/>
        <line num="129" count="0" type="stmt"/>
        <line num="130" count="0" type="stmt"/>
        <line num="131" count="0" type="stmt"/>
        <line num="135" count="4" type="stmt"/>
        <line num="138" count="15" type="stmt"/>
        <line num="139" count="0" type="stmt"/>
        <line num="143" count="0" type="stmt"/>
        <line num="144" count="0" type="stmt"/>
        <line num="147" count="15" type="stmt"/>
        <line num="148" count="4" type="stmt"/>
        <line num="149" count="4" type="stmt"/>
        <line num="156" count="4" type="stmt"/>
        <line num="157" count="4" type="stmt"/>
        <line num="164" count="4" type="stmt"/>
        <line num="165" count="4" type="cond" truecount="3" falsecount="1"/>
        <line num="166" count="0" type="stmt"/>
        <line num="167" count="0" type="stmt"/>
        <line num="170" count="4" type="stmt"/>
        <line num="172" count="4" type="stmt"/>
        <line num="176" count="4" type="stmt"/>
        <line num="177" count="4" type="stmt"/>
        <line num="179" count="4" type="cond" truecount="1" falsecount="1"/>
        <line num="180" count="2" type="stmt"/>
        <line num="185" count="2" type="cond" truecount="1" falsecount="1"/>
        <line num="186" count="0" type="stmt"/>
        <line num="191" count="2" type="cond" truecount="2" falsecount="0"/>
        <line num="192" count="1" type="stmt"/>
        <line num="197" count="2" type="cond" truecount="2" falsecount="0"/>
        <line num="198" count="1" type="stmt"/>
        <line num="203" count="2" type="cond" truecount="1" falsecount="1"/>
        <line num="204" count="2" type="stmt"/>
        <line num="209" count="2" type="stmt"/>
        <line num="216" count="2" type="stmt"/>
        <line num="218" count="2" type="stmt"/>
        <line num="224" count="2" type="stmt"/>
        <line num="228" count="4" type="stmt"/>
        <line num="231" count="15" type="stmt"/>
        <line num="232" count="6" type="stmt"/>
        <line num="235" count="15" type="stmt"/>
        <line num="379" count="15" type="stmt"/>
        <line num="384" count="0" type="stmt"/>
        <line num="394" count="0" type="stmt"/>
      </file>
    </package>
    <package name="components.FileUpload">
      <metrics statements="89" coveredstatements="82" conditionals="83" coveredconditionals="69" methods="22" coveredmethods="20"/>
      <file name="FileUpload.tsx" path="/codebuild/output/src2267051327/src/source/ui/src/components/FileUpload/FileUpload.tsx">
        <metrics statements="31" coveredstatements="31" conditionals="37" coveredconditionals="31" methods="7" coveredmethods="7"/>
        <line num="28" count="4" type="stmt"/>
        <line num="51" count="31" type="stmt"/>
        <line num="53" count="31" type="cond" truecount="2" falsecount="0"/>
        <line num="55" count="31" type="stmt"/>
        <line num="57" count="6" type="stmt"/>
        <line num="58" count="6" type="cond" truecount="3" falsecount="1"/>
        <line num="59" count="6" type="cond" truecount="2" falsecount="0"/>
        <line num="60" count="3" type="cond" truecount="1" falsecount="1"/>
        <line num="62" count="3" type="stmt"/>
        <line num="64" count="6" type="cond" truecount="2" falsecount="0"/>
        <line num="66" count="6" type="cond" truecount="1" falsecount="1"/>
        <line num="67" count="6" type="stmt"/>
        <line num="73" count="31" type="stmt"/>
        <line num="75" count="1" type="stmt"/>
        <line num="76" count="1" type="stmt"/>
        <line num="77" count="1" type="cond" truecount="4" falsecount="1"/>
        <line num="78" count="3" type="cond" truecount="2" falsecount="0"/>
        <line num="79" count="1" type="stmt"/>
        <line num="81" count="1" type="cond" truecount="1" falsecount="1"/>
        <line num="82" count="1" type="stmt"/>
        <line num="88" count="31" type="stmt"/>
        <line num="89" count="15" type="stmt"/>
        <line num="92" count="31" type="stmt"/>
        <line num="93" count="31" type="cond" truecount="2" falsecount="0"/>
        <line num="94" count="3" type="stmt"/>
        <line num="97" count="28" type="cond" truecount="4" falsecount="0"/>
        <line num="98" count="1" type="stmt"/>
        <line num="112" count="27" type="cond" truecount="4" falsecount="0"/>
        <line num="113" count="21" type="stmt"/>
        <line num="136" count="31" type="stmt"/>
        <line num="168" count="4" type="stmt"/>
      </file>
      <file name="interfaces.ts" path="/codebuild/output/src2267051327/src/source/ui/src/components/FileUpload/interfaces.ts">
        <metrics statements="0" coveredstatements="0" conditionals="0" coveredconditionals="0" methods="0" coveredmethods="0"/>
      </file>
      <file name="internal.ts" path="/codebuild/output/src2267051327/src/source/ui/src/components/FileUpload/internal.ts">
        <metrics statements="58" coveredstatements="51" conditionals="46" coveredconditionals="38" methods="15" coveredmethods="13"/>
        <line num="17" count="7" type="stmt"/>
        <line num="18" count="44" type="cond" truecount="8" falsecount="0"/>
        <line num="21" count="8" type="stmt"/>
        <line num="24" count="10" type="stmt"/>
        <line num="27" count="1" type="stmt"/>
        <line num="31" count="1" type="stmt"/>
        <line num="34" count="1" type="stmt"/>
        <line num="37" count="1" type="stmt"/>
        <line num="42" count="22" type="stmt"/>
        <line num="47" count="7" type="stmt"/>
        <line num="56" count="58" type="stmt"/>
        <line num="57" count="58" type="cond" truecount="2" falsecount="0"/>
        <line num="58" count="51" type="stmt"/>
        <line num="60" count="58" type="stmt"/>
        <line num="64" count="15" type="cond" truecount="4" falsecount="0"/>
        <line num="68" count="19" type="cond" truecount="2" falsecount="0"/>
        <line num="72" count="44" type="cond" truecount="3" falsecount="1"/>
        <line num="73" count="0" type="stmt"/>
        <line num="75" count="44" type="stmt"/>
        <line num="76" count="44" type="stmt"/>
        <line num="80" count="14" type="stmt"/>
        <line num="84" count="21" type="cond" truecount="4" falsecount="0"/>
        <line num="85" count="14" type="stmt"/>
        <line num="87" count="7" type="cond" truecount="2" falsecount="0"/>
        <line num="88" count="7" type="cond" truecount="3" falsecount="1"/>
        <line num="89" count="0" type="stmt"/>
        <line num="91" count="7" type="stmt"/>
        <line num="95" count="7" type="stmt"/>
        <line num="96" count="7" type="cond" truecount="2" falsecount="2"/>
        <line num="97" count="0" type="stmt"/>
        <line num="99" count="7" type="stmt"/>
        <line num="103" count="14" type="stmt"/>
        <line num="104" count="14" type="stmt"/>
        <line num="105" count="14" type="cond" truecount="2" falsecount="0"/>
        <line num="106" count="7" type="stmt"/>
        <line num="109" count="7" type="cond" truecount="1" falsecount="1"/>
        <line num="110" count="7" type="cond" truecount="1" falsecount="1"/>
        <line num="111" count="7" type="stmt"/>
        <line num="113" count="7" type="cond" truecount="1" falsecount="1"/>
        <line num="114" count="0" type="stmt"/>
        <line num="116" count="7" type="stmt"/>
        <line num="120" count="14" type="cond" truecount="3" falsecount="1"/>
        <line num="121" count="0" type="stmt"/>
        <line num="123" count="14" type="stmt"/>
        <line num="124" count="14" type="stmt"/>
        <line num="125" count="14" type="stmt"/>
        <line num="130" count="14" type="stmt"/>
        <line num="136" count="14" type="stmt"/>
        <line num="141" count="9" type="stmt"/>
        <line num="142" count="9" type="stmt"/>
        <line num="143" count="9" type="stmt"/>
        <line num="145" count="9" type="stmt"/>
        <line num="148" count="0" type="stmt"/>
        <line num="151" count="0" type="stmt"/>
        <line num="155" count="7" type="stmt"/>
        <line num="156" count="7" type="stmt"/>
        <line num="158" count="7" type="stmt"/>
        <line num="159" count="2" type="stmt"/>
      </file>
    </package>
    <package name="components.FileUpload.SelectedFile">
      <metrics statements="23" coveredstatements="21" conditionals="36" coveredconditionals="31" methods="8" coveredmethods="7"/>
      <file name="SelectedFile.tsx" path="/codebuild/output/src2267051327/src/source/ui/src/components/FileUpload/SelectedFile/SelectedFile.tsx">
        <metrics statements="23" coveredstatements="21" conditionals="36" coveredconditionals="31" methods="8" coveredmethods="7"/>
        <line num="20" count="6" type="stmt"/>
        <line num="30" count="35" type="stmt"/>
        <line num="31" count="35" type="stmt"/>
        <line num="32" count="35" type="stmt"/>
        <line num="34" count="35" type="stmt"/>
        <line num="35" count="35" type="stmt"/>
        <line num="36" count="3" type="cond" truecount="1" falsecount="1"/>
        <line num="37" count="3" type="stmt"/>
        <line num="41" count="35" type="stmt"/>
        <line num="47" count="35" type="stmt"/>
        <line num="48" count="1" type="stmt"/>
        <line num="49" count="1" type="stmt"/>
        <line num="52" count="35" type="stmt"/>
        <line num="53" count="19" type="cond" truecount="5" falsecount="0"/>
        <line num="54" count="2" type="stmt"/>
        <line num="55" count="2" type="stmt"/>
        <line num="56" count="0" type="cond" truecount="0" falsecount="4"/>
        <line num="57" count="0" type="stmt"/>
        <line num="60" count="2" type="stmt"/>
        <line num="64" count="35" type="stmt"/>
        <line num="65" count="19" type="stmt"/>
        <line num="72" count="35" type="stmt"/>
        <line num="149" count="1" type="stmt"/>
      </file>
    </package>
    <package name="components.FileUpload.SelectedFileList">
      <metrics statements="6" coveredstatements="6" conditionals="2" coveredconditionals="2" methods="4" coveredmethods="4"/>
      <file name="SelectedFileList.tsx" path="/codebuild/output/src2267051327/src/source/ui/src/components/FileUpload/SelectedFileList/SelectedFileList.tsx">
        <metrics statements="6" coveredstatements="6" conditionals="2" coveredconditionals="2" methods="4" coveredmethods="4"/>
        <line num="30" count="5" type="stmt"/>
        <line num="39" count="23" type="stmt"/>
        <line num="40" count="23" type="cond" truecount="2" falsecount="0"/>
        <line num="42" count="23" type="stmt"/>
        <line num="43" count="19" type="stmt"/>
        <line num="100" count="23" type="stmt"/>
      </file>
    </package>
    <package name="components.Pdf">
      <metrics statements="27" coveredstatements="26" conditionals="18" coveredconditionals="14" methods="11" coveredmethods="11"/>
      <file name="Pdf.tsx" path="/codebuild/output/src2267051327/src/source/ui/src/components/Pdf/Pdf.tsx">
        <metrics statements="27" coveredstatements="26" conditionals="18" coveredconditionals="14" methods="11" coveredmethods="11"/>
        <line num="32" count="45" type="stmt"/>
        <line num="33" count="45" type="stmt"/>
        <line num="34" count="39" type="stmt"/>
        <line num="35" count="39" type="stmt"/>
        <line num="36" count="39" type="stmt"/>
        <line num="39" count="8" type="stmt"/>
        <line num="40" count="8" type="stmt"/>
        <line num="44" count="15" type="cond" truecount="1" falsecount="1"/>
        <line num="45" count="15" type="stmt"/>
        <line num="46" count="15" type="stmt"/>
        <line num="47" count="15" type="stmt"/>
        <line num="49" count="0" type="stmt"/>
        <line num="54" count="39" type="stmt"/>
        <line num="65" count="39" type="stmt"/>
        <line num="82" count="31" type="stmt"/>
        <line num="85" count="2" type="stmt"/>
        <line num="100" count="11" type="stmt"/>
        <line num="104" count="14" type="cond" truecount="2" falsecount="0"/>
        <line num="105" count="14" type="stmt"/>
        <line num="111" count="12" type="stmt"/>
        <line num="125" count="4" type="stmt"/>
        <line num="132" count="11" type="stmt"/>
        <line num="140" count="4" type="stmt"/>
        <line num="141" count="4" type="stmt"/>
        <line num="154" count="6" type="stmt"/>
        <line num="156" count="6" type="stmt"/>
        <line num="157" count="6" type="stmt"/>
      </file>
    </package>
    <package name="components.RawTextLines">
      <metrics statements="28" coveredstatements="28" conditionals="14" coveredconditionals="13" methods="6" coveredmethods="6"/>
      <file name="RawTextLines.tsx" path="/codebuild/output/src2267051327/src/source/ui/src/components/RawTextLines/RawTextLines.tsx">
        <metrics statements="28" coveredstatements="28" conditionals="14" coveredconditionals="13" methods="6" coveredmethods="6"/>
        <line num="29" count="13" type="stmt"/>
        <line num="31" count="13" type="stmt"/>
        <line num="32" count="12" type="cond" truecount="2" falsecount="0"/>
        <line num="33" count="2" type="stmt"/>
        <line num="34" count="2" type="cond" truecount="1" falsecount="1"/>
        <line num="38" count="13" type="stmt"/>
        <line num="41" count="13" type="cond" truecount="4" falsecount="0"/>
        <line num="42" count="2" type="stmt"/>
        <line num="45" count="11" type="cond" truecount="2" falsecount="0"/>
        <line num="46" count="4" type="stmt"/>
        <line num="47" count="4" type="stmt"/>
        <line num="56" count="7" type="stmt"/>
        <line num="60" count="8" type="stmt"/>
        <line num="63" count="1" type="stmt"/>
        <line num="79" count="7" type="stmt"/>
        <line num="83" count="7" type="stmt"/>
        <line num="84" count="4" type="stmt"/>
        <line num="85" count="4" type="stmt"/>
        <line num="86" count="4" type="stmt"/>
        <line num="87" count="4" type="stmt"/>
        <line num="88" count="8" type="cond" truecount="2" falsecount="0"/>
        <line num="89" count="7" type="cond" truecount="2" falsecount="0"/>
        <line num="90" count="3" type="stmt"/>
        <line num="92" count="7" type="stmt"/>
        <line num="93" count="7" type="stmt"/>
        <line num="95" count="1" type="stmt"/>
        <line num="98" count="4" type="stmt"/>
        <line num="99" count="4" type="stmt"/>
      </file>
    </package>
    <package name="components.SearchView">
      <metrics statements="174" coveredstatements="133" conditionals="113" coveredconditionals="74" methods="56" coveredmethods="43"/>
      <file name="KendraDocumentResults.tsx" path="/codebuild/output/src2267051327/src/source/ui/src/components/SearchView/KendraDocumentResults.tsx">
        <metrics statements="6" coveredstatements="6" conditionals="0" coveredconditionals="0" methods="5" coveredmethods="5"/>
        <line num="27" count="5" type="stmt"/>
        <line num="29" count="5" type="stmt"/>
        <line num="31" count="10" type="stmt"/>
        <line num="32" count="15" type="stmt"/>
        <line num="34" count="10" type="stmt"/>
        <line num="54" count="5" type="stmt"/>
      </file>
      <file name="KendraHighlightedText.tsx" path="/codebuild/output/src2267051327/src/source/ui/src/components/SearchView/KendraHighlightedText.tsx">
        <metrics statements="20" coveredstatements="19" conditionals="16" coveredconditionals="13" methods="4" coveredmethods="4"/>
        <line num="17" count="10" type="cond" truecount="1" falsecount="1"/>
        <line num="18" count="0" type="stmt"/>
        <line num="21" count="10" type="stmt"/>
        <line num="22" count="10" type="stmt"/>
        <line num="23" count="10" type="stmt"/>
        <line num="24" count="18" type="stmt"/>
        <line num="25" count="18" type="cond" truecount="2" falsecount="0"/>
        <line num="27" count="1" type="stmt"/>
        <line num="28" count="1" type="cond" truecount="2" falsecount="0"/>
        <line num="31" count="17" type="stmt"/>
        <line num="32" count="17" type="stmt"/>
        <line num="36" count="10" type="stmt"/>
        <line num="40" count="24" type="cond" truecount="1" falsecount="1"/>
        <line num="42" count="24" type="stmt"/>
        <line num="44" count="24" type="cond" truecount="4" falsecount="0"/>
        <line num="45" count="14" type="stmt"/>
        <line num="48" count="18" type="stmt"/>
        <line num="49" count="10" type="stmt"/>
        <line num="51" count="10" type="stmt"/>
        <line num="54" count="27" type="stmt"/>
      </file>
      <file name="KendraResultPage.tsx" path="/codebuild/output/src2267051327/src/source/ui/src/components/SearchView/KendraResultPage.tsx">
        <metrics statements="3" coveredstatements="3" conditionals="2" coveredconditionals="2" methods="5" coveredmethods="5"/>
        <line num="29" count="8" type="stmt"/>
        <line num="30" count="8" type="stmt"/>
        <line num="32" count="4" type="stmt"/>
      </file>
      <file name="KendraResultTitle.tsx" path="/codebuild/output/src2267051327/src/source/ui/src/components/SearchView/KendraResultTitle.tsx">
        <metrics statements="26" coveredstatements="26" conditionals="20" coveredconditionals="19" methods="5" coveredmethods="5"/>
        <line num="28" count="17" type="stmt"/>
        <line num="30" count="17" type="cond" truecount="4" falsecount="0"/>
        <line num="31" count="7" type="stmt"/>
        <line num="33" count="17" type="cond" truecount="4" falsecount="0"/>
        <line num="34" count="3" type="stmt"/>
        <line num="35" count="14" type="cond" truecount="4" falsecount="0"/>
        <line num="36" count="7" type="stmt"/>
        <line num="40" count="7" type="stmt"/>
        <line num="41" count="7" type="cond" truecount="2" falsecount="0"/>
        <line num="42" count="1" type="stmt"/>
        <line num="45" count="17" type="stmt"/>
        <line num="46" count="1" type="cond" truecount="1" falsecount="1"/>
        <line num="47" count="1" type="stmt"/>
        <line num="48" count="1" type="stmt"/>
        <line num="49" count="1" type="stmt"/>
        <line num="50" count="1" type="stmt"/>
        <line num="51" count="1" type="stmt"/>
        <line num="52" count="1" type="stmt"/>
        <line num="53" count="1" type="stmt"/>
        <line num="54" count="1" type="stmt"/>
        <line num="55" count="1" type="stmt"/>
        <line num="56" count="1" type="stmt"/>
        <line num="57" count="1" type="stmt"/>
        <line num="68" count="17" type="cond" truecount="2" falsecount="0"/>
        <line num="70" count="11" type="stmt"/>
        <line num="72" count="1" type="stmt"/>
      </file>
      <file name="KendraResults.tsx" path="/codebuild/output/src2267051327/src/source/ui/src/components/SearchView/KendraResults.tsx">
        <metrics statements="3" coveredstatements="3" conditionals="9" coveredconditionals="9" methods="1" coveredmethods="1"/>
        <line num="29" count="6" type="cond" truecount="2" falsecount="0"/>
        <line num="30" count="6" type="cond" truecount="2" falsecount="0"/>
        <line num="32" count="4" type="stmt"/>
      </file>
      <file name="KendraTopResults.tsx" path="/codebuild/output/src2267051327/src/source/ui/src/components/SearchView/KendraTopResults.tsx">
        <metrics statements="18" coveredstatements="14" conditionals="15" coveredconditionals="7" methods="9" coveredmethods="9"/>
        <line num="19" count="6" type="stmt"/>
        <line num="22" count="4" type="cond" truecount="2" falsecount="2"/>
        <line num="23" count="0" type="stmt"/>
        <line num="24" count="0" type="stmt"/>
        <line num="25" count="0" type="cond" truecount="0" falsecount="5"/>
        <line num="26" count="0" type="stmt"/>
        <line num="31" count="4" type="stmt"/>
        <line num="41" count="8" type="stmt"/>
        <line num="43" count="6" type="stmt"/>
        <line num="44" count="4" type="stmt"/>
        <line num="46" count="4" type="stmt"/>
        <line num="47" count="6" type="stmt"/>
        <line num="49" count="4" type="stmt"/>
        <line num="68" count="8" type="stmt"/>
        <line num="70" count="8" type="stmt"/>
        <line num="71" count="2" type="stmt"/>
        <line num="74" count="8" type="cond" truecount="2" falsecount="0"/>
        <line num="76" count="4" type="stmt"/>
      </file>
      <file name="SearchView.tsx" path="/codebuild/output/src2267051327/src/source/ui/src/components/SearchView/SearchView.tsx">
        <metrics statements="98" coveredstatements="62" conditionals="51" coveredconditionals="24" methods="27" coveredmethods="14"/>
        <line num="53" count="3" type="stmt"/>
        <line num="58" count="18" type="cond" truecount="1" falsecount="1"/>
        <line num="59" count="17" type="stmt"/>
        <line num="62" count="12" type="stmt"/>
        <line num="67" count="0" type="stmt"/>
        <line num="69" count="17" type="stmt"/>
        <line num="70" count="12" type="stmt"/>
        <line num="76" count="17" type="stmt"/>
        <line num="77" count="17" type="stmt"/>
        <line num="79" count="17" type="stmt"/>
        <line num="80" count="17" type="stmt"/>
        <line num="81" count="17" type="stmt"/>
        <line num="82" count="17" type="stmt"/>
        <line num="84" count="17" type="stmt"/>
        <line num="85" count="9" type="stmt"/>
        <line num="86" count="0" type="stmt"/>
        <line num="87" count="0" type="stmt"/>
        <line num="92" count="0" type="stmt"/>
        <line num="93" count="0" type="stmt"/>
        <line num="95" count="9" type="cond" truecount="1" falsecount="1"/>
        <line num="96" count="0" type="stmt"/>
        <line num="100" count="17" type="cond" truecount="2" falsecount="0"/>
        <line num="101" count="11" type="cond" truecount="2" falsecount="0"/>
        <line num="102" count="1" type="stmt"/>
        <line num="103" count="1" type="stmt"/>
        <line num="104" count="1" type="stmt"/>
        <line num="105" count="1" type="stmt"/>
        <line num="110" count="1" type="cond" truecount="1" falsecount="1"/>
        <line num="111" count="0" type="stmt"/>
        <line num="112" count="0" type="stmt"/>
        <line num="115" count="1" type="cond" truecount="2" falsecount="2"/>
        <line num="116" count="0" type="stmt"/>
        <line num="121" count="1" type="stmt"/>
        <line num="126" count="1" type="stmt"/>
        <line num="127" count="1" type="stmt"/>
        <line num="129" count="1" type="stmt"/>
        <line num="130" count="1" type="stmt"/>
        <line num="131" count="0" type="stmt"/>
        <line num="133" count="1" type="stmt"/>
        <line num="134" count="1" type="stmt"/>
        <line num="135" count="0" type="stmt"/>
        <line num="137" count="1" type="cond" truecount="1" falsecount="1"/>
        <line num="138" count="0" type="stmt"/>
        <line num="139" count="0" type="stmt"/>
        <line num="142" count="1" type="stmt"/>
        <line num="143" count="1" type="stmt"/>
        <line num="144" count="1" type="stmt"/>
        <line num="146" count="0" type="stmt"/>
        <line num="149" count="10" type="stmt"/>
        <line num="153" count="17" type="stmt"/>
        <line num="154" count="11" type="stmt"/>
        <line num="160" count="17" type="cond" truecount="1" falsecount="1"/>
        <line num="161" count="17" type="stmt"/>
        <line num="162" count="12" type="stmt"/>
        <line num="165" count="0" type="stmt"/>
        <line num="168" count="17" type="stmt"/>
        <line num="170" count="17" type="stmt"/>
        <line num="171" count="1" type="cond" truecount="1" falsecount="1"/>
        <line num="172" count="0" type="stmt"/>
        <line num="173" count="0" type="stmt"/>
        <line num="175" count="1" type="stmt"/>
        <line num="178" count="17" type="stmt"/>
        <line num="179" count="0" type="cond" truecount="0" falsecount="5"/>
        <line num="180" count="0" type="stmt"/>
        <line num="181" count="0" type="stmt"/>
        <line num="182" count="0" type="stmt"/>
        <line num="186" count="17" type="stmt"/>
        <line num="187" count="1" type="stmt"/>
        <line num="188" count="1" type="cond" truecount="3" falsecount="1"/>
        <line num="189" count="1" type="stmt"/>
        <line num="190" count="1" type="stmt"/>
        <line num="191" count="1" type="stmt"/>
        <line num="195" count="17" type="stmt"/>
        <line num="196" count="0" type="stmt"/>
        <line num="197" count="0" type="cond" truecount="0" falsecount="2"/>
        <line num="198" count="0" type="stmt"/>
        <line num="200" count="0" type="cond" truecount="0" falsecount="2"/>
        <line num="202" count="0" type="stmt"/>
        <line num="205" count="0" type="cond" truecount="0" falsecount="2"/>
        <line num="210" count="0" type="stmt"/>
        <line num="214" count="0" type="stmt"/>
        <line num="224" count="17" type="stmt"/>
        <line num="225" count="0" type="cond" truecount="0" falsecount="2"/>
        <line num="226" count="0" type="stmt"/>
        <line num="228" count="0" type="stmt"/>
        <line num="231" count="17" type="cond" truecount="2" falsecount="0"/>
        <line num="232" count="5" type="stmt"/>
        <line num="249" count="1" type="stmt"/>
        <line num="257" count="12" type="cond" truecount="2" falsecount="0"/>
        <line num="259" count="12" type="stmt"/>
        <line num="271" count="1" type="stmt"/>
        <line num="278" count="1" type="stmt"/>
        <line num="300" count="1" type="stmt"/>
        <line num="301" count="0" type="stmt"/>
        <line num="312" count="1" type="stmt"/>
        <line num="344" count="0" type="stmt"/>
        <line num="358" count="0" type="stmt"/>
        <line num="360" count="0" type="stmt"/>
      </file>
    </package>
    <package name="components.TableResults">
      <metrics statements="28" coveredstatements="27" conditionals="18" coveredconditionals="14" methods="6" coveredmethods="6"/>
      <file name="TableResults.tsx" path="/codebuild/output/src2267051327/src/source/ui/src/components/TableResults/TableResults.tsx">
        <metrics statements="28" coveredstatements="27" conditionals="18" coveredconditionals="14" methods="6" coveredmethods="6"/>
        <line num="28" count="11" type="stmt"/>
        <line num="30" count="11" type="stmt"/>
        <line num="31" count="10" type="cond" truecount="2" falsecount="0"/>
        <line num="32" count="2" type="stmt"/>
        <line num="33" count="2" type="cond" truecount="1" falsecount="1"/>
        <line num="37" count="11" type="stmt"/>
        <line num="40" count="11" type="cond" truecount="4" falsecount="0"/>
        <line num="41" count="2" type="stmt"/>
        <line num="44" count="9" type="cond" truecount="2" falsecount="0"/>
        <line num="45" count="3" type="stmt"/>
        <line num="46" count="3" type="stmt"/>
        <line num="54" count="6" type="stmt"/>
        <line num="57" count="6" type="stmt"/>
        <line num="60" count="1" type="stmt"/>
        <line num="77" count="6" type="stmt"/>
        <line num="81" count="7" type="stmt"/>
        <line num="82" count="3" type="stmt"/>
        <line num="83" count="3" type="stmt"/>
        <line num="84" count="3" type="stmt"/>
        <line num="85" count="3" type="stmt"/>
        <line num="86" count="6" type="cond" truecount="1" falsecount="1"/>
        <line num="87" count="6" type="cond" truecount="2" falsecount="0"/>
        <line num="88" count="3" type="stmt"/>
        <line num="90" count="6" type="stmt"/>
        <line num="91" count="6" type="stmt"/>
        <line num="93" count="0" type="stmt"/>
        <line num="96" count="3" type="stmt"/>
        <line num="97" count="3" type="stmt"/>
      </file>
    </package>
    <package name="utils">
      <metrics statements="139" coveredstatements="100" conditionals="80" coveredconditionals="54" methods="37" coveredmethods="20"/>
      <file name="common-renderers.jsx" path="/codebuild/output/src2267051327/src/source/ui/src/utils/common-renderers.jsx">
        <metrics statements="18" coveredstatements="18" conditionals="20" coveredconditionals="17" methods="2" coveredmethods="2"/>
        <line num="26" count="21" type="stmt"/>
        <line num="27" count="190" type="stmt"/>
        <line num="28" count="190" type="stmt"/>
        <line num="29" count="190" type="cond" truecount="2" falsecount="0"/>
        <line num="31" count="190" type="cond" truecount="2" falsecount="0"/>
        <line num="32" count="33" type="cond" truecount="1" falsecount="1"/>
        <line num="33" count="33" type="stmt"/>
        <line num="34" count="157" type="cond" truecount="2" falsecount="0"/>
        <line num="35" count="41" type="cond" truecount="1" falsecount="1"/>
        <line num="36" count="41" type="stmt"/>
        <line num="37" count="116" type="cond" truecount="4" falsecount="0"/>
        <line num="38" count="2" type="cond" truecount="2" falsecount="0"/>
        <line num="39" count="2" type="cond" truecount="1" falsecount="1"/>
        <line num="40" count="2" type="stmt"/>
        <line num="42" count="190" type="stmt"/>
        <line num="51" count="21" type="stmt"/>
        <line num="52" count="253" type="cond" truecount="2" falsecount="0"/>
        <line num="53" count="253" type="stmt"/>
      </file>
      <file name="constants.ts" path="/codebuild/output/src2267051327/src/source/ui/src/utils/constants.ts">
        <metrics statements="18" coveredstatements="18" conditionals="0" coveredconditionals="0" methods="0" coveredmethods="0"/>
        <line num="14" count="18" type="stmt"/>
        <line num="16" count="18" type="stmt"/>
        <line num="17" count="18" type="stmt"/>
        <line num="18" count="18" type="stmt"/>
        <line num="19" count="18" type="stmt"/>
        <line num="20" count="18" type="stmt"/>
        <line num="21" count="18" type="stmt"/>
        <line num="22" count="18" type="stmt"/>
        <line num="23" count="18" type="stmt"/>
        <line num="24" count="18" type="stmt"/>
        <line num="25" count="18" type="stmt"/>
        <line num="26" count="18" type="stmt"/>
        <line num="27" count="18" type="stmt"/>
        <line num="29" count="18" type="stmt"/>
        <line num="35" count="18" type="stmt"/>
        <line num="43" count="18" type="stmt"/>
        <line num="51" count="18" type="stmt"/>
        <line num="58" count="18" type="stmt"/>
      </file>
      <file name="document.js" path="/codebuild/output/src2267051327/src/source/ui/src/utils/document.js">
        <metrics statements="99" coveredstatements="60" conditionals="60" coveredconditionals="37" methods="33" coveredmethods="16"/>
        <line num="17" count="4" type="stmt"/>
        <line num="18" count="4" type="stmt"/>
        <line num="21" count="4" type="stmt"/>
        <line num="22" count="4" type="stmt"/>
        <line num="23" count="4" type="stmt"/>
        <line num="24" count="4" type="stmt"/>
        <line num="33" count="3" type="stmt"/>
        <line num="34" count="3" type="stmt"/>
        <line num="37" count="5" type="cond" truecount="4" falsecount="0"/>
        <line num="39" count="3" type="cond" truecount="2" falsecount="0"/>
        <line num="49" count="13" type="cond" truecount="2" falsecount="0"/>
        <line num="50" count="7" type="stmt"/>
        <line num="51" count="7" type="stmt"/>
        <line num="52" count="6" type="cond" truecount="2" falsecount="0"/>
        <line num="53" count="1" type="stmt"/>
        <line num="54" count="1" type="stmt"/>
        <line num="56" count="13" type="cond" truecount="4" falsecount="0"/>
        <line num="57" count="8" type="stmt"/>
        <line num="59" count="8" type="cond" truecount="2" falsecount="0"/>
        <line num="60" count="8" type="cond" truecount="3" falsecount="1"/>
        <line num="69" count="5" type="stmt"/>
        <line num="70" count="5" type="stmt"/>
        <line num="71" count="5" type="stmt"/>
        <line num="81" count="3" type="stmt"/>
        <line num="82" count="3" type="stmt"/>
        <line num="83" count="5" type="cond" truecount="1" falsecount="1"/>
        <line num="94" count="2" type="cond" truecount="2" falsecount="0"/>
        <line num="95" count="1" type="stmt"/>
        <line num="97" count="1" type="stmt"/>
        <line num="98" count="1" type="stmt"/>
        <line num="99" count="2" type="cond" truecount="2" falsecount="0"/>
        <line num="100" count="2" type="cond" truecount="2" falsecount="0"/>
        <line num="105" count="1" type="cond" truecount="1" falsecount="1"/>
        <line num="106" count="1" type="cond" truecount="1" falsecount="1"/>
        <line num="117" count="1" type="cond" truecount="1" falsecount="1"/>
        <line num="118" count="1" type="cond" truecount="1" falsecount="1"/>
        <line num="119" count="1" type="stmt"/>
        <line num="120" count="1" type="cond" truecount="1" falsecount="1"/>
        <line num="122" count="1" type="stmt"/>
        <line num="132" count="2" type="stmt"/>
        <line num="142" count="29" type="cond" truecount="2" falsecount="0"/>
        <line num="143" count="15" type="stmt"/>
        <line num="144" count="15" type="stmt"/>
        <line num="145" count="15" type="stmt"/>
        <line num="146" count="14" type="cond" truecount="1" falsecount="1"/>
        <line num="147" count="14" type="stmt"/>
        <line num="148" count="14" type="stmt"/>
        <line num="149" count="14" type="stmt"/>
        <line num="151" count="29" type="stmt"/>
        <line num="152" count="29" type="cond" truecount="2" falsecount="0"/>
        <line num="156" count="7" type="stmt"/>
        <line num="157" count="7" type="stmt"/>
        <line num="158" count="0" type="stmt"/>
        <line num="159" count="0" type="stmt"/>
        <line num="162" count="7" type="stmt"/>
        <line num="172" count="0" type="stmt"/>
        <line num="173" count="0" type="stmt"/>
        <line num="174" count="0" type="stmt"/>
        <line num="189" count="7" type="stmt"/>
        <line num="191" count="7" type="stmt"/>
        <line num="192" count="0" type="stmt"/>
        <line num="193" count="0" type="stmt"/>
        <line num="194" count="0" type="stmt"/>
        <line num="200" count="7" type="stmt"/>
        <line num="211" count="0" type="stmt"/>
        <line num="215" count="0" type="stmt"/>
        <line num="218" count="0" type="stmt"/>
        <line num="220" count="0" type="cond" truecount="0" falsecount="2"/>
        <line num="221" count="0" type="cond" truecount="0" falsecount="2"/>
        <line num="222" count="0" type="stmt"/>
        <line num="223" count="0" type="stmt"/>
        <line num="226" count="0" type="stmt"/>
        <line num="227" count="0" type="cond" truecount="0" falsecount="2"/>
        <line num="228" count="0" type="stmt"/>
        <line num="231" count="0" type="stmt"/>
        <line num="232" count="0" type="stmt"/>
        <line num="234" count="0" type="stmt"/>
        <line num="243" count="0" type="cond" truecount="0" falsecount="2"/>
        <line num="247" count="7" type="stmt"/>
        <line num="249" count="7" type="stmt"/>
        <line num="250" count="0" type="stmt"/>
        <line num="251" count="0" type="stmt"/>
        <line num="252" count="0" type="stmt"/>
        <line num="258" count="7" type="cond" truecount="1" falsecount="1"/>
        <line num="269" count="0" type="stmt"/>
        <line num="272" count="0" type="stmt"/>
        <line num="273" count="0" type="stmt"/>
        <line num="275" count="0" type="cond" truecount="0" falsecount="2"/>
        <line num="276" count="0" type="stmt"/>
        <line num="279" count="0" type="stmt"/>
        <line num="280" count="0" type="stmt"/>
        <line num="281" count="0" type="cond" truecount="0" falsecount="2"/>
        <line num="282" count="0" type="cond" truecount="0" falsecount="2"/>
        <line num="283" count="0" type="stmt"/>
        <line num="291" count="0" type="stmt"/>
        <line num="292" count="0" type="stmt"/>
        <line num="295" count="0" type="stmt"/>
        <line num="298" count="0" type="stmt"/>
        <line num="301" count="4" type="stmt"/>
      </file>
      <file name="info-panel-contents.tsx" path="/codebuild/output/src2267051327/src/source/ui/src/utils/info-panel-contents.tsx">
        <metrics statements="4" coveredstatements="4" conditionals="0" coveredconditionals="0" methods="2" coveredmethods="2"/>
        <line num="16" count="12" type="stmt"/>
        <line num="17" count="32" type="stmt"/>
        <line num="42" count="12" type="stmt"/>
        <line num="43" count="14" type="stmt"/>
      </file>
      <file name="interfaces.ts" path="/codebuild/output/src2267051327/src/source/ui/src/utils/interfaces.ts">
        <metrics statements="0" coveredstatements="0" conditionals="0" coveredconditionals="0" methods="0" coveredmethods="0"/>
      </file>
    </package>
  </project>
</coverage>
