{"/codebuild/output/src2267051327/src/source/ui/src/components/EntitiesList.tsx": {"path":"/codebuild/output/src2267051327/src/source/ui/src/components/EntitiesList.tsx","statementMap":{"0":{"start":{"line":65,"column":46},"end":{"line":129,"column":1}},"1":{"start":{"line":74,"column":33},"end":{"line":76,"column":5}},"2":{"start":{"line":75,"column":8},"end":{"line":75,"column":39}},"3":{"start":{"line":78,"column":4},"end":{"line":128,"column":6}},"4":{"start":{"line":86,"column":38},"end":{"line":89,"column":40}},"5":{"start":{"line":88,"column":75},"end":{"line":88,"column":102}},"6":{"start":{"line":93,"column":40},"end":{"line":93,"column":72}},"7":{"start":{"line":103,"column":28},"end":{"line":122,"column":34}},"8":{"start":{"line":109,"column":54},"end":{"line":114,"column":56}},"9":{"start":{"line":112,"column":80},"end":{"line":112,"column":118}},"10":{"start":{"line":118,"column":56},"end":{"line":118,"column":99}},"11":{"start":{"line":120,"column":57},"end":{"line":120,"column":74}},"12":{"start":{"line":131,"column":50},"end":{"line":468,"column":1}},"13":{"start":{"line":132,"column":46},"end":{"line":132,"column":101}},"14":{"start":{"line":134,"column":29},"end":{"line":151,"column":5}},"15":{"start":{"line":136,"column":12},"end":{"line":148,"column":15}},"16":{"start":{"line":137,"column":16},"end":{"line":145,"column":17}},"17":{"start":{"line":140,"column":28},"end":{"line":141,"column":106}},"18":{"start":{"line":141,"column":86},"end":{"line":141,"column":105}},"19":{"start":{"line":144,"column":20},"end":{"line":144,"column":33}},"20":{"start":{"line":147,"column":16},"end":{"line":147,"column":28}},"21":{"start":{"line":153,"column":24},"end":{"line":163,"column":5}},"22":{"start":{"line":155,"column":12},"end":{"line":159,"column":13}},"23":{"start":{"line":156,"column":16},"end":{"line":158,"column":59}},"24":{"start":{"line":160,"column":12},"end":{"line":160,"column":36}},"25":{"start":{"line":165,"column":34},"end":{"line":179,"column":5}},"26":{"start":{"line":167,"column":12},"end":{"line":167,"column":75}},"27":{"start":{"line":168,"column":12},"end":{"line":175,"column":13}},"28":{"start":{"line":169,"column":16},"end":{"line":169,"column":87}},"29":{"start":{"line":170,"column":16},"end":{"line":174,"column":17}},"30":{"start":{"line":171,"column":20},"end":{"line":173,"column":63}},"31":{"start":{"line":176,"column":12},"end":{"line":176,"column":36}},"32":{"start":{"line":181,"column":35},"end":{"line":192,"column":5}},"33":{"start":{"line":183,"column":12},"end":{"line":188,"column":13}},"34":{"start":{"line":184,"column":16},"end":{"line":184,"column":98}},"35":{"start":{"line":186,"column":16},"end":{"line":186,"column":79}},"36":{"start":{"line":187,"column":16},"end":{"line":187,"column":98}},"37":{"start":{"line":189,"column":12},"end":{"line":189,"column":106}},"38":{"start":{"line":194,"column":34},"end":{"line":211,"column":5}},"39":{"start":{"line":196,"column":12},"end":{"line":207,"column":13}},"40":{"start":{"line":197,"column":16},"end":{"line":203,"column":17}},"41":{"start":{"line":198,"column":20},"end":{"line":200,"column":99}},"42":{"start":{"line":202,"column":20},"end":{"line":202,"column":120}},"43":{"start":{"line":205,"column":16},"end":{"line":205,"column":79}},"44":{"start":{"line":206,"column":16},"end":{"line":206,"column":116}},"45":{"start":{"line":208,"column":12},"end":{"line":208,"column":36}},"46":{"start":{"line":213,"column":25},"end":{"line":226,"column":5}},"47":{"start":{"line":214,"column":8},"end":{"line":225,"column":9}},"48":{"start":{"line":215,"column":12},"end":{"line":215,"column":42}},"49":{"start":{"line":216,"column":29},"end":{"line":221,"column":14}},"50":{"start":{"line":222,"column":12},"end":{"line":222,"column":28}},"51":{"start":{"line":224,"column":12},"end":{"line":224,"column":31}},"52":{"start":{"line":228,"column":24},"end":{"line":241,"column":5}},"53":{"start":{"line":229,"column":8},"end":{"line":240,"column":9}},"54":{"start":{"line":230,"column":12},"end":{"line":230,"column":42}},"55":{"start":{"line":231,"column":29},"end":{"line":236,"column":14}},"56":{"start":{"line":237,"column":12},"end":{"line":237,"column":28}},"57":{"start":{"line":239,"column":12},"end":{"line":239,"column":31}},"58":{"start":{"line":243,"column":30},"end":{"line":295,"column":5}},"59":{"start":{"line":244,"column":8},"end":{"line":280,"column":9}},"60":{"start":{"line":245,"column":12},"end":{"line":245,"column":40}},"61":{"start":{"line":246,"column":40},"end":{"line":252,"column":13}},"62":{"start":{"line":253,"column":12},"end":{"line":268,"column":13}},"63":{"start":{"line":254,"column":16},"end":{"line":267,"column":17}},"64":{"start":{"line":255,"column":37},"end":{"line":255,"column":76}},"65":{"start":{"line":256,"column":42},"end":{"line":256,"column":70}},"66":{"start":{"line":257,"column":20},"end":{"line":264,"column":21}},"67":{"start":{"line":258,"column":24},"end":{"line":263,"column":26}},"68":{"start":{"line":266,"column":20},"end":{"line":266,"column":65}},"69":{"start":{"line":270,"column":12},"end":{"line":270,"column":111}},"70":{"start":{"line":271,"column":37},"end":{"line":273,"column":14}},"71":{"start":{"line":274,"column":36},"end":{"line":274,"column":105}},"72":{"start":{"line":275,"column":12},"end":{"line":275,"column":75}},"73":{"start":{"line":276,"column":12},"end":{"line":276,"column":40}},"74":{"start":{"line":278,"column":12},"end":{"line":278,"column":38}},"75":{"start":{"line":279,"column":12},"end":{"line":279,"column":31}},"76":{"start":{"line":283,"column":12},"end":{"line":292,"column":13}},"77":{"start":{"line":285,"column":20},"end":{"line":285,"column":117}},"78":{"start":{"line":286,"column":20},"end":{"line":286,"column":26}},"79":{"start":{"line":288,"column":20},"end":{"line":288,"column":118}},"80":{"start":{"line":289,"column":20},"end":{"line":289,"column":26}},"81":{"start":{"line":291,"column":20},"end":{"line":291,"column":117}},"82":{"start":{"line":293,"column":12},"end":{"line":293,"column":36}},"83":{"start":{"line":297,"column":32},"end":{"line":297,"column":34}},"84":{"start":{"line":298,"column":26},"end":{"line":298,"column":28}},"85":{"start":{"line":299,"column":4},"end":{"line":302,"column":5}},"86":{"start":{"line":300,"column":8},"end":{"line":300,"column":42}},"87":{"start":{"line":301,"column":8},"end":{"line":301,"column":37}},"88":{"start":{"line":305,"column":4},"end":{"line":312,"column":5}},"89":{"start":{"line":306,"column":8},"end":{"line":311,"column":14}},"90":{"start":{"line":307,"column":12},"end":{"line":311,"column":14}},"91":{"start":{"line":314,"column":31},"end":{"line":320,"column":5}},"92":{"start":{"line":315,"column":8},"end":{"line":319,"column":11}},"93":{"start":{"line":316,"column":12},"end":{"line":318,"column":14}},"94":{"start":{"line":317,"column":90},"end":{"line":317,"column":117}},"95":{"start":{"line":322,"column":39},"end":{"line":332,"column":5}},"96":{"start":{"line":323,"column":8},"end":{"line":331,"column":11}},"97":{"start":{"line":326,"column":16},"end":{"line":328,"column":17}},"98":{"start":{"line":326,"column":71},"end":{"line":326,"column":93}},"99":{"start":{"line":327,"column":20},"end":{"line":327,"column":33}},"100":{"start":{"line":329,"column":16},"end":{"line":329,"column":28}},"101":{"start":{"line":334,"column":31},"end":{"line":357,"column":5}},"102":{"start":{"line":335,"column":8},"end":{"line":356,"column":9}},"103":{"start":{"line":336,"column":12},"end":{"line":336,"column":51}},"104":{"start":{"line":338,"column":50},"end":{"line":338,"column":62}},"105":{"start":{"line":339,"column":12},"end":{"line":350,"column":13}},"106":{"start":{"line":340,"column":16},"end":{"line":342,"column":17}},"107":{"start":{"line":341,"column":20},"end":{"line":341,"column":71}},"108":{"start":{"line":343,"column":19},"end":{"line":350,"column":13}},"109":{"start":{"line":344,"column":16},"end":{"line":349,"column":17}},"110":{"start":{"line":345,"column":20},"end":{"line":345,"column":74}},"111":{"start":{"line":346,"column":20},"end":{"line":348,"column":21}},"112":{"start":{"line":347,"column":24},"end":{"line":347,"column":87}},"113":{"start":{"line":352,"column":12},"end":{"line":355,"column":15}},"114":{"start":{"line":359,"column":30},"end":{"line":374,"column":5}},"115":{"start":{"line":360,"column":46},"end":{"line":360,"column":48}},"116":{"start":{"line":361,"column":8},"end":{"line":369,"column":9}},"117":{"start":{"line":362,"column":12},"end":{"line":362,"column":51}},"118":{"start":{"line":363,"column":12},"end":{"line":368,"column":13}},"119":{"start":{"line":364,"column":16},"end":{"line":364,"column":67}},"120":{"start":{"line":365,"column":16},"end":{"line":367,"column":17}},"121":{"start":{"line":366,"column":20},"end":{"line":366,"column":80}},"122":{"start":{"line":370,"column":8},"end":{"line":373,"column":11}},"123":{"start":{"line":376,"column":32},"end":{"line":378,"column":5}},"124":{"start":{"line":377,"column":8},"end":{"line":377,"column":89}},"125":{"start":{"line":380,"column":21},"end":{"line":432,"column":7}},"126":{"start":{"line":380,"column":64},"end":{"line":432,"column":5}},"127":{"start":{"line":387,"column":54},"end":{"line":387,"column":99}},"128":{"start":{"line":403,"column":42},"end":{"line":405,"column":44}},"129":{"start":{"line":404,"column":104},"end":{"line":404,"column":118}},"130":{"start":{"line":409,"column":44},"end":{"line":409,"column":70}},"131":{"start":{"line":419,"column":24},"end":{"line":428,"column":26}},"132":{"start":{"line":434,"column":19},"end":{"line":440,"column":5}},"133":{"start":{"line":441,"column":4},"end":{"line":466,"column":5}},"134":{"start":{"line":442,"column":8},"end":{"line":465,"column":10}},"135":{"start":{"line":445,"column":43},"end":{"line":445,"column":62}},"136":{"start":{"line":448,"column":43},"end":{"line":448,"column":64}},"137":{"start":{"line":451,"column":43},"end":{"line":451,"column":62}},"138":{"start":{"line":455,"column":50},"end":{"line":455,"column":119}},"139":{"start":{"line":467,"column":4},"end":{"line":467,"column":84}}},"fnMap":{"0":{"name":"(anonymous_0)","decl":{"start":{"line":65,"column":46},"end":{"line":65,"column":47}},"loc":{"start":{"line":73,"column":6},"end":{"line":129,"column":1}},"line":73},"1":{"name":"(anonymous_1)","decl":{"start":{"line":74,"column":33},"end":{"line":74,"column":34}},"loc":{"start":{"line":74,"column":59},"end":{"line":76,"column":5}},"line":74},"2":{"name":"(anonymous_2)","decl":{"start":{"line":85,"column":68},"end":{"line":85,"column":69}},"loc":{"start":{"line":85,"column":92},"end":{"line":90,"column":35}},"line":85},"3":{"name":"(anonymous_3)","decl":{"start":{"line":88,"column":57},"end":{"line":88,"column":58}},"loc":{"start":{"line":88,"column":75},"end":{"line":88,"column":102}},"line":88},"4":{"name":"(anonymous_4)","decl":{"start":{"line":93,"column":34},"end":{"line":93,"column":35}},"loc":{"start":{"line":93,"column":40},"end":{"line":93,"column":72}},"line":93},"5":{"name":"(anonymous_5)","decl":{"start":{"line":102,"column":55},"end":{"line":102,"column":56}},"loc":{"start":{"line":103,"column":28},"end":{"line":122,"column":34}},"line":103},"6":{"name":"(anonymous_6)","decl":{"start":{"line":108,"column":84},"end":{"line":108,"column":85}},"loc":{"start":{"line":108,"column":108},"end":{"line":115,"column":51}},"line":108},"7":{"name":"(anonymous_7)","decl":{"start":{"line":112,"column":62},"end":{"line":112,"column":63}},"loc":{"start":{"line":112,"column":80},"end":{"line":112,"column":118}},"line":112},"8":{"name":"(anonymous_8)","decl":{"start":{"line":118,"column":50},"end":{"line":118,"column":51}},"loc":{"start":{"line":118,"column":56},"end":{"line":118,"column":99}},"line":118},"9":{"name":"(anonymous_9)","decl":{"start":{"line":120,"column":51},"end":{"line":120,"column":52}},"loc":{"start":{"line":120,"column":57},"end":{"line":120,"column":74}},"line":120},"10":{"name":"(anonymous_10)","decl":{"start":{"line":131,"column":50},"end":{"line":131,"column":51}},"loc":{"start":{"line":131,"column":61},"end":{"line":468,"column":1}},"line":131},"11":{"name":"(anonymous_11)","decl":{"start":{"line":135,"column":8},"end":{"line":135,"column":9}},"loc":{"start":{"line":135,"column":32},"end":{"line":149,"column":9}},"line":135},"12":{"name":"(anonymous_12)","decl":{"start":{"line":136,"column":61},"end":{"line":136,"column":62}},"loc":{"start":{"line":136,"column":81},"end":{"line":148,"column":13}},"line":136},"13":{"name":"(anonymous_13)","decl":{"start":{"line":139,"column":24},"end":{"line":139,"column":25}},"loc":{"start":{"line":140,"column":28},"end":{"line":141,"column":106}},"line":140},"14":{"name":"(anonymous_14)","decl":{"start":{"line":141,"column":70},"end":{"line":141,"column":71}},"loc":{"start":{"line":141,"column":86},"end":{"line":141,"column":105}},"line":141},"15":{"name":"(anonymous_15)","decl":{"start":{"line":154,"column":8},"end":{"line":154,"column":9}},"loc":{"start":{"line":154,"column":112},"end":{"line":161,"column":9}},"line":154},"16":{"name":"(anonymous_16)","decl":{"start":{"line":166,"column":8},"end":{"line":166,"column":9}},"loc":{"start":{"line":166,"column":96},"end":{"line":177,"column":9}},"line":166},"17":{"name":"(anonymous_17)","decl":{"start":{"line":182,"column":8},"end":{"line":182,"column":9}},"loc":{"start":{"line":182,"column":96},"end":{"line":190,"column":9}},"line":182},"18":{"name":"(anonymous_18)","decl":{"start":{"line":195,"column":8},"end":{"line":195,"column":9}},"loc":{"start":{"line":195,"column":96},"end":{"line":209,"column":9}},"line":195},"19":{"name":"(anonymous_19)","decl":{"start":{"line":213,"column":25},"end":{"line":213,"column":26}},"loc":{"start":{"line":213,"column":64},"end":{"line":226,"column":5}},"line":213},"20":{"name":"(anonymous_20)","decl":{"start":{"line":228,"column":24},"end":{"line":228,"column":25}},"loc":{"start":{"line":228,"column":80},"end":{"line":241,"column":5}},"line":228},"21":{"name":"(anonymous_21)","decl":{"start":{"line":243,"column":30},"end":{"line":243,"column":31}},"loc":{"start":{"line":243,"column":42},"end":{"line":295,"column":5}},"line":243},"22":{"name":"processSelectedEntity","decl":{"start":{"line":282,"column":17},"end":{"line":282,"column":38}},"loc":{"start":{"line":282,"column":118},"end":{"line":294,"column":9}},"line":282},"23":{"name":"(anonymous_23)","decl":{"start":{"line":314,"column":31},"end":{"line":314,"column":32}},"loc":{"start":{"line":314,"column":57},"end":{"line":320,"column":5}},"line":314},"24":{"name":"(anonymous_24)","decl":{"start":{"line":315,"column":61},"end":{"line":315,"column":62}},"loc":{"start":{"line":315,"column":85},"end":{"line":319,"column":9}},"line":315},"25":{"name":"(anonymous_25)","decl":{"start":{"line":317,"column":72},"end":{"line":317,"column":73}},"loc":{"start":{"line":317,"column":90},"end":{"line":317,"column":117}},"line":317},"26":{"name":"(anonymous_26)","decl":{"start":{"line":322,"column":39},"end":{"line":322,"column":40}},"loc":{"start":{"line":322,"column":65},"end":{"line":332,"column":5}},"line":322},"27":{"name":"(anonymous_27)","decl":{"start":{"line":325,"column":80},"end":{"line":325,"column":81}},"loc":{"start":{"line":325,"column":99},"end":{"line":330,"column":13}},"line":325},"28":{"name":"(anonymous_28)","decl":{"start":{"line":326,"column":58},"end":{"line":326,"column":59}},"loc":{"start":{"line":326,"column":71},"end":{"line":326,"column":93}},"line":326},"29":{"name":"(anonymous_29)","decl":{"start":{"line":334,"column":31},"end":{"line":334,"column":32}},"loc":{"start":{"line":334,"column":57},"end":{"line":357,"column":5}},"line":334},"30":{"name":"(anonymous_30)","decl":{"start":{"line":359,"column":30},"end":{"line":359,"column":31}},"loc":{"start":{"line":359,"column":36},"end":{"line":374,"column":5}},"line":359},"31":{"name":"(anonymous_31)","decl":{"start":{"line":376,"column":32},"end":{"line":376,"column":33}},"loc":{"start":{"line":376,"column":38},"end":{"line":378,"column":5}},"line":376},"32":{"name":"(anonymous_32)","decl":{"start":{"line":380,"column":53},"end":{"line":380,"column":54}},"loc":{"start":{"line":380,"column":64},"end":{"line":432,"column":5}},"line":380},"33":{"name":"(anonymous_33)","decl":{"start":{"line":387,"column":30},"end":{"line":387,"column":31}},"loc":{"start":{"line":387,"column":54},"end":{"line":387,"column":99}},"line":387},"34":{"name":"(anonymous_34)","decl":{"start":{"line":402,"column":84},"end":{"line":402,"column":85}},"loc":{"start":{"line":402,"column":108},"end":{"line":406,"column":39}},"line":402},"35":{"name":"(anonymous_35)","decl":{"start":{"line":404,"column":86},"end":{"line":404,"column":87}},"loc":{"start":{"line":404,"column":104},"end":{"line":404,"column":118}},"line":404},"36":{"name":"(anonymous_36)","decl":{"start":{"line":409,"column":38},"end":{"line":409,"column":39}},"loc":{"start":{"line":409,"column":44},"end":{"line":409,"column":70}},"line":409},"37":{"name":"(anonymous_37)","decl":{"start":{"line":418,"column":58},"end":{"line":418,"column":59}},"loc":{"start":{"line":419,"column":24},"end":{"line":428,"column":26}},"line":419},"38":{"name":"(anonymous_38)","decl":{"start":{"line":445,"column":37},"end":{"line":445,"column":38}},"loc":{"start":{"line":445,"column":43},"end":{"line":445,"column":62}},"line":445},"39":{"name":"(anonymous_39)","decl":{"start":{"line":448,"column":37},"end":{"line":448,"column":38}},"loc":{"start":{"line":448,"column":43},"end":{"line":448,"column":64}},"line":448},"40":{"name":"(anonymous_40)","decl":{"start":{"line":451,"column":37},"end":{"line":451,"column":38}},"loc":{"start":{"line":451,"column":43},"end":{"line":451,"column":62}},"line":451},"41":{"name":"(anonymous_41)","decl":{"start":{"line":455,"column":34},"end":{"line":455,"column":35}},"loc":{"start":{"line":455,"column":50},"end":{"line":455,"column":119}},"line":455}},"branchMap":{"0":{"loc":{"start":{"line":84,"column":28},"end":{"line":91,"column":39}},"type":"cond-expr","locations":[{"start":{"line":85,"column":34},"end":{"line":90,"column":36}},{"start":{"line":91,"column":34},"end":{"line":91,"column":39}}],"line":84},"1":{"loc":{"start":{"line":87,"column":42},"end":{"line":88,"column":103}},"type":"binary-expr","locations":[{"start":{"line":87,"column":42},"end":{"line":87,"column":79}},{"start":{"line":88,"column":42},"end":{"line":88,"column":103}}],"line":87},"2":{"loc":{"start":{"line":107,"column":44},"end":{"line":116,"column":55}},"type":"cond-expr","locations":[{"start":{"line":108,"column":50},"end":{"line":115,"column":52}},{"start":{"line":116,"column":50},"end":{"line":116,"column":55}}],"line":107},"3":{"loc":{"start":{"line":110,"column":58},"end":{"line":113,"column":59}},"type":"binary-expr","locations":[{"start":{"line":110,"column":58},"end":{"line":110,"column":99}},{"start":{"line":111,"column":58},"end":{"line":113,"column":59}}],"line":110},"4":{"loc":{"start":{"line":137,"column":16},"end":{"line":145,"column":17}},"type":"if","locations":[{"start":{"line":137,"column":16},"end":{"line":145,"column":17}},{"start":{},"end":{}}],"line":137},"5":{"loc":{"start":{"line":140,"column":28},"end":{"line":141,"column":106}},"type":"binary-expr","locations":[{"start":{"line":140,"column":28},"end":{"line":140,"column":58}},{"start":{"line":141,"column":28},"end":{"line":141,"column":106}}],"line":140},"6":{"loc":{"start":{"line":183,"column":12},"end":{"line":188,"column":13}},"type":"if","locations":[{"start":{"line":183,"column":12},"end":{"line":188,"column":13}},{"start":{"line":185,"column":19},"end":{"line":188,"column":13}}],"line":183},"7":{"loc":{"start":{"line":196,"column":12},"end":{"line":207,"column":13}},"type":"if","locations":[{"start":{"line":196,"column":12},"end":{"line":207,"column":13}},{"start":{"line":204,"column":19},"end":{"line":207,"column":13}}],"line":196},"8":{"loc":{"start":{"line":197,"column":16},"end":{"line":203,"column":17}},"type":"if","locations":[{"start":{"line":197,"column":16},"end":{"line":203,"column":17}},{"start":{"line":201,"column":23},"end":{"line":203,"column":17}}],"line":197},"9":{"loc":{"start":{"line":213,"column":50},"end":{"line":213,"column":59}},"type":"default-arg","locations":[{"start":{"line":213,"column":57},"end":{"line":213,"column":59}}],"line":213},"10":{"loc":{"start":{"line":228,"column":49},"end":{"line":228,"column":75}},"type":"default-arg","locations":[{"start":{"line":228,"column":73},"end":{"line":228,"column":75}}],"line":228},"11":{"loc":{"start":{"line":254,"column":16},"end":{"line":267,"column":17}},"type":"if","locations":[{"start":{"line":254,"column":16},"end":{"line":267,"column":17}},{"start":{"line":265,"column":23},"end":{"line":267,"column":17}}],"line":254},"12":{"loc":{"start":{"line":254,"column":20},"end":{"line":254,"column":103}},"type":"binary-expr","locations":[{"start":{"line":254,"column":20},"end":{"line":254,"column":54}},{"start":{"line":254,"column":58},"end":{"line":254,"column":103}}],"line":254},"13":{"loc":{"start":{"line":283,"column":12},"end":{"line":292,"column":13}},"type":"switch","locations":[{"start":{"line":284,"column":16},"end":{"line":286,"column":26}},{"start":{"line":287,"column":16},"end":{"line":289,"column":26}},{"start":{"line":290,"column":16},"end":{"line":291,"column":117}}],"line":283},"14":{"loc":{"start":{"line":299,"column":4},"end":{"line":302,"column":5}},"type":"if","locations":[{"start":{"line":299,"column":4},"end":{"line":302,"column":5}},{"start":{},"end":{}}],"line":299},"15":{"loc":{"start":{"line":305,"column":4},"end":{"line":312,"column":5}},"type":"if","locations":[{"start":{"line":305,"column":4},"end":{"line":312,"column":5}},{"start":{},"end":{}}],"line":305},"16":{"loc":{"start":{"line":305,"column":8},"end":{"line":305,"column":62}},"type":"binary-expr","locations":[{"start":{"line":305,"column":8},"end":{"line":305,"column":23}},{"start":{"line":305,"column":27},"end":{"line":305,"column":62}}],"line":305},"17":{"loc":{"start":{"line":306,"column":8},"end":{"line":311,"column":14}},"type":"if","locations":[{"start":{"line":306,"column":8},"end":{"line":311,"column":14}},{"start":{},"end":{}}],"line":306},"18":{"loc":{"start":{"line":317,"column":16},"end":{"line":317,"column":118}},"type":"binary-expr","locations":[{"start":{"line":317,"column":16},"end":{"line":317,"column":53}},{"start":{"line":317,"column":57},"end":{"line":317,"column":118}}],"line":317},"19":{"loc":{"start":{"line":326,"column":16},"end":{"line":328,"column":17}},"type":"if","locations":[{"start":{"line":326,"column":16},"end":{"line":328,"column":17}},{"start":{},"end":{}}],"line":326},"20":{"loc":{"start":{"line":335,"column":8},"end":{"line":356,"column":9}},"type":"if","locations":[{"start":{"line":335,"column":8},"end":{"line":356,"column":9}},{"start":{"line":337,"column":15},"end":{"line":356,"column":9}}],"line":335},"21":{"loc":{"start":{"line":339,"column":12},"end":{"line":350,"column":13}},"type":"if","locations":[{"start":{"line":339,"column":12},"end":{"line":350,"column":13}},{"start":{"line":343,"column":19},"end":{"line":350,"column":13}}],"line":339},"22":{"loc":{"start":{"line":343,"column":19},"end":{"line":350,"column":13}},"type":"if","locations":[{"start":{"line":343,"column":19},"end":{"line":350,"column":13}},{"start":{},"end":{}}],"line":343},"23":{"loc":{"start":{"line":385,"column":21},"end":{"line":389,"column":27}},"type":"cond-expr","locations":[{"start":{"line":386,"column":26},"end":{"line":388,"column":34}},{"start":{"line":389,"column":26},"end":{"line":389,"column":27}}],"line":385},"24":{"loc":{"start":{"line":387,"column":54},"end":{"line":387,"column":99}},"type":"binary-expr","locations":[{"start":{"line":387,"column":54},"end":{"line":387,"column":74}},{"start":{"line":387,"column":78},"end":{"line":387,"column":99}}],"line":387},"25":{"loc":{"start":{"line":397,"column":17},"end":{"line":415,"column":17}},"type":"binary-expr","locations":[{"start":{"line":397,"column":17},"end":{"line":397,"column":53}},{"start":{"line":398,"column":20},"end":{"line":414,"column":35}}],"line":397},"26":{"loc":{"start":{"line":401,"column":32},"end":{"line":407,"column":43}},"type":"cond-expr","locations":[{"start":{"line":402,"column":38},"end":{"line":406,"column":40}},{"start":{"line":407,"column":38},"end":{"line":407,"column":43}}],"line":401},"27":{"loc":{"start":{"line":404,"column":46},"end":{"line":404,"column":119}},"type":"binary-expr","locations":[{"start":{"line":404,"column":46},"end":{"line":404,"column":67}},{"start":{"line":404,"column":71},"end":{"line":404,"column":119}}],"line":404},"28":{"loc":{"start":{"line":417,"column":17},"end":{"line":429,"column":22}},"type":"binary-expr","locations":[{"start":{"line":417,"column":17},"end":{"line":417,"column":53}},{"start":{"line":418,"column":20},"end":{"line":429,"column":22}}],"line":417},"29":{"loc":{"start":{"line":441,"column":4},"end":{"line":466,"column":5}},"type":"if","locations":[{"start":{"line":441,"column":4},"end":{"line":466,"column":5}},{"start":{},"end":{}}],"line":441},"30":{"loc":{"start":{"line":452,"column":58},"end":{"line":452,"column":115}},"type":"binary-expr","locations":[{"start":{"line":452,"column":58},"end":{"line":452,"column":71}},{"start":{"line":452,"column":75},"end":{"line":452,"column":115}}],"line":452},"31":{"loc":{"start":{"line":455,"column":76},"end":{"line":455,"column":118}},"type":"cond-expr","locations":[{"start":{"line":455,"column":93},"end":{"line":455,"column":113}},{"start":{"line":455,"column":116},"end":{"line":455,"column":118}}],"line":455}},"s":{"0":7,"1":10,"2":2,"3":10,"4":9,"5":3,"6":1,"7":20,"8":18,"9":6,"10":1,"11":1,"12":7,"13":41,"14":41,"15":1,"16":3,"17":9,"18":3,"19":0,"20":3,"21":41,"22":1,"23":2,"24":1,"25":41,"26":1,"27":1,"28":1,"29":1,"30":2,"31":1,"32":41,"33":1,"34":0,"35":1,"36":1,"37":1,"38":41,"39":1,"40":0,"41":0,"42":0,"43":1,"44":1,"45":1,"46":41,"47":1,"48":1,"49":1,"50":1,"51":0,"52":41,"53":2,"54":2,"55":2,"56":2,"57":0,"58":41,"59":1,"60":1,"61":1,"62":1,"63":3,"64":1,"65":1,"66":1,"67":3,"68":2,"69":1,"70":1,"71":1,"72":1,"73":1,"74":0,"75":0,"76":3,"77":1,"78":1,"79":1,"80":1,"81":1,"82":3,"83":41,"84":41,"85":41,"86":5,"87":5,"88":41,"89":15,"90":10,"91":31,"92":2,"93":0,"94":0,"95":31,"96":0,"97":0,"98":0,"99":0,"100":0,"101":31,"102":2,"103":0,"104":2,"105":2,"106":1,"107":2,"108":1,"109":0,"110":0,"111":0,"112":0,"113":2,"114":31,"115":2,"116":2,"117":8,"118":8,"119":52,"120":52,"121":70,"122":2,"123":31,"124":1,"125":31,"126":68,"127":44,"128":37,"129":16,"130":0,"131":338,"132":31,"133":31,"134":13,"135":2,"136":1,"137":1,"138":0,"139":18},"f":{"0":10,"1":2,"2":9,"3":3,"4":1,"5":20,"6":18,"7":6,"8":1,"9":1,"10":41,"11":1,"12":3,"13":9,"14":3,"15":1,"16":1,"17":1,"18":1,"19":1,"20":2,"21":1,"22":3,"23":2,"24":0,"25":0,"26":0,"27":0,"28":0,"29":2,"30":2,"31":1,"32":68,"33":44,"34":37,"35":16,"36":0,"37":338,"38":2,"39":1,"40":1,"41":0},"b":{"0":[6,4],"1":[9,3],"2":[12,8],"3":[18,6],"4":[0,3],"5":[9,3],"6":[0,1],"7":[0,1],"8":[0,0],"9":[0],"10":[0],"11":[1,2],"12":[3,1],"13":[1,1,1],"14":[5,36],"15":[15,26],"16":[41,37],"17":[10,5],"18":[0,0],"19":[0,0],"20":[0,2],"21":[1,1],"22":[0,1],"23":[44,24],"24":[44,11],"25":[68,52],"26":[32,20],"27":[37,16],"28":[68,52],"29":[13,18],"30":[13,2],"31":[0,0]},"_coverageSchema":"1a1c01bbd47fc00a2c39e90264f33305004495a9","hash":"3a2d7b23456dbd344bfc14a68d3700b8418260c5"}
,"/codebuild/output/src2267051327/src/source/ui/src/components/EntityDetectionTab.tsx": {"path":"/codebuild/output/src2267051327/src/source/ui/src/components/EntityDetectionTab.tsx","statementMap":{"0":{"start":{"line":53,"column":27},"end":{"line":53,"column":72}},"1":{"start":{"line":55,"column":29},"end":{"line":76,"column":5}},"2":{"start":{"line":57,"column":12},"end":{"line":73,"column":15}},"3":{"start":{"line":58,"column":16},"end":{"line":60,"column":17}},"4":{"start":{"line":59,"column":20},"end":{"line":59,"column":33}},"5":{"start":{"line":62,"column":16},"end":{"line":70,"column":17}},"6":{"start":{"line":65,"column":28},"end":{"line":66,"column":106}},"7":{"start":{"line":66,"column":86},"end":{"line":66,"column":105}},"8":{"start":{"line":69,"column":20},"end":{"line":69,"column":33}},"9":{"start":{"line":72,"column":16},"end":{"line":72,"column":28}},"10":{"start":{"line":78,"column":42},"end":{"line":84,"column":10}},"11":{"start":{"line":79,"column":43},"end":{"line":79,"column":45}},"12":{"start":{"line":80,"column":8},"end":{"line":82,"column":9}},"13":{"start":{"line":81,"column":12},"end":{"line":81,"column":77}},"14":{"start":{"line":83,"column":8},"end":{"line":83,"column":29}},"15":{"start":{"line":86,"column":43},"end":{"line":97,"column":5}},"16":{"start":{"line":88,"column":47},"end":{"line":88,"column":49}},"17":{"start":{"line":89,"column":12},"end":{"line":93,"column":13}},"18":{"start":{"line":90,"column":16},"end":{"line":92,"column":17}},"19":{"start":{"line":91,"column":20},"end":{"line":91,"column":85}},"20":{"start":{"line":94,"column":12},"end":{"line":94,"column":33}},"21":{"start":{"line":99,"column":42},"end":{"line":112,"column":5}},"22":{"start":{"line":101,"column":47},"end":{"line":101,"column":49}},"23":{"start":{"line":102,"column":12},"end":{"line":108,"column":13}},"24":{"start":{"line":103,"column":16},"end":{"line":107,"column":17}},"25":{"start":{"line":104,"column":20},"end":{"line":106,"column":21}},"26":{"start":{"line":105,"column":24},"end":{"line":105,"column":89}},"27":{"start":{"line":109,"column":12},"end":{"line":109,"column":33}},"28":{"start":{"line":114,"column":25},"end":{"line":147,"column":6}},"29":{"start":{"line":115,"column":43},"end":{"line":115,"column":45}},"30":{"start":{"line":116,"column":8},"end":{"line":135,"column":9}},"31":{"start":{"line":117,"column":12},"end":{"line":134,"column":13}},"32":{"start":{"line":118,"column":33},"end":{"line":118,"column":72}},"33":{"start":{"line":119,"column":38},"end":{"line":119,"column":66}},"34":{"start":{"line":120,"column":16},"end":{"line":133,"column":17}},"35":{"start":{"line":121,"column":20},"end":{"line":132,"column":21}},"36":{"start":{"line":123,"column":28},"end":{"line":123,"column":118}},"37":{"start":{"line":124,"column":28},"end":{"line":124,"column":34}},"38":{"start":{"line":126,"column":28},"end":{"line":126,"column":119}},"39":{"start":{"line":127,"column":28},"end":{"line":127,"column":34}},"40":{"start":{"line":130,"column":28},"end":{"line":130,"column":118}},"41":{"start":{"line":131,"column":28},"end":{"line":131,"column":34}},"42":{"start":{"line":137,"column":8},"end":{"line":137,"column":29}},"43":{"start":{"line":149,"column":19},"end":{"line":155,"column":5}},"44":{"start":{"line":156,"column":4},"end":{"line":207,"column":6}}},"fnMap":{"0":{"name":"EntityDetectionTab","decl":{"start":{"line":52,"column":24},"end":{"line":52,"column":42}},"loc":{"start":{"line":52,"column":75},"end":{"line":208,"column":1}},"line":52},"1":{"name":"(anonymous_1)","decl":{"start":{"line":56,"column":8},"end":{"line":56,"column":9}},"loc":{"start":{"line":56,"column":32},"end":{"line":74,"column":9}},"line":56},"2":{"name":"(anonymous_2)","decl":{"start":{"line":57,"column":61},"end":{"line":57,"column":62}},"loc":{"start":{"line":57,"column":81},"end":{"line":73,"column":13}},"line":57},"3":{"name":"(anonymous_3)","decl":{"start":{"line":64,"column":24},"end":{"line":64,"column":25}},"loc":{"start":{"line":65,"column":28},"end":{"line":66,"column":106}},"line":65},"4":{"name":"(anonymous_4)","decl":{"start":{"line":66,"column":70},"end":{"line":66,"column":71}},"loc":{"start":{"line":66,"column":86},"end":{"line":66,"column":105}},"line":66},"5":{"name":"(anonymous_5)","decl":{"start":{"line":78,"column":54},"end":{"line":78,"column":55}},"loc":{"start":{"line":78,"column":95},"end":{"line":84,"column":5}},"line":78},"6":{"name":"(anonymous_6)","decl":{"start":{"line":87,"column":8},"end":{"line":87,"column":9}},"loc":{"start":{"line":87,"column":49},"end":{"line":95,"column":9}},"line":87},"7":{"name":"(anonymous_7)","decl":{"start":{"line":100,"column":8},"end":{"line":100,"column":9}},"loc":{"start":{"line":100,"column":49},"end":{"line":110,"column":9}},"line":100},"8":{"name":"(anonymous_8)","decl":{"start":{"line":114,"column":33},"end":{"line":114,"column":34}},"loc":{"start":{"line":114,"column":39},"end":{"line":138,"column":5}},"line":114}},"branchMap":{"0":{"loc":{"start":{"line":58,"column":16},"end":{"line":60,"column":17}},"type":"if","locations":[{"start":{"line":58,"column":16},"end":{"line":60,"column":17}},{"start":{},"end":{}}],"line":58},"1":{"loc":{"start":{"line":58,"column":20},"end":{"line":58,"column":85}},"type":"binary-expr","locations":[{"start":{"line":58,"column":20},"end":{"line":58,"column":35}},{"start":{"line":58,"column":39},"end":{"line":58,"column":85}}],"line":58},"2":{"loc":{"start":{"line":62,"column":16},"end":{"line":70,"column":17}},"type":"if","locations":[{"start":{"line":62,"column":16},"end":{"line":70,"column":17}},{"start":{},"end":{}}],"line":62},"3":{"loc":{"start":{"line":65,"column":28},"end":{"line":66,"column":106}},"type":"binary-expr","locations":[{"start":{"line":65,"column":28},"end":{"line":65,"column":58}},{"start":{"line":66,"column":28},"end":{"line":66,"column":106}}],"line":65},"4":{"loc":{"start":{"line":89,"column":12},"end":{"line":93,"column":13}},"type":"if","locations":[{"start":{"line":89,"column":12},"end":{"line":93,"column":13}},{"start":{},"end":{}}],"line":89},"5":{"loc":{"start":{"line":103,"column":16},"end":{"line":107,"column":17}},"type":"if","locations":[{"start":{"line":103,"column":16},"end":{"line":107,"column":17}},{"start":{},"end":{}}],"line":103},"6":{"loc":{"start":{"line":117,"column":12},"end":{"line":134,"column":13}},"type":"if","locations":[{"start":{"line":117,"column":12},"end":{"line":134,"column":13}},{"start":{},"end":{}}],"line":117},"7":{"loc":{"start":{"line":117,"column":16},"end":{"line":117,"column":99}},"type":"binary-expr","locations":[{"start":{"line":117,"column":16},"end":{"line":117,"column":50}},{"start":{"line":117,"column":54},"end":{"line":117,"column":99}}],"line":117},"8":{"loc":{"start":{"line":121,"column":20},"end":{"line":132,"column":21}},"type":"switch","locations":[{"start":{"line":122,"column":24},"end":{"line":124,"column":34}},{"start":{"line":125,"column":24},"end":{"line":127,"column":34}},{"start":{"line":128,"column":24},"end":{"line":128,"column":31}},{"start":{"line":129,"column":24},"end":{"line":131,"column":34}}],"line":121}},"s":{"0":27,"1":25,"2":1,"3":2,"4":0,"5":2,"6":4,"7":1,"8":0,"9":2,"10":25,"11":0,"12":0,"13":0,"14":0,"15":25,"16":1,"17":1,"18":1,"19":2,"20":1,"21":25,"22":1,"23":1,"24":1,"25":1,"26":1,"27":1,"28":25,"29":17,"30":17,"31":51,"32":1,"33":1,"34":1,"35":2,"36":0,"37":0,"38":1,"39":1,"40":1,"41":1,"42":17,"43":25,"44":25},"f":{"0":27,"1":1,"2":2,"3":4,"4":1,"5":0,"6":1,"7":1,"8":17},"b":{"0":[0,2],"1":[2,0],"2":[0,2],"3":[4,1],"4":[1,0],"5":[1,0],"6":[1,50],"7":[51,45],"8":[0,1,1,1]},"_coverageSchema":"1a1c01bbd47fc00a2c39e90264f33305004495a9","hash":"4f81d0a52bb00805ef1d83ec517ece04b23ea65e"}
,"/codebuild/output/src2267051327/src/source/ui/src/components/KeyValueList.tsx": {"path":"/codebuild/output/src2267051327/src/source/ui/src/components/KeyValueList.tsx","statementMap":{"0":{"start":{"line":28,"column":22},"end":{"line":28,"column":50}},"1":{"start":{"line":30,"column":4},"end":{"line":35,"column":34}},"2":{"start":{"line":31,"column":8},"end":{"line":34,"column":9}},"3":{"start":{"line":32,"column":36},"end":{"line":32,"column":106}},"4":{"start":{"line":33,"column":12},"end":{"line":33,"column":66}},"5":{"start":{"line":33,"column":33},"end":{"line":33,"column":66}},"6":{"start":{"line":37,"column":19},"end":{"line":37,"column":115}},"7":{"start":{"line":40,"column":4},"end":{"line":90,"column":5}},"8":{"start":{"line":41,"column":8},"end":{"line":41,"column":79}},"9":{"start":{"line":44,"column":8},"end":{"line":88,"column":9}},"10":{"start":{"line":45,"column":35},"end":{"line":45,"column":68}},"11":{"start":{"line":46,"column":12},"end":{"line":87,"column":14}},"12":{"start":{"line":54,"column":28},"end":{"line":83,"column":39}},"13":{"start":{"line":64,"column":44},"end":{"line":79,"column":50}},"14":{"start":{"line":73,"column":52},"end":{"line":73,"column":81}},"15":{"start":{"line":89,"column":8},"end":{"line":89,"column":66}},"16":{"start":{"line":93,"column":27},"end":{"line":110,"column":1}},"17":{"start":{"line":94,"column":43},"end":{"line":94,"column":45}},"18":{"start":{"line":95,"column":37},"end":{"line":95,"column":41}},"19":{"start":{"line":96,"column":37},"end":{"line":96,"column":39}},"20":{"start":{"line":97,"column":4},"end":{"line":107,"column":5}},"21":{"start":{"line":98,"column":8},"end":{"line":106,"column":9}},"22":{"start":{"line":99,"column":12},"end":{"line":101,"column":13}},"23":{"start":{"line":100,"column":16},"end":{"line":100,"column":50}},"24":{"start":{"line":102,"column":12},"end":{"line":102,"column":42}},"25":{"start":{"line":103,"column":12},"end":{"line":103,"column":34}},"26":{"start":{"line":105,"column":12},"end":{"line":105,"column":36}},"27":{"start":{"line":108,"column":4},"end":{"line":108,"column":38}},"28":{"start":{"line":109,"column":4},"end":{"line":109,"column":26}}},"fnMap":{"0":{"name":"KeyValueList","decl":{"start":{"line":27,"column":24},"end":{"line":27,"column":36}},"loc":{"start":{"line":27,"column":63},"end":{"line":91,"column":1}},"line":27},"1":{"name":"(anonymous_1)","decl":{"start":{"line":30,"column":14},"end":{"line":30,"column":15}},"loc":{"start":{"line":30,"column":20},"end":{"line":35,"column":5}},"line":30},"2":{"name":"(anonymous_2)","decl":{"start":{"line":53,"column":44},"end":{"line":53,"column":45}},"loc":{"start":{"line":54,"column":28},"end":{"line":83,"column":39}},"line":54},"3":{"name":"(anonymous_3)","decl":{"start":{"line":63,"column":40},"end":{"line":63,"column":41}},"loc":{"start":{"line":64,"column":44},"end":{"line":79,"column":50}},"line":64},"4":{"name":"(anonymous_4)","decl":{"start":{"line":72,"column":57},"end":{"line":72,"column":58}},"loc":{"start":{"line":72,"column":63},"end":{"line":74,"column":49}},"line":72},"5":{"name":"(anonymous_5)","decl":{"start":{"line":93,"column":27},"end":{"line":93,"column":28}},"loc":{"start":{"line":93,"column":54},"end":{"line":110,"column":1}},"line":93}},"branchMap":{"0":{"loc":{"start":{"line":31,"column":8},"end":{"line":34,"column":9}},"type":"if","locations":[{"start":{"line":31,"column":8},"end":{"line":34,"column":9}},{"start":{},"end":{}}],"line":31},"1":{"loc":{"start":{"line":33,"column":12},"end":{"line":33,"column":66}},"type":"if","locations":[{"start":{"line":33,"column":12},"end":{"line":33,"column":66}},{"start":{},"end":{}}],"line":33},"2":{"loc":{"start":{"line":40,"column":4},"end":{"line":90,"column":5}},"type":"if","locations":[{"start":{"line":40,"column":4},"end":{"line":90,"column":5}},{"start":{"line":42,"column":11},"end":{"line":90,"column":5}}],"line":40},"3":{"loc":{"start":{"line":40,"column":8},"end":{"line":40,"column":69}},"type":"binary-expr","locations":[{"start":{"line":40,"column":8},"end":{"line":40,"column":44}},{"start":{"line":40,"column":48},"end":{"line":40,"column":69}}],"line":40},"4":{"loc":{"start":{"line":44,"column":8},"end":{"line":88,"column":9}},"type":"if","locations":[{"start":{"line":44,"column":8},"end":{"line":88,"column":9}},{"start":{},"end":{}}],"line":44},"5":{"loc":{"start":{"line":50,"column":42},"end":{"line":50,"column":67}},"type":"binary-expr","locations":[{"start":{"line":50,"column":42},"end":{"line":50,"column":62}},{"start":{"line":50,"column":66},"end":{"line":50,"column":67}}],"line":50},"6":{"loc":{"start":{"line":78,"column":52},"end":{"line":78,"column":104}},"type":"binary-expr","locations":[{"start":{"line":78,"column":53},"end":{"line":78,"column":58}},{"start":{"line":78,"column":62},"end":{"line":78,"column":82}},{"start":{"line":78,"column":87},"end":{"line":78,"column":104}}],"line":78},"7":{"loc":{"start":{"line":98,"column":8},"end":{"line":106,"column":9}},"type":"if","locations":[{"start":{"line":98,"column":8},"end":{"line":106,"column":9}},{"start":{"line":104,"column":15},"end":{"line":106,"column":9}}],"line":98},"8":{"loc":{"start":{"line":99,"column":12},"end":{"line":101,"column":13}},"type":"if","locations":[{"start":{"line":99,"column":12},"end":{"line":101,"column":13}},{"start":{},"end":{}}],"line":99}},"s":{"0":10,"1":10,"2":9,"3":2,"4":2,"5":0,"6":10,"7":10,"8":1,"9":9,"10":4,"11":4,"12":8,"13":8,"14":1,"15":5,"16":7,"17":4,"18":4,"19":4,"20":4,"21":8,"22":8,"23":4,"24":8,"25":8,"26":0,"27":4,"28":4},"f":{"0":10,"1":9,"2":8,"3":8,"4":1,"5":4},"b":{"0":[2,7],"1":[0,2],"2":[1,9],"3":[10,5],"4":[4,5],"5":[4,0],"6":[8,8,0],"7":[8,0],"8":[4,4]},"_coverageSchema":"1a1c01bbd47fc00a2c39e90264f33305004495a9","hash":"9edebd46ddea2640d166b858aec73fc70674c8e1"}
,"/codebuild/output/src2267051327/src/source/ui/src/components/TextractTab.tsx": {"path":"/codebuild/output/src2267051327/src/source/ui/src/components/TextractTab.tsx","statementMap":{"0":{"start":{"line":40,"column":29},"end":{"line":49,"column":86}},"1":{"start":{"line":41,"column":28},"end":{"line":41,"column":47}},"2":{"start":{"line":42,"column":8},"end":{"line":44,"column":9}},"3":{"start":{"line":43,"column":12},"end":{"line":43,"column":104}},"4":{"start":{"line":43,"column":59},"end":{"line":43,"column":102}},"5":{"start":{"line":45,"column":8},"end":{"line":48,"column":12}},"6":{"start":{"line":45,"column":59},"end":{"line":48,"column":9}},"7":{"start":{"line":51,"column":29},"end":{"line":59,"column":80}},"8":{"start":{"line":52,"column":28},"end":{"line":52,"column":41}},"9":{"start":{"line":53,"column":8},"end":{"line":55,"column":9}},"10":{"start":{"line":54,"column":12},"end":{"line":54,"column":104}},"11":{"start":{"line":54,"column":59},"end":{"line":54,"column":102}},"12":{"start":{"line":56,"column":8},"end":{"line":58,"column":107}},"13":{"start":{"line":57,"column":12},"end":{"line":57,"column":112}},"14":{"start":{"line":61,"column":23},"end":{"line":65,"column":79}},"15":{"start":{"line":62,"column":8},"end":{"line":64,"column":27}},"16":{"start":{"line":63,"column":41},"end":{"line":63,"column":81}},"17":{"start":{"line":67,"column":4},"end":{"line":154,"column":6}}},"fnMap":{"0":{"name":"TextractTab","decl":{"start":{"line":39,"column":24},"end":{"line":39,"column":35}},"loc":{"start":{"line":39,"column":61},"end":{"line":155,"column":1}},"line":39},"1":{"name":"(anonymous_1)","decl":{"start":{"line":40,"column":37},"end":{"line":40,"column":38}},"loc":{"start":{"line":40,"column":43},"end":{"line":49,"column":5}},"line":40},"2":{"name":"(anonymous_2)","decl":{"start":{"line":43,"column":49},"end":{"line":43,"column":50}},"loc":{"start":{"line":43,"column":59},"end":{"line":43,"column":102}},"line":43},"3":{"name":"(anonymous_3)","decl":{"start":{"line":45,"column":33},"end":{"line":45,"column":34}},"loc":{"start":{"line":45,"column":59},"end":{"line":48,"column":9}},"line":45},"4":{"name":"(anonymous_4)","decl":{"start":{"line":51,"column":37},"end":{"line":51,"column":38}},"loc":{"start":{"line":51,"column":43},"end":{"line":59,"column":5}},"line":51},"5":{"name":"(anonymous_5)","decl":{"start":{"line":54,"column":49},"end":{"line":54,"column":50}},"loc":{"start":{"line":54,"column":59},"end":{"line":54,"column":102}},"line":54},"6":{"name":"(anonymous_6)","decl":{"start":{"line":56,"column":36},"end":{"line":56,"column":37}},"loc":{"start":{"line":56,"column":87},"end":{"line":58,"column":9}},"line":56},"7":{"name":"(anonymous_7)","decl":{"start":{"line":61,"column":31},"end":{"line":61,"column":32}},"loc":{"start":{"line":61,"column":37},"end":{"line":65,"column":5}},"line":61},"8":{"name":"(anonymous_8)","decl":{"start":{"line":63,"column":34},"end":{"line":63,"column":35}},"loc":{"start":{"line":63,"column":41},"end":{"line":63,"column":81}},"line":63}},"branchMap":{"0":{"loc":{"start":{"line":42,"column":8},"end":{"line":44,"column":9}},"type":"if","locations":[{"start":{"line":42,"column":8},"end":{"line":44,"column":9}},{"start":{},"end":{}}],"line":42},"1":{"loc":{"start":{"line":53,"column":8},"end":{"line":55,"column":9}},"type":"if","locations":[{"start":{"line":53,"column":8},"end":{"line":55,"column":9}},{"start":{},"end":{}}],"line":53},"2":{"loc":{"start":{"line":62,"column":15},"end":{"line":64,"column":26}},"type":"cond-expr","locations":[{"start":{"line":63,"column":14},"end":{"line":63,"column":82}},{"start":{"line":64,"column":14},"end":{"line":64,"column":26}}],"line":62},"3":{"loc":{"start":{"line":71,"column":21},"end":{"line":80,"column":21}},"type":"binary-expr","locations":[{"start":{"line":71,"column":21},"end":{"line":71,"column":67}},{"start":{"line":72,"column":24},"end":{"line":79,"column":26}}],"line":71},"4":{"loc":{"start":{"line":81,"column":21},"end":{"line":90,"column":21}},"type":"binary-expr","locations":[{"start":{"line":81,"column":21},"end":{"line":81,"column":74}},{"start":{"line":82,"column":24},"end":{"line":89,"column":26}}],"line":81},"5":{"loc":{"start":{"line":91,"column":21},"end":{"line":100,"column":21}},"type":"binary-expr","locations":[{"start":{"line":91,"column":21},"end":{"line":91,"column":65}},{"start":{"line":92,"column":24},"end":{"line":99,"column":26}}],"line":91},"6":{"loc":{"start":{"line":122,"column":29},"end":{"line":130,"column":29}},"type":"binary-expr","locations":[{"start":{"line":122,"column":29},"end":{"line":122,"column":75}},{"start":{"line":123,"column":32},"end":{"line":129,"column":34}}],"line":122},"7":{"loc":{"start":{"line":131,"column":29},"end":{"line":139,"column":29}},"type":"binary-expr","locations":[{"start":{"line":131,"column":29},"end":{"line":131,"column":82}},{"start":{"line":132,"column":32},"end":{"line":138,"column":34}}],"line":131},"8":{"loc":{"start":{"line":140,"column":29},"end":{"line":148,"column":29}},"type":"binary-expr","locations":[{"start":{"line":140,"column":29},"end":{"line":140,"column":73}},{"start":{"line":141,"column":32},"end":{"line":147,"column":34}}],"line":140}},"s":{"0":10,"1":9,"2":9,"3":7,"4":2,"5":9,"6":2,"7":9,"8":9,"9":9,"10":7,"11":2,"12":9,"13":1,"14":9,"15":9,"16":2,"17":9},"f":{"0":10,"1":9,"2":2,"3":2,"4":9,"5":2,"6":1,"7":9,"8":2},"b":{"0":[7,2],"1":[7,2],"2":[7,2],"3":[9,4],"4":[9,3],"5":[9,2],"6":[9,4],"7":[9,3],"8":[9,2]},"_coverageSchema":"1a1c01bbd47fc00a2c39e90264f33305004495a9","hash":"69a39d086794ce97e10644732e0afadf6455a8db"}
,"/codebuild/output/src2267051327/src/source/ui/src/components/UploadDocumentView.tsx": {"path":"/codebuild/output/src2267051327/src/source/ui/src/components/UploadDocumentView.tsx","statementMap":{"0":{"start":{"line":74,"column":27},"end":{"line":74,"column":29}},"1":{"start":{"line":75,"column":45},"end":{"line":75,"column":47}},"2":{"start":{"line":77,"column":26},"end":{"line":99,"column":5}},"3":{"start":{"line":78,"column":8},"end":{"line":88,"column":9}},"4":{"start":{"line":79,"column":12},"end":{"line":87,"column":13}},"5":{"start":{"line":80,"column":36},"end":{"line":85,"column":17}},"6":{"start":{"line":86,"column":16},"end":{"line":86,"column":45}},"7":{"start":{"line":89,"column":8},"end":{"line":98,"column":9}},"8":{"start":{"line":90,"column":12},"end":{"line":97,"column":15}},"9":{"start":{"line":101,"column":4},"end":{"line":101,"column":20}},"10":{"start":{"line":104,"column":4},"end":{"line":106,"column":5}},"11":{"start":{"line":105,"column":8},"end":{"line":105,"column":30}},"12":{"start":{"line":108,"column":36},"end":{"line":108,"column":67}},"13":{"start":{"line":109,"column":38},"end":{"line":109,"column":98}},"14":{"start":{"line":110,"column":56},"end":{"line":113,"column":6}},"15":{"start":{"line":114,"column":42},"end":{"line":114,"column":68}},"16":{"start":{"line":115,"column":50},"end":{"line":115,"column":71}},"17":{"start":{"line":116,"column":48},"end":{"line":116,"column":84}},"18":{"start":{"line":117,"column":58},"end":{"line":117,"column":86}},"19":{"start":{"line":118,"column":58},"end":{"line":118,"column":76}},"20":{"start":{"line":119,"column":48},"end":{"line":119,"column":65}},"21":{"start":{"line":120,"column":52},"end":{"line":120,"column":70}},"22":{"start":{"line":121,"column":54},"end":{"line":121,"column":75}},"23":{"start":{"line":122,"column":52},"end":{"line":122,"column":80}},"24":{"start":{"line":123,"column":50},"end":{"line":123,"column":71}},"25":{"start":{"line":124,"column":84},"end":{"line":124,"column":100}},"26":{"start":{"line":125,"column":21},"end":{"line":125,"column":34}},"27":{"start":{"line":127,"column":25},"end":{"line":127,"column":107}},"28":{"start":{"line":128,"column":31},"end":{"line":128,"column":35}},"29":{"start":{"line":130,"column":4},"end":{"line":139,"column":68}},"30":{"start":{"line":131,"column":33},"end":{"line":131,"column":91}},"31":{"start":{"line":133,"column":8},"end":{"line":137,"column":9}},"32":{"start":{"line":134,"column":12},"end":{"line":136,"column":13}},"33":{"start":{"line":135,"column":16},"end":{"line":135,"column":47}},"34":{"start":{"line":138,"column":8},"end":{"line":138,"column":62}},"35":{"start":{"line":141,"column":4},"end":{"line":157,"column":26}},"36":{"start":{"line":142,"column":26},"end":{"line":151,"column":9}},"37":{"start":{"line":143,"column":12},"end":{"line":143,"column":42}},"38":{"start":{"line":144,"column":12},"end":{"line":148,"column":15}},"39":{"start":{"line":149,"column":28},"end":{"line":149,"column":60}},"40":{"start":{"line":150,"column":12},"end":{"line":150,"column":40}},"41":{"start":{"line":152,"column":8},"end":{"line":156,"column":9}},"42":{"start":{"line":153,"column":12},"end":{"line":153,"column":24}},"43":{"start":{"line":154,"column":12},"end":{"line":154,"column":28}},"44":{"start":{"line":155,"column":12},"end":{"line":155,"column":38}},"45":{"start":{"line":159,"column":32},"end":{"line":181,"column":5}},"46":{"start":{"line":160,"column":8},"end":{"line":160,"column":32}},"47":{"start":{"line":161,"column":8},"end":{"line":180,"column":9}},"48":{"start":{"line":162,"column":12},"end":{"line":168,"column":13}},"49":{"start":{"line":163,"column":16},"end":{"line":165,"column":18}},"50":{"start":{"line":167,"column":16},"end":{"line":167,"column":43}},"51":{"start":{"line":169,"column":15},"end":{"line":180,"column":9}},"52":{"start":{"line":170,"column":12},"end":{"line":178,"column":13}},"53":{"start":{"line":171,"column":42},"end":{"line":171,"column":57}},"54":{"start":{"line":172,"column":16},"end":{"line":172,"column":88}},"55":{"start":{"line":172,"column":53},"end":{"line":172,"column":86}},"56":{"start":{"line":173,"column":16},"end":{"line":177,"column":17}},"57":{"start":{"line":174,"column":20},"end":{"line":176,"column":22}},"58":{"start":{"line":179,"column":12},"end":{"line":179,"column":37}},"59":{"start":{"line":183,"column":23},"end":{"line":207,"column":5}},"60":{"start":{"line":189,"column":23},"end":{"line":189,"column":37}},"61":{"start":{"line":190,"column":8},"end":{"line":192,"column":9}},"62":{"start":{"line":191,"column":12},"end":{"line":191,"column":40}},"63":{"start":{"line":193,"column":8},"end":{"line":193,"column":46}},"64":{"start":{"line":194,"column":21},"end":{"line":197,"column":9}},"65":{"start":{"line":198,"column":25},"end":{"line":198,"column":53}},"66":{"start":{"line":199,"column":8},"end":{"line":203,"column":9}},"67":{"start":{"line":200,"column":12},"end":{"line":200,"column":110}},"68":{"start":{"line":200,"column":50},"end":{"line":200,"column":108}},"69":{"start":{"line":202,"column":12},"end":{"line":202,"column":105}},"70":{"start":{"line":202,"column":60},"end":{"line":202,"column":103}},"71":{"start":{"line":204,"column":8},"end":{"line":206,"column":9}},"72":{"start":{"line":205,"column":12},"end":{"line":205,"column":39}},"73":{"start":{"line":209,"column":25},"end":{"line":222,"column":5}},"74":{"start":{"line":210,"column":8},"end":{"line":221,"column":9}},"75":{"start":{"line":211,"column":12},"end":{"line":211,"column":42}},"76":{"start":{"line":212,"column":29},"end":{"line":217,"column":14}},"77":{"start":{"line":218,"column":12},"end":{"line":218,"column":28}},"78":{"start":{"line":220,"column":12},"end":{"line":220,"column":31}},"79":{"start":{"line":224,"column":30},"end":{"line":262,"column":5}},"80":{"start":{"line":225,"column":8},"end":{"line":225,"column":46}},"81":{"start":{"line":226,"column":8},"end":{"line":226,"column":60}},"82":{"start":{"line":226,"column":56},"end":{"line":226,"column":58}},"83":{"start":{"line":227,"column":8},"end":{"line":227,"column":35}},"84":{"start":{"line":228,"column":8},"end":{"line":228,"column":29}},"85":{"start":{"line":229,"column":8},"end":{"line":229,"column":33}},"86":{"start":{"line":230,"column":8},"end":{"line":230,"column":36}},"87":{"start":{"line":232,"column":25},"end":{"line":232,"column":44}},"88":{"start":{"line":233,"column":27},"end":{"line":233,"column":29}},"89":{"start":{"line":234,"column":8},"end":{"line":245,"column":9}},"90":{"start":{"line":234,"column":21},"end":{"line":234,"column":22}},"91":{"start":{"line":235,"column":29},"end":{"line":243,"column":14}},"92":{"start":{"line":244,"column":12},"end":{"line":244,"column":42}},"93":{"start":{"line":247,"column":8},"end":{"line":259,"column":11}},"94":{"start":{"line":248,"column":12},"end":{"line":258,"column":15}},"95":{"start":{"line":249,"column":16},"end":{"line":257,"column":17}},"96":{"start":{"line":250,"column":20},"end":{"line":256,"column":21}},"97":{"start":{"line":251,"column":24},"end":{"line":251,"column":119}},"98":{"start":{"line":251,"column":72},"end":{"line":251,"column":117}},"99":{"start":{"line":252,"column":24},"end":{"line":252,"column":94}},"100":{"start":{"line":252,"column":72},"end":{"line":252,"column":92}},"101":{"start":{"line":253,"column":24},"end":{"line":253,"column":56}},"102":{"start":{"line":255,"column":24},"end":{"line":255,"column":90}},"103":{"start":{"line":260,"column":8},"end":{"line":260,"column":33}},"104":{"start":{"line":261,"column":8},"end":{"line":261,"column":27}},"105":{"start":{"line":264,"column":29},"end":{"line":272,"column":5}},"106":{"start":{"line":265,"column":8},"end":{"line":270,"column":9}},"107":{"start":{"line":266,"column":12},"end":{"line":269,"column":14}},"108":{"start":{"line":271,"column":8},"end":{"line":271,"column":21}},"109":{"start":{"line":274,"column":35},"end":{"line":284,"column":5}},"110":{"start":{"line":275,"column":28},"end":{"line":275,"column":49}},"111":{"start":{"line":276,"column":8},"end":{"line":282,"column":9}},"112":{"start":{"line":277,"column":12},"end":{"line":277,"column":37}},"113":{"start":{"line":278,"column":15},"end":{"line":282,"column":9}},"114":{"start":{"line":279,"column":12},"end":{"line":279,"column":41}},"115":{"start":{"line":281,"column":12},"end":{"line":281,"column":39}},"116":{"start":{"line":283,"column":8},"end":{"line":283,"column":41}},"117":{"start":{"line":286,"column":29},"end":{"line":295,"column":5}},"118":{"start":{"line":287,"column":8},"end":{"line":293,"column":9}},"119":{"start":{"line":288,"column":12},"end":{"line":292,"column":14}},"120":{"start":{"line":294,"column":8},"end":{"line":294,"column":21}},"121":{"start":{"line":297,"column":4},"end":{"line":307,"column":60}},"122":{"start":{"line":298,"column":8},"end":{"line":306,"column":9}},"123":{"start":{"line":299,"column":12},"end":{"line":299,"column":44}},"124":{"start":{"line":300,"column":12},"end":{"line":300,"column":82}},"125":{"start":{"line":300,"column":60},"end":{"line":300,"column":80}},"126":{"start":{"line":301,"column":15},"end":{"line":306,"column":9}},"127":{"start":{"line":302,"column":12},"end":{"line":302,"column":46}},"128":{"start":{"line":303,"column":12},"end":{"line":303,"column":90}},"129":{"start":{"line":303,"column":60},"end":{"line":303,"column":88}},"130":{"start":{"line":304,"column":15},"end":{"line":306,"column":9}},"131":{"start":{"line":305,"column":12},"end":{"line":305,"column":50}},"132":{"start":{"line":309,"column":4},"end":{"line":409,"column":6}},"133":{"start":{"line":322,"column":51},"end":{"line":322,"column":73}},"134":{"start":{"line":340,"column":59},"end":{"line":340,"column":78}},"135":{"start":{"line":345,"column":78},"end":{"line":345,"column":91}},"136":{"start":{"line":361,"column":74},"end":{"line":361,"column":118}},"137":{"start":{"line":380,"column":70},"end":{"line":380,"column":103}},"138":{"start":{"line":397,"column":36},"end":{"line":397,"column":74}}},"fnMap":{"0":{"name":"UploadDocumentView","decl":{"start":{"line":73,"column":24},"end":{"line":73,"column":42}},"loc":{"start":{"line":73,"column":75},"end":{"line":410,"column":1}},"line":73},"1":{"name":"(anonymous_1)","decl":{"start":{"line":77,"column":26},"end":{"line":77,"column":27}},"loc":{"start":{"line":77,"column":32},"end":{"line":99,"column":5}},"line":77},"2":{"name":"(anonymous_2)","decl":{"start":{"line":130,"column":20},"end":{"line":130,"column":21}},"loc":{"start":{"line":130,"column":26},"end":{"line":139,"column":5}},"line":130},"3":{"name":"(anonymous_3)","decl":{"start":{"line":141,"column":20},"end":{"line":141,"column":21}},"loc":{"start":{"line":141,"column":26},"end":{"line":157,"column":5}},"line":141},"4":{"name":"(anonymous_4)","decl":{"start":{"line":142,"column":26},"end":{"line":142,"column":27}},"loc":{"start":{"line":142,"column":38},"end":{"line":151,"column":9}},"line":142},"5":{"name":"(anonymous_5)","decl":{"start":{"line":159,"column":32},"end":{"line":159,"column":33}},"loc":{"start":{"line":159,"column":62},"end":{"line":181,"column":5}},"line":159},"6":{"name":"(anonymous_6)","decl":{"start":{"line":172,"column":43},"end":{"line":172,"column":44}},"loc":{"start":{"line":172,"column":53},"end":{"line":172,"column":86}},"line":172},"7":{"name":"(anonymous_7)","decl":{"start":{"line":183,"column":23},"end":{"line":183,"column":24}},"loc":{"start":{"line":188,"column":9},"end":{"line":207,"column":5}},"line":188},"8":{"name":"(anonymous_8)","decl":{"start":{"line":200,"column":30},"end":{"line":200,"column":31}},"loc":{"start":{"line":200,"column":50},"end":{"line":200,"column":108}},"line":200},"9":{"name":"(anonymous_9)","decl":{"start":{"line":202,"column":35},"end":{"line":202,"column":36}},"loc":{"start":{"line":202,"column":60},"end":{"line":202,"column":103}},"line":202},"10":{"name":"(anonymous_10)","decl":{"start":{"line":209,"column":25},"end":{"line":209,"column":26}},"loc":{"start":{"line":209,"column":66},"end":{"line":222,"column":5}},"line":209},"11":{"name":"(anonymous_11)","decl":{"start":{"line":224,"column":30},"end":{"line":224,"column":31}},"loc":{"start":{"line":224,"column":42},"end":{"line":262,"column":5}},"line":224},"12":{"name":"(anonymous_12)","decl":{"start":{"line":226,"column":31},"end":{"line":226,"column":32}},"loc":{"start":{"line":226,"column":56},"end":{"line":226,"column":58}},"line":226},"13":{"name":"(anonymous_13)","decl":{"start":{"line":247,"column":52},"end":{"line":247,"column":53}},"loc":{"start":{"line":247,"column":71},"end":{"line":259,"column":9}},"line":247},"14":{"name":"(anonymous_14)","decl":{"start":{"line":248,"column":28},"end":{"line":248,"column":29}},"loc":{"start":{"line":248,"column":43},"end":{"line":258,"column":13}},"line":248},"15":{"name":"(anonymous_15)","decl":{"start":{"line":251,"column":47},"end":{"line":251,"column":48}},"loc":{"start":{"line":251,"column":72},"end":{"line":251,"column":117}},"line":251},"16":{"name":"(anonymous_16)","decl":{"start":{"line":252,"column":47},"end":{"line":252,"column":48}},"loc":{"start":{"line":252,"column":72},"end":{"line":252,"column":92}},"line":252},"17":{"name":"(anonymous_17)","decl":{"start":{"line":264,"column":29},"end":{"line":264,"column":30}},"loc":{"start":{"line":264,"column":35},"end":{"line":272,"column":5}},"line":264},"18":{"name":"(anonymous_18)","decl":{"start":{"line":274,"column":35},"end":{"line":274,"column":36}},"loc":{"start":{"line":274,"column":76},"end":{"line":284,"column":5}},"line":274},"19":{"name":"(anonymous_19)","decl":{"start":{"line":286,"column":29},"end":{"line":286,"column":30}},"loc":{"start":{"line":286,"column":35},"end":{"line":295,"column":5}},"line":286},"20":{"name":"(anonymous_20)","decl":{"start":{"line":297,"column":20},"end":{"line":297,"column":21}},"loc":{"start":{"line":297,"column":26},"end":{"line":307,"column":5}},"line":297},"21":{"name":"(anonymous_21)","decl":{"start":{"line":300,"column":35},"end":{"line":300,"column":36}},"loc":{"start":{"line":300,"column":60},"end":{"line":300,"column":80}},"line":300},"22":{"name":"(anonymous_22)","decl":{"start":{"line":303,"column":35},"end":{"line":303,"column":36}},"loc":{"start":{"line":303,"column":60},"end":{"line":303,"column":88}},"line":303},"23":{"name":"(anonymous_23)","decl":{"start":{"line":322,"column":40},"end":{"line":322,"column":41}},"loc":{"start":{"line":322,"column":51},"end":{"line":322,"column":73}},"line":322},"24":{"name":"(anonymous_24)","decl":{"start":{"line":340,"column":53},"end":{"line":340,"column":54}},"loc":{"start":{"line":340,"column":59},"end":{"line":340,"column":78}},"line":340},"25":{"name":"(anonymous_25)","decl":{"start":{"line":345,"column":72},"end":{"line":345,"column":73}},"loc":{"start":{"line":345,"column":78},"end":{"line":345,"column":91}},"line":345},"26":{"name":"(anonymous_26)","decl":{"start":{"line":361,"column":58},"end":{"line":361,"column":59}},"loc":{"start":{"line":361,"column":74},"end":{"line":361,"column":118}},"line":361},"27":{"name":"(anonymous_27)","decl":{"start":{"line":380,"column":54},"end":{"line":380,"column":55}},"loc":{"start":{"line":380,"column":70},"end":{"line":380,"column":103}},"line":380},"28":{"name":"(anonymous_28)","decl":{"start":{"line":396,"column":57},"end":{"line":396,"column":58}},"loc":{"start":{"line":397,"column":36},"end":{"line":397,"column":74}},"line":397}},"branchMap":{"0":{"loc":{"start":{"line":78,"column":8},"end":{"line":88,"column":9}},"type":"if","locations":[{"start":{"line":78,"column":8},"end":{"line":88,"column":9}},{"start":{},"end":{}}],"line":78},"1":{"loc":{"start":{"line":95,"column":20},"end":{"line":96,"column":101}},"type":"binary-expr","locations":[{"start":{"line":95,"column":20},"end":{"line":95,"column":57}},{"start":{"line":96,"column":20},"end":{"line":96,"column":101}}],"line":95},"2":{"loc":{"start":{"line":104,"column":4},"end":{"line":106,"column":5}},"type":"if","locations":[{"start":{"line":104,"column":4},"end":{"line":106,"column":5}},{"start":{},"end":{}}],"line":104},"3":{"loc":{"start":{"line":134,"column":12},"end":{"line":136,"column":13}},"type":"if","locations":[{"start":{"line":134,"column":12},"end":{"line":136,"column":13}},{"start":{},"end":{}}],"line":134},"4":{"loc":{"start":{"line":152,"column":8},"end":{"line":156,"column":9}},"type":"if","locations":[{"start":{"line":152,"column":8},"end":{"line":156,"column":9}},{"start":{},"end":{}}],"line":152},"5":{"loc":{"start":{"line":152,"column":12},"end":{"line":152,"column":47}},"type":"binary-expr","locations":[{"start":{"line":152,"column":12},"end":{"line":152,"column":28}},{"start":{"line":152,"column":32},"end":{"line":152,"column":47}}],"line":152},"6":{"loc":{"start":{"line":161,"column":8},"end":{"line":180,"column":9}},"type":"if","locations":[{"start":{"line":161,"column":8},"end":{"line":180,"column":9}},{"start":{"line":169,"column":15},"end":{"line":180,"column":9}}],"line":161},"7":{"loc":{"start":{"line":162,"column":12},"end":{"line":168,"column":13}},"type":"if","locations":[{"start":{"line":162,"column":12},"end":{"line":168,"column":13}},{"start":{"line":166,"column":19},"end":{"line":168,"column":13}}],"line":162},"8":{"loc":{"start":{"line":162,"column":16},"end":{"line":162,"column":76}},"type":"binary-expr","locations":[{"start":{"line":162,"column":16},"end":{"line":162,"column":36}},{"start":{"line":162,"column":40},"end":{"line":162,"column":76}}],"line":162},"9":{"loc":{"start":{"line":169,"column":15},"end":{"line":180,"column":9}},"type":"if","locations":[{"start":{"line":169,"column":15},"end":{"line":180,"column":9}},{"start":{},"end":{}}],"line":169},"10":{"loc":{"start":{"line":170,"column":12},"end":{"line":178,"column":13}},"type":"if","locations":[{"start":{"line":170,"column":12},"end":{"line":178,"column":13}},{"start":{},"end":{}}],"line":170},"11":{"loc":{"start":{"line":173,"column":16},"end":{"line":177,"column":17}},"type":"if","locations":[{"start":{"line":173,"column":16},"end":{"line":177,"column":17}},{"start":{},"end":{}}],"line":173},"12":{"loc":{"start":{"line":199,"column":8},"end":{"line":203,"column":9}},"type":"if","locations":[{"start":{"line":199,"column":8},"end":{"line":203,"column":9}},{"start":{"line":201,"column":15},"end":{"line":203,"column":9}}],"line":199},"13":{"loc":{"start":{"line":199,"column":12},"end":{"line":199,"column":59}},"type":"binary-expr","locations":[{"start":{"line":199,"column":12},"end":{"line":199,"column":34}},{"start":{"line":199,"column":38},"end":{"line":199,"column":59}}],"line":199},"14":{"loc":{"start":{"line":204,"column":8},"end":{"line":206,"column":9}},"type":"if","locations":[{"start":{"line":204,"column":8},"end":{"line":206,"column":9}},{"start":{},"end":{}}],"line":204},"15":{"loc":{"start":{"line":209,"column":50},"end":{"line":209,"column":61}},"type":"default-arg","locations":[{"start":{"line":209,"column":59},"end":{"line":209,"column":61}}],"line":209},"16":{"loc":{"start":{"line":249,"column":16},"end":{"line":257,"column":17}},"type":"if","locations":[{"start":{"line":249,"column":16},"end":{"line":257,"column":17}},{"start":{},"end":{}}],"line":249},"17":{"loc":{"start":{"line":250,"column":20},"end":{"line":256,"column":21}},"type":"if","locations":[{"start":{"line":250,"column":20},"end":{"line":256,"column":21}},{"start":{"line":254,"column":27},"end":{"line":256,"column":21}}],"line":250},"18":{"loc":{"start":{"line":265,"column":8},"end":{"line":270,"column":9}},"type":"if","locations":[{"start":{"line":265,"column":8},"end":{"line":270,"column":9}},{"start":{},"end":{}}],"line":265},"19":{"loc":{"start":{"line":265,"column":12},"end":{"line":265,"column":101}},"type":"binary-expr","locations":[{"start":{"line":265,"column":12},"end":{"line":265,"column":50}},{"start":{"line":265,"column":54},"end":{"line":265,"column":101}}],"line":265},"20":{"loc":{"start":{"line":276,"column":8},"end":{"line":282,"column":9}},"type":"if","locations":[{"start":{"line":276,"column":8},"end":{"line":282,"column":9}},{"start":{"line":278,"column":15},"end":{"line":282,"column":9}}],"line":276},"21":{"loc":{"start":{"line":278,"column":15},"end":{"line":282,"column":9}},"type":"if","locations":[{"start":{"line":278,"column":15},"end":{"line":282,"column":9}},{"start":{"line":280,"column":15},"end":{"line":282,"column":9}}],"line":278},"22":{"loc":{"start":{"line":287,"column":8},"end":{"line":293,"column":9}},"type":"if","locations":[{"start":{"line":287,"column":8},"end":{"line":293,"column":9}},{"start":{},"end":{}}],"line":287},"23":{"loc":{"start":{"line":287,"column":12},"end":{"line":287,"column":101}},"type":"binary-expr","locations":[{"start":{"line":287,"column":12},"end":{"line":287,"column":50}},{"start":{"line":287,"column":54},"end":{"line":287,"column":101}}],"line":287},"24":{"loc":{"start":{"line":289,"column":16},"end":{"line":291,"column":61}},"type":"binary-expr","locations":[{"start":{"line":289,"column":16},"end":{"line":289,"column":38}},{"start":{"line":290,"column":16},"end":{"line":291,"column":61}}],"line":289},"25":{"loc":{"start":{"line":298,"column":8},"end":{"line":306,"column":9}},"type":"if","locations":[{"start":{"line":298,"column":8},"end":{"line":306,"column":9}},{"start":{"line":301,"column":15},"end":{"line":306,"column":9}}],"line":298},"26":{"loc":{"start":{"line":298,"column":12},"end":{"line":298,"column":53}},"type":"binary-expr","locations":[{"start":{"line":298,"column":12},"end":{"line":298,"column":32}},{"start":{"line":298,"column":36},"end":{"line":298,"column":53}}],"line":298},"27":{"loc":{"start":{"line":301,"column":15},"end":{"line":306,"column":9}},"type":"if","locations":[{"start":{"line":301,"column":15},"end":{"line":306,"column":9}},{"start":{"line":304,"column":15},"end":{"line":306,"column":9}}],"line":301},"28":{"loc":{"start":{"line":301,"column":19},"end":{"line":301,"column":61}},"type":"binary-expr","locations":[{"start":{"line":301,"column":19},"end":{"line":301,"column":40}},{"start":{"line":301,"column":44},"end":{"line":301,"column":61}}],"line":301},"29":{"loc":{"start":{"line":304,"column":15},"end":{"line":306,"column":9}},"type":"if","locations":[{"start":{"line":304,"column":15},"end":{"line":306,"column":9}},{"start":{},"end":{}}],"line":304},"30":{"loc":{"start":{"line":304,"column":19},"end":{"line":304,"column":83}},"type":"binary-expr","locations":[{"start":{"line":304,"column":19},"end":{"line":304,"column":37}},{"start":{"line":304,"column":41},"end":{"line":304,"column":61}},{"start":{"line":304,"column":65},"end":{"line":304,"column":83}}],"line":304},"31":{"loc":{"start":{"line":326,"column":41},"end":{"line":335,"column":41}},"type":"binary-expr","locations":[{"start":{"line":326,"column":41},"end":{"line":326,"column":56}},{"start":{"line":327,"column":44},"end":{"line":334,"column":46}}],"line":326},"32":{"loc":{"start":{"line":390,"column":25},"end":{"line":400,"column":25}},"type":"binary-expr","locations":[{"start":{"line":390,"column":25},"end":{"line":390,"column":69}},{"start":{"line":390,"column":73},"end":{"line":390,"column":103}},{"start":{"line":391,"column":28},"end":{"line":399,"column":36}}],"line":390}},"s":{"0":23,"1":23,"2":23,"3":24,"4":23,"5":40,"6":40,"7":23,"8":38,"9":23,"10":22,"11":19,"12":22,"13":22,"14":22,"15":22,"16":22,"17":22,"18":22,"19":22,"20":22,"21":22,"22":22,"23":22,"24":22,"25":22,"26":22,"27":22,"28":22,"29":22,"30":8,"31":8,"32":3,"33":0,"34":8,"35":22,"36":7,"37":1,"38":1,"39":1,"40":1,"41":7,"42":1,"43":1,"44":1,"45":22,"46":3,"47":3,"48":0,"49":0,"50":0,"51":3,"52":3,"53":3,"54":3,"55":3,"56":3,"57":1,"58":3,"59":22,"60":0,"61":0,"62":0,"63":0,"64":0,"65":0,"66":0,"67":0,"68":0,"69":0,"70":0,"71":0,"72":0,"73":22,"74":3,"75":3,"76":3,"77":3,"78":0,"79":22,"80":3,"81":3,"82":3,"83":3,"84":3,"85":3,"86":3,"87":3,"88":3,"89":3,"90":3,"91":3,"92":3,"93":3,"94":3,"95":3,"96":3,"97":3,"98":3,"99":3,"100":2,"101":3,"102":0,"103":3,"104":3,"105":22,"106":22,"107":19,"108":3,"109":22,"110":3,"111":3,"112":3,"113":0,"114":0,"115":0,"116":3,"117":22,"118":22,"119":19,"120":3,"121":22,"122":8,"123":0,"124":0,"125":0,"126":8,"127":0,"128":0,"129":0,"130":8,"131":0,"132":22,"133":3,"134":3,"135":0,"136":0,"137":3,"138":4},"f":{"0":23,"1":24,"2":8,"3":7,"4":1,"5":3,"6":3,"7":0,"8":0,"9":0,"10":3,"11":3,"12":3,"13":3,"14":3,"15":3,"16":2,"17":22,"18":3,"19":22,"20":8,"21":0,"22":0,"23":3,"24":3,"25":0,"26":0,"27":3,"28":4},"b":{"0":[23,0],"1":[38,0],"2":[19,3],"3":[0,3],"4":[1,6],"5":[7,7],"6":[0,3],"7":[0,0],"8":[0,0],"9":[3,0],"10":[3,0],"11":[1,2],"12":[0,0],"13":[0,0],"14":[0,0],"15":[0],"16":[3,0],"17":[3,0],"18":[19,3],"19":[22,19],"20":[3,0],"21":[0,0],"22":[19,3],"23":[22,19],"24":[19,7],"25":[0,8],"26":[8,8],"27":[0,8],"28":[8,0],"29":[0,8],"30":[8,0,0],"31":[22,5],"32":[22,2,2]},"_coverageSchema":"1a1c01bbd47fc00a2c39e90264f33305004495a9","hash":"bc2dc725988e754c3981c4db9889857ed0b06d9b"}
,"/codebuild/output/src2267051327/src/source/ui/src/components/entityUtils.ts": {"path":"/codebuild/output/src2267051327/src/source/ui/src/components/entityUtils.ts","statementMap":{"0":{"start":{"line":26,"column":4},"end":{"line":38,"column":5}},"1":{"start":{"line":28,"column":12},"end":{"line":28,"column":46}},"2":{"start":{"line":29,"column":12},"end":{"line":29,"column":18}},"3":{"start":{"line":32,"column":12},"end":{"line":32,"column":45}},"4":{"start":{"line":33,"column":12},"end":{"line":33,"column":18}},"5":{"start":{"line":36,"column":12},"end":{"line":36,"column":41}},"6":{"start":{"line":39,"column":4},"end":{"line":39,"column":20}}},"fnMap":{"0":{"name":"getEntitiesToProcess","decl":{"start":{"line":23,"column":16},"end":{"line":23,"column":36}},"loc":{"start":{"line":23,"column":69},"end":{"line":40,"column":1}},"line":23}},"branchMap":{"0":{"loc":{"start":{"line":26,"column":4},"end":{"line":38,"column":5}},"type":"switch","locations":[{"start":{"line":27,"column":8},"end":{"line":30,"column":9}},{"start":{"line":31,"column":8},"end":{"line":34,"column":9}},{"start":{"line":35,"column":8},"end":{"line":37,"column":9}}],"line":26}},"s":{"0":27,"1":25,"2":25,"3":1,"4":1,"5":1,"6":27},"f":{"0":27},"b":{"0":[25,1,1]},"_coverageSchema":"1a1c01bbd47fc00a2c39e90264f33305004495a9","hash":"84f791fc63658219cd8054a27cc88d7ba75b10e8"}
,"/codebuild/output/src2267051327/src/source/ui/src/components/makeData.ts": {"path":"/codebuild/output/src2267051327/src/source/ui/src/components/makeData.ts","statementMap":{"0":{"start":{"line":18,"column":0},"end":{"line":18,"column":18}},"1":{"start":{"line":54,"column":23},"end":{"line":54,"column":25}},"2":{"start":{"line":55,"column":43},"end":{"line":55,"column":45}},"3":{"start":{"line":58,"column":4},"end":{"line":62,"column":5}},"4":{"start":{"line":59,"column":8},"end":{"line":61,"column":9}},"5":{"start":{"line":60,"column":12},"end":{"line":60,"column":63}},"6":{"start":{"line":65,"column":4},"end":{"line":88,"column":5}},"7":{"start":{"line":66,"column":23},"end":{"line":66,"column":39}},"8":{"start":{"line":67,"column":8},"end":{"line":74,"column":9}},"9":{"start":{"line":68,"column":12},"end":{"line":73,"column":14}},"10":{"start":{"line":76,"column":8},"end":{"line":87,"column":9}},"11":{"start":{"line":77,"column":12},"end":{"line":83,"column":15}},"12":{"start":{"line":86,"column":12},"end":{"line":86,"column":115}},"13":{"start":{"line":89,"column":4},"end":{"line":89,"column":32}}},"fnMap":{"0":{"name":"mapResultsToCases","decl":{"start":{"line":53,"column":16},"end":{"line":53,"column":33}},"loc":{"start":{"line":53,"column":57},"end":{"line":90,"column":1}},"line":53}},"branchMap":{"0":{"loc":{"start":{"line":59,"column":8},"end":{"line":61,"column":9}},"type":"if","locations":[{"start":{"line":59,"column":8},"end":{"line":61,"column":9}},{"start":{},"end":{}}],"line":59},"1":{"loc":{"start":{"line":67,"column":8},"end":{"line":74,"column":9}},"type":"if","locations":[{"start":{"line":67,"column":8},"end":{"line":74,"column":9}},{"start":{},"end":{}}],"line":67},"2":{"loc":{"start":{"line":76,"column":8},"end":{"line":87,"column":9}},"type":"if","locations":[{"start":{"line":76,"column":8},"end":{"line":87,"column":9}},{"start":{"line":84,"column":15},"end":{"line":87,"column":9}}],"line":76}},"s":{"0":13,"1":10,"2":10,"3":10,"4":39,"5":11,"6":10,"7":39,"8":39,"9":11,"10":39,"11":28,"12":11,"13":10},"f":{"0":10},"b":{"0":[11,28],"1":[11,28],"2":[28,11]},"_coverageSchema":"1a1c01bbd47fc00a2c39e90264f33305004495a9","hash":"08c50f6e93369bb8f873a63c1c15b3106849a19a"}
,"/codebuild/output/src2267051327/src/source/ui/src/components/CreateCaseView/CreateCaseView.tsx": {"path":"/codebuild/output/src2267051327/src/source/ui/src/components/CreateCaseView/CreateCaseView.tsx","statementMap":{"0":{"start":{"line":25,"column":46},"end":{"line":25,"column":64}},"1":{"start":{"line":26,"column":46},"end":{"line":26,"column":64}},"2":{"start":{"line":27,"column":21},"end":{"line":27,"column":34}},"3":{"start":{"line":29,"column":25},"end":{"line":48,"column":5}},"4":{"start":{"line":30,"column":8},"end":{"line":47,"column":9}},"5":{"start":{"line":31,"column":12},"end":{"line":31,"column":40}},"6":{"start":{"line":32,"column":12},"end":{"line":32,"column":42}},"7":{"start":{"line":33,"column":29},"end":{"line":38,"column":14}},"8":{"start":{"line":39,"column":12},"end":{"line":39,"column":40}},"9":{"start":{"line":40,"column":12},"end":{"line":42,"column":21}},"10":{"start":{"line":41,"column":16},"end":{"line":41,"column":30}},"11":{"start":{"line":43,"column":12},"end":{"line":43,"column":28}},"12":{"start":{"line":45,"column":12},"end":{"line":45,"column":38}},"13":{"start":{"line":46,"column":12},"end":{"line":46,"column":31}},"14":{"start":{"line":50,"column":30},"end":{"line":64,"column":5}},"15":{"start":{"line":51,"column":8},"end":{"line":63,"column":9}},"16":{"start":{"line":52,"column":12},"end":{"line":58,"column":14}},"17":{"start":{"line":60,"column":12},"end":{"line":60,"column":40}},"18":{"start":{"line":61,"column":12},"end":{"line":61,"column":33}},"19":{"start":{"line":62,"column":12},"end":{"line":62,"column":63}},"20":{"start":{"line":66,"column":4},"end":{"line":92,"column":6}}},"fnMap":{"0":{"name":"CreateCaseView","decl":{"start":{"line":24,"column":24},"end":{"line":24,"column":38}},"loc":{"start":{"line":24,"column":67},"end":{"line":93,"column":1}},"line":24},"1":{"name":"(anonymous_1)","decl":{"start":{"line":29,"column":25},"end":{"line":29,"column":26}},"loc":{"start":{"line":29,"column":66},"end":{"line":48,"column":5}},"line":29},"2":{"name":"(anonymous_2)","decl":{"start":{"line":40,"column":23},"end":{"line":40,"column":24}},"loc":{"start":{"line":40,"column":35},"end":{"line":42,"column":13}},"line":40},"3":{"name":"(anonymous_3)","decl":{"start":{"line":50,"column":30},"end":{"line":50,"column":31}},"loc":{"start":{"line":50,"column":58},"end":{"line":64,"column":5}},"line":50}},"branchMap":{"0":{"loc":{"start":{"line":29,"column":50},"end":{"line":29,"column":61}},"type":"default-arg","locations":[{"start":{"line":29,"column":59},"end":{"line":29,"column":61}}],"line":29},"1":{"loc":{"start":{"line":51,"column":8},"end":{"line":63,"column":9}},"type":"if","locations":[{"start":{"line":51,"column":8},"end":{"line":63,"column":9}},{"start":{"line":59,"column":15},"end":{"line":63,"column":9}}],"line":51}},"s":{"0":8,"1":8,"2":8,"3":8,"4":1,"5":1,"6":1,"7":1,"8":1,"9":1,"10":0,"11":1,"12":0,"13":0,"14":8,"15":2,"16":1,"17":1,"18":1,"19":1,"20":8},"f":{"0":8,"1":1,"2":0,"3":2},"b":{"0":[0],"1":[1,1]},"_coverageSchema":"1a1c01bbd47fc00a2c39e90264f33305004495a9","hash":"99e44b12be1c13880ee9feeeee81b070ccd0e2fc"}
[...]
:148,"column":45}},"52":{"start":{"line":149,"column":8},"end":{"line":149,"column":55}},"53":{"start":{"line":151,"column":30},"end":{"line":151,"column":50}},"54":{"start":{"line":152,"column":4},"end":{"line":152,"column":82}},"55":{"start":{"line":156,"column":23},"end":{"line":156,"column":59}},"56":{"start":{"line":157,"column":24},"end":{"line":160,"column":6}},"57":{"start":{"line":158,"column":22},"end":{"line":158,"column":56}},"58":{"start":{"line":159,"column":8},"end":{"line":159,"column":21}},"59":{"start":{"line":162,"column":4},"end":{"line":162,"column":32}},"60":{"start":{"line":172,"column":18},"end":{"line":172,"column":69}},"61":{"start":{"line":173,"column":4},"end":{"line":179,"column":7}},"62":{"start":{"line":174,"column":8},"end":{"line":178,"column":10}},"63":{"start":{"line":189,"column":23},"end":{"line":189,"column":59}},"64":{"start":{"line":191,"column":25},"end":{"line":199,"column":6}},"65":{"start":{"line":192,"column":23},"end":{"line":192,"column":65}},"66":{"start":{"line":193,"column":8},"end":{"line":198,"column":11}},"67":{"start":{"line":194,"column":12},"end":{"line":197,"column":14}},"68":{"start":{"line":200,"column":4},"end":{"line":200,"column":33}},"69":{"start":{"line":211,"column":30},"end":{"line":211,"column":90}},"70":{"start":{"line":215,"column":22},"end":{"line":215,"column":100}},"71":{"start":{"line":215,"column":68},"end":{"line":215,"column":99}},"72":{"start":{"line":218,"column":18},"end":{"line":241,"column":6}},"73":{"start":{"line":220,"column":30},"end":{"line":220,"column":67}},"74":{"start":{"line":221,"column":27},"end":{"line":221,"column":64}},"75":{"start":{"line":222,"column":30},"end":{"line":222,"column":91}},"76":{"start":{"line":223,"column":28},"end":{"line":223,"column":92}},"77":{"start":{"line":226,"column":29},"end":{"line":229,"column":14}},"78":{"start":{"line":227,"column":29},"end":{"line":227,"column":70}},"79":{"start":{"line":228,"column":12},"end":{"line":228,"column":49}},"80":{"start":{"line":231,"column":20},"end":{"line":231,"column":67}},"81":{"start":{"line":231,"column":52},"end":{"line":231,"column":56}},"82":{"start":{"line":232,"column":22},"end":{"line":232,"column":85}},"83":{"start":{"line":234,"column":8},"end":{"line":240,"column":10}},"84":{"start":{"line":243,"column":4},"end":{"line":243,"column":117}},"85":{"start":{"line":243,"column":25},"end":{"line":243,"column":76}},"86":{"start":{"line":243,"column":98},"end":{"line":243,"column":114}},"87":{"start":{"line":247,"column":23},"end":{"line":247,"column":59}},"88":{"start":{"line":249,"column":25},"end":{"line":257,"column":6}},"89":{"start":{"line":250,"column":23},"end":{"line":250,"column":58}},"90":{"start":{"line":251,"column":8},"end":{"line":256,"column":11}},"91":{"start":{"line":252,"column":12},"end":{"line":255,"column":14}},"92":{"start":{"line":258,"column":4},"end":{"line":258,"column":74}},"93":{"start":{"line":269,"column":24},"end":{"line":269,"column":76}},"94":{"start":{"line":272,"column":19},"end":{"line":296,"column":6}},"95":{"start":{"line":273,"column":34},"end":{"line":273,"column":39}},"96":{"start":{"line":275,"column":29},"end":{"line":275,"column":66}},"97":{"start":{"line":276,"column":27},"end":{"line":276,"column":82}},"98":{"start":{"line":279,"column":24},"end":{"line":293,"column":14}},"99":{"start":{"line":280,"column":92},"end":{"line":280,"column":99}},"100":{"start":{"line":281,"column":36},"end":{"line":281,"column":73}},"101":{"start":{"line":282,"column":24},"end":{"line":282,"column":55}},"102":{"start":{"line":283,"column":12},"end":{"line":290,"column":14}},"103":{"start":{"line":291,"column":12},"end":{"line":291,"column":44}},"104":{"start":{"line":292,"column":12},"end":{"line":292,"column":31}},"105":{"start":{"line":295,"column":8},"end":{"line":295,"column":40}},"106":{"start":{"line":298,"column":4},"end":{"line":298,"column":18}},"107":{"start":{"line":301,"column":34},"end":{"line":309,"column":1}}},"fnMap":{"0":{"name":"getPage","decl":{"start":{"line":32,"column":9},"end":{"line":32,"column":16}},"loc":{"start":{"line":32,"column":45},"end":{"line":40,"column":1}},"line":32},"1":{"name":"(anonymous_1)","decl":{"start":{"line":35,"column":8},"end":{"line":35,"column":9}},"loc":{"start":{"line":37,"column":12},"end":{"line":37,"column":88}},"line":37},"2":{"name":"getDocumentBlocks","decl":{"start":{"line":47,"column":9},"end":{"line":47,"column":26}},"loc":{"start":{"line":47,"column":43},"end":{"line":61,"column":1}},"line":47},"3":{"name":"(anonymous_3)","decl":{"start":{"line":59,"column":46},"end":{"line":59,"column":47}},"loc":{"start":{"line":59,"column":75},"end":{"line":59,"column":101}},"line":59},"4":{"name":"getIndexedDocumentBlocks","decl":{"start":{"line":68,"column":9},"end":{"line":68,"column":33}},"loc":{"start":{"line":68,"column":50},"end":{"line":72,"column":1}},"line":68},"5":{"name":"getDocumentBlocksByIds","decl":{"start":{"line":80,"column":9},"end":{"line":80,"column":31}},"loc":{"start":{"line":80,"column":53},"end":{"line":85,"column":1}},"line":80},"6":{"name":"(anonymous_6)","decl":{"start":{"line":82,"column":22},"end":{"line":82,"column":23}},"loc":{"start":{"line":82,"column":48},"end":{"line":84,"column":5}},"line":82},"7":{"name":"getCellOrValueContents","decl":{"start":{"line":93,"column":9},"end":{"line":93,"column":31}},"loc":{"start":{"line":93,"column":53},"end":{"line":107,"column":1}},"line":93},"8":{"name":"(anonymous_8)","decl":{"start":{"line":98,"column":36},"end":{"line":98,"column":37}},"loc":{"start":{"line":98,"column":78},"end":{"line":101,"column":5}},"line":98},"9":{"name":"getPageChildrenByType","decl":{"start":{"line":116,"column":9},"end":{"line":116,"column":30}},"loc":{"start":{"line":116,"column":59},"end":{"line":123,"column":1}},"line":116},"10":{"name":"filterBlocksByType","decl":{"start":{"line":131,"column":9},"end":{"line":131,"column":27}},"loc":{"start":{"line":131,"column":42},"end":{"line":133,"column":1}},"line":131},"11":{"name":"(anonymous_11)","decl":{"start":{"line":132,"column":25},"end":{"line":132,"column":26}},"loc":{"start":{"line":132,"column":44},"end":{"line":132,"column":62}},"line":132},"12":{"name":"getDocumentPageCount","decl":{"start":{"line":140,"column":16},"end":{"line":140,"column":36}},"loc":{"start":{"line":140,"column":53},"end":{"line":153,"column":1}},"line":140},"13":{"name":"getDocumentLines","decl":{"start":{"line":155,"column":16},"end":{"line":155,"column":32}},"loc":{"start":{"line":155,"column":49},"end":{"line":163,"column":1}},"line":155},"14":{"name":"(anonymous_14)","decl":{"start":{"line":157,"column":53},"end":{"line":157,"column":54}},"loc":{"start":{"line":157,"column":69},"end":{"line":160,"column":5}},"line":157},"15":{"name":"getPageLines","decl":{"start":{"line":171,"column":16},"end":{"line":171,"column":28}},"loc":{"start":{"line":171,"column":51},"end":{"line":180,"column":1}},"line":171},"16":{"name":"(anonymous_16)","decl":{"start":{"line":173,"column":21},"end":{"line":173,"column":22}},"loc":{"start":{"line":173,"column":51},"end":{"line":179,"column":5}},"line":173},"17":{"name":"getDocumentKeyValuePairs","decl":{"start":{"line":188,"column":16},"end":{"line":188,"column":40}},"loc":{"start":{"line":188,"column":57},"end":{"line":201,"column":1}},"line":188},"18":{"name":"(anonymous_18)","decl":{"start":{"line":191,"column":54},"end":{"line":191,"column":55}},"loc":{"start":{"line":191,"column":70},"end":{"line":199,"column":5}},"line":191},"19":{"name":"(anonymous_19)","decl":{"start":{"line":193,"column":26},"end":{"line":193,"column":27}},"loc":{"start":{"line":193,"column":33},"end":{"line":198,"column":9}},"line":193},"20":{"name":"getPageKeyValuePairs","decl":{"start":{"line":209,"column":16},"end":{"line":209,"column":36}},"loc":{"start":{"line":209,"column":59},"end":{"line":244,"column":1}},"line":209},"21":{"name":"(anonymous_21)","decl":{"start":{"line":215,"column":47},"end":{"line":215,"column":48}},"loc":{"start":{"line":215,"column":68},"end":{"line":215,"column":99}},"line":215},"22":{"name":"(anonymous_22)","decl":{"start":{"line":218,"column":32},"end":{"line":218,"column":33}},"loc":{"start":{"line":218,"column":69},"end":{"line":241,"column":5}},"line":218},"23":{"name":"(anonymous_23)","decl":{"start":{"line":226,"column":48},"end":{"line":226,"column":49}},"loc":{"start":{"line":226,"column":84},"end":{"line":229,"column":9}},"line":226},"24":{"name":"(anonymous_24)","decl":{"start":{"line":231,"column":38},"end":{"line":231,"column":39}},"loc":{"start":{"line":231,"column":52},"end":{"line":231,"column":56}},"line":231},"25":{"name":"(anonymous_25)","decl":{"start":{"line":243,"column":18},"end":{"line":243,"column":19}},"loc":{"start":{"line":243,"column":25},"end":{"line":243,"column":76}},"line":243},"26":{"name":"(anonymous_26)","decl":{"start":{"line":243,"column":91},"end":{"line":243,"column":92}},"loc":{"start":{"line":243,"column":98},"end":{"line":243,"column":114}},"line":243},"27":{"name":"getDocumentTables","decl":{"start":{"line":246,"column":16},"end":{"line":246,"column":33}},"loc":{"start":{"line":246,"column":50},"end":{"line":259,"column":1}},"line":246},"28":{"name":"(anonymous_28)","decl":{"start":{"line":249,"column":54},"end":{"line":249,"column":55}},"loc":{"start":{"line":249,"column":70},"end":{"line":257,"column":5}},"line":249},"29":{"name":"(anonymous_29)","decl":{"start":{"line":251,"column":26},"end":{"line":251,"column":27}},"loc":{"start":{"line":251,"column":33},"end":{"line":256,"column":9}},"line":251},"30":{"name":"getPageTables","decl":{"start":{"line":267,"column":16},"end":{"line":267,"column":29}},"loc":{"start":{"line":267,"column":52},"end":{"line":299,"column":1}},"line":267},"31":{"name":"(anonymous_31)","decl":{"start":{"line":272,"column":35},"end":{"line":272,"column":36}},"loc":{"start":{"line":272,"column":46},"end":{"line":296,"column":5}},"line":272},"32":{"name":"(anonymous_32)","decl":{"start":{"line":279,"column":42},"end":{"line":279,"column":43}},"loc":{"start":{"line":279,"column":68},"end":{"line":293,"column":9}},"line":279}},"branchMap":{"0":{"loc":{"start":{"line":37,"column":12},"end":{"line":37,"column":88}},"type":"binary-expr","locations":[{"start":{"line":37,"column":12},"end":{"line":37,"column":32}},{"start":{"line":37,"column":37},"end":{"line":37,"column":56}},{"start":{"line":37,"column":61},"end":{"line":37,"column":77}},{"start":{"line":37,"column":81},"end":{"line":37,"column":86}}],"line":37},"1":{"loc":{"start":{"line":39,"column":11},"end":{"line":39,"column":51}},"type":"cond-expr","locations":[{"start":{"line":39,"column":33},"end":{"line":39,"column":35}},{"start":{"line":39,"column":38},"end":{"line":39,"column":51}}],"line":39},"2":{"loc":{"start":{"line":49,"column":4},"end":{"line":55,"column":5}},"type":"if","locations":[{"start":{"line":49,"column":4},"end":{"line":55,"column":5}},{"start":{"line":52,"column":11},"end":{"line":55,"column":5}}],"line":49},"3":{"loc":{"start":{"line":52,"column":11},"end":{"line":55,"column":5}},"type":"if","locations":[{"start":{"line":52,"column":11},"end":{"line":55,"column":5}},{"start":{},"end":{}}],"line":52},"4":{"loc":{"start":{"line":56,"column":4},"end":{"line":56,"column":66}},"type":"if","locations":[{"start":{"line":56,"column":4},"end":{"line":56,"column":66}},{"start":{},"end":{}}],"line":56},"5":{"loc":{"start":{"line":56,"column":8},"end":{"line":56,"column":54}},"type":"binary-expr","locations":[{"start":{"line":56,"column":8},"end":{"line":56,"column":40}},{"start":{"line":56,"column":44},"end":{"line":56,"column":54}}],"line":56},"6":{"loc":{"start":{"line":59,"column":8},"end":{"line":59,"column":106}},"type":"binary-expr","locations":[{"start":{"line":59,"column":8},"end":{"line":59,"column":25}},{"start":{"line":59,"column":29},"end":{"line":59,"column":106}}],"line":59},"7":{"loc":{"start":{"line":60,"column":11},"end":{"line":60,"column":88}},"type":"cond-expr","locations":[{"start":{"line":60,"column":31},"end":{"line":60,"column":45}},{"start":{"line":60,"column":48},"end":{"line":60,"column":88}}],"line":60},"8":{"loc":{"start":{"line":60,"column":48},"end":{"line":60,"column":88}},"type":"binary-expr","locations":[{"start":{"line":60,"column":48},"end":{"line":60,"column":82}},{"start":{"line":60,"column":86},"end":{"line":60,"column":88}}],"line":60},"9":{"loc":{"start":{"line":83,"column":15},"end":{"line":83,"column":94}},"type":"cond-expr","locations":[{"start":{"line":83,"column":40},"end":{"line":83,"column":80}},{"start":{"line":83,"column":83},"end":{"line":83,"column":94}}],"line":83},"10":{"loc":{"start":{"line":94,"column":4},"end":{"line":94,"column":24}},"type":"if","locations":[{"start":{"line":94,"column":4},"end":{"line":94,"column":24}},{"start":{},"end":{}}],"line":94},"11":{"loc":{"start":{"line":99,"column":8},"end":{"line":99,"column":65}},"type":"if","locations":[{"start":{"line":99,"column":8},"end":{"line":99,"column":65}},{"start":{},"end":{}}],"line":99},"12":{"loc":{"start":{"line":100,"column":15},"end":{"line":100,"column":75}},"type":"cond-expr","locations":[{"start":{"line":100,"column":38},"end":{"line":100,"column":42}},{"start":{"line":100,"column":45},"end":{"line":100,"column":75}}],"line":100},"13":{"loc":{"start":{"line":105,"column":25},"end":{"line":105,"column":48}},"type":"cond-expr","locations":[{"start":{"line":105,"column":36},"end":{"line":105,"column":41}},{"start":{"line":105,"column":44},"end":{"line":105,"column":48}}],"line":105},"14":{"loc":{"start":{"line":106,"column":11},"end":{"line":106,"column":54}},"type":"cond-expr","locations":[{"start":{"line":106,"column":24},"end":{"line":106,"column":36}},{"start":{"line":106,"column":39},"end":{"line":106,"column":54}}],"line":106},"15":{"loc":{"start":{"line":117,"column":26},"end":{"line":117,"column":90}},"type":"binary-expr","locations":[{"start":{"line":117,"column":26},"end":{"line":117,"column":84}},{"start":{"line":117,"column":88},"end":{"line":117,"column":90}}],"line":117},"16":{"loc":{"start":{"line":118,"column":26},"end":{"line":118,"column":63}},"type":"binary-expr","locations":[{"start":{"line":118,"column":26},"end":{"line":118,"column":57}},{"start":{"line":118,"column":61},"end":{"line":118,"column":63}}],"line":118},"17":{"loc":{"start":{"line":120,"column":29},"end":{"line":120,"column":81}},"type":"cond-expr","locations":[{"start":{"line":120,"column":36},"end":{"line":120,"column":70}},{"start":{"line":120,"column":73},"end":{"line":120,"column":81}}],"line":120},"18":{"loc":{"start":{"line":142,"column":4},"end":{"line":150,"column":5}},"type":"if","locations":[{"start":{"line":142,"column":4},"end":{"line":150,"column":5}},{"start":{"line":146,"column":11},"end":{"line":150,"column":5}}],"line":142},"19":{"loc":{"start":{"line":146,"column":11},"end":{"line":150,"column":5}},"type":"if","locations":[{"start":{"line":146,"column":11},"end":{"line":150,"column":5}},{"start":{},"end":{}}],"line":146},"20":{"loc":{"start":{"line":152,"column":16},"end":{"line":152,"column":70}},"type":"cond-expr","locations":[{"start":{"line":152,"column":36},"end":{"line":152,"column":54}},{"start":{"line":152,"column":57},"end":{"line":152,"column":70}}],"line":152},"21":{"loc":{"start":{"line":220,"column":30},"end":{"line":220,"column":67}},"type":"binary-expr","locations":[{"start":{"line":220,"column":30},"end":{"line":220,"column":61}},{"start":{"line":220,"column":65},"end":{"line":220,"column":67}}],"line":220},"22":{"loc":{"start":{"line":221,"column":27},"end":{"line":221,"column":64}},"type":"binary-expr","locations":[{"start":{"line":221,"column":27},"end":{"line":221,"column":58}},{"start":{"line":221,"column":62},"end":{"line":221,"column":64}}],"line":221},"23":{"loc":{"start":{"line":227,"column":29},"end":{"line":227,"column":70}},"type":"cond-expr","locations":[{"start":{"line":227,"column":45},"end":{"line":227,"column":65}},{"start":{"line":227,"column":68},"end":{"line":227,"column":70}}],"line":227},"24":{"loc":{"start":{"line":243,"column":98},"end":{"line":243,"column":114}},"type":"binary-expr","locations":[{"start":{"line":243,"column":98},"end":{"line":243,"column":103}},{"start":{"line":243,"column":107},"end":{"line":243,"column":114}}],"line":243},"25":{"loc":{"start":{"line":258,"column":11},"end":{"line":258,"column":73}},"type":"cond-expr","locations":[{"start":{"line":258,"column":35},"end":{"line":258,"column":37}},{"start":{"line":258,"column":40},"end":{"line":258,"column":73}}],"line":258},"26":{"loc":{"start":{"line":275,"column":29},"end":{"line":275,"column":66}},"type":"binary-expr","locations":[{"start":{"line":275,"column":29},"end":{"line":275,"column":60}},{"start":{"line":275,"column":64},"end":{"line":275,"column":66}}],"line":275},"27":{"loc":{"start":{"line":281,"column":36},"end":{"line":281,"column":73}},"type":"binary-expr","locations":[{"start":{"line":281,"column":36},"end":{"line":281,"column":67}},{"start":{"line":281,"column":71},"end":{"line":281,"column":73}}],"line":281},"28":{"loc":{"start":{"line":282,"column":24},"end":{"line":282,"column":55}},"type":"binary-expr","locations":[{"start":{"line":282,"column":24},"end":{"line":282,"column":49}},{"start":{"line":282,"column":53},"end":{"line":282,"column":55}}],"line":282}},"s":{"0":4,"1":4,"2":4,"3":4,"4":4,"5":4,"6":3,"7":3,"8":5,"9":3,"10":13,"11":7,"12":7,"13":6,"14":1,"15":1,"16":13,"17":5,"18":8,"19":8,"20":2,"21":8,"22":5,"23":5,"24":5,"25":3,"26":3,"27":5,"28":2,"29":1,"30":1,"31":1,"32":1,"33":2,"34":1,"35":2,"36":1,"37":1,"38":1,"39":1,"40":1,"41":1,"42":1,"43":1,"44":2,"45":29,"46":15,"47":15,"48":15,"49":14,"50":14,"51":14,"52":14,"53":29,"54":29,"55":7,"56":7,"57":0,"58":0,"59":7,"60":0,"61":0,"62":0,"63":7,"64":7,"65":0,"66":0,"67":0,"68":7,"69":0,"70":0,"71":0,"72":0,"73":0,"74":0,"75":0,"76":0,"77":0,"78":0,"79":0,"80":0,"81":0,"82":0,"83":0,"84":0,"85":0,"86":0,"87":7,"88":7,"89":0,"90":0,"91":0,"92":7,"93":0,"94":0,"95":0,"96":0,"97":0,"98":0,"99":0,"100":0,"101":0,"102":0,"103":0,"104":0,"105":0,"106":0,"107":4},"f":{"0":3,"1":5,"2":13,"3":2,"4":5,"5":3,"6":5,"7":2,"8":2,"9":1,"10":1,"11":2,"12":29,"13":7,"14":0,"15":0,"16":0,"17":7,"18":0,"19":0,"20":0,"21":0,"22":0,"23":0,"24":0,"25":0,"26":0,"27":7,"28":0,"29":0,"30":0,"31":0,"32":0},"b":{"0":[5,3,2,1],"1":[1,2],"2":[7,6],"3":[1,5],"4":[5,8],"5":[13,10],"6":[8,1],"7":[1,7],"8":[7,0],"9":[5,0],"10":[1,1],"11":[1,1],"12":[1,1],"13":[1,0],"14":[1,0],"15":[1,0],"16":[1,0],"17":[1,0],"18":[15,14],"19":[14,0],"20":[1,28],"21":[0,0],"22":[0,0],"23":[0,0],"24":[0,0],"25":[7,0],"26":[0,0],"27":[0,0],"28":[0,0]},"_coverageSchema":"1a1c01bbd47fc00a2c39e90264f33305004495a9","hash":"b5ffb8ba7d5e937af3e56520271cf8935d2d9975"}
,"/codebuild/output/src2267051327/src/source/ui/src/utils/info-panel-contents.tsx": {"path":"/codebuild/output/src2267051327/src/source/ui/src/utils/info-panel-contents.tsx","statementMap":{"0":{"start":{"line":16,"column":41},"end":{"line":40,"column":1}},"1":{"start":{"line":17,"column":4},"end":{"line":39,"column":16}},"2":{"start":{"line":42,"column":47},"end":{"line":114,"column":1}},"3":{"start":{"line":43,"column":4},"end":{"line":113,"column":16}}},"fnMap":{"0":{"name":"(anonymous_0)","decl":{"start":{"line":16,"column":41},"end":{"line":16,"column":42}},"loc":{"start":{"line":17,"column":4},"end":{"line":39,"column":16}},"line":17},"1":{"name":"(anonymous_1)","decl":{"start":{"line":42,"column":47},"end":{"line":42,"column":48}},"loc":{"start":{"line":43,"column":4},"end":{"line":113,"column":16}},"line":43}},"branchMap":{},"s":{"0":12,"1":32,"2":12,"3":14},"f":{"0":32,"1":14},"b":{},"_coverageSchema":"1a1c01bbd47fc00a2c39e90264f33305004495a9","hash":"e6ffa49fc31e28e6a2bb7a9f759900813f843f5e"}
,"/codebuild/output/src2267051327/src/source/ui/src/utils/interfaces.ts": {"path":"/codebuild/output/src2267051327/src/source/ui/src/utils/interfaces.ts","statementMap":{},"fnMap":{},"branchMap":{},"s":{},"f":{},"b":{}}
}
