TN:
SF:src/components/EntitiesList.tsx
FN:65,(anonymous_0)
FN:74,(anonymous_1)
FN:85,(anonymous_2)
FN:88,(anonymous_3)
FN:93,(anonymous_4)
FN:102,(anonymous_5)
FN:108,(anonymous_6)
FN:112,(anonymous_7)
FN:118,(anonymous_8)
FN:120,(anonymous_9)
FN:131,(anonymous_10)
FN:135,(anonymous_11)
FN:136,(anonymous_12)
FN:139,(anonymous_13)
FN:141,(anonymous_14)
FN:154,(anonymous_15)
FN:166,(anonymous_16)
FN:182,(anonymous_17)
FN:195,(anonymous_18)
FN:213,(anonymous_19)
FN:228,(anonymous_20)
FN:243,(anonymous_21)
FN:282,processSelectedEntity
FN:314,(anonymous_23)
FN:315,(anonymous_24)
FN:317,(anonymous_25)
FN:322,(anonymous_26)
FN:325,(anonymous_27)
FN:326,(anonymous_28)
FN:334,(anonymous_29)
FN:359,(anonymous_30)
FN:376,(anonymous_31)
FN:380,(anonymous_32)
FN:387,(anonymous_33)
FN:402,(anonymous_34)
FN:404,(anonymous_35)
FN:409,(anonymous_36)
FN:418,(anonymous_37)
FN:445,(anonymous_38)
FN:448,(anonymous_39)
FN:451,(anonymous_40)
FN:455,(anonymous_41)
FNF:42
FNH:35
FNDA:10,(anonymous_0)
FNDA:2,(anonymous_1)
FNDA:9,(anonymous_2)
FNDA:3,(anonymous_3)
FNDA:1,(anonymous_4)
FNDA:20,(anonymous_5)
FNDA:18,(anonymous_6)
FNDA:6,(anonymous_7)
FNDA:1,(anonymous_8)
FNDA:1,(anonymous_9)
FNDA:41,(anonymous_10)
FNDA:1,(anonymous_11)
FNDA:3,(anonymous_12)
FNDA:9,(anonymous_13)
FNDA:3,(anonymous_14)
FNDA:1,(anonymous_15)
FNDA:1,(anonymous_16)
FNDA:1,(anonymous_17)
FNDA:1,(anonymous_18)
FNDA:1,(anonymous_19)
FNDA:2,(anonymous_20)
FNDA:1,(anonymous_21)
FNDA:3,processSelectedEntity
FNDA:2,(anonymous_23)
FNDA:0,(anonymous_24)
FNDA:0,(anonymous_25)
FNDA:0,(anonymous_26)
FNDA:0,(anonymous_27)
FNDA:0,(anonymous_28)
FNDA:2,(anonymous_29)
FNDA:2,(anonymous_30)
FNDA:1,(anonymous_31)
FNDA:68,(anonymous_32)
FNDA:44,(anonymous_33)
FNDA:37,(anonymous_34)
FNDA:16,(anonymous_35)
FNDA:0,(anonymous_36)
FNDA:338,(anonymous_37)
FNDA:2,(anonymous_38)
FNDA:1,(anonymous_39)
FNDA:1,(anonymous_40)
FNDA:0,(anonymous_41)
DA:65,7
DA:74,10
DA:75,2
DA:78,10
DA:86,9
DA:88,3
DA:93,1
DA:103,20
DA:109,18
DA:112,6
DA:118,1
DA:120,1
DA:131,7
DA:132,41
DA:134,41
DA:136,1
DA:137,3
DA:140,9
DA:141,3
DA:144,0
DA:147,3
DA:153,41
DA:155,1
DA:156,2
DA:160,1
DA:165,41
DA:167,1
DA:168,1
DA:169,1
DA:170,1
DA:171,2
DA:176,1
DA:181,41
DA:183,1
DA:184,0
DA:186,1
DA:187,1
DA:189,1
DA:194,41
DA:196,1
DA:197,0
DA:198,0
DA:202,0
DA:205,1
DA:206,1
DA:208,1
DA:213,41
DA:214,1
DA:215,1
DA:216,1
DA:222,1
DA:224,0
DA:228,41
DA:229,2
DA:230,2
DA:231,2
DA:237,2
DA:239,0
DA:243,41
DA:244,1
DA:245,1
DA:246,1
DA:253,1
DA:254,3
DA:255,1
DA:256,1
DA:257,1
DA:258,3
DA:266,2
DA:270,1
DA:271,1
DA:274,1
DA:275,1
DA:276,1
DA:278,0
DA:279,0
DA:283,3
DA:285,1
DA:286,1
DA:288,1
DA:289,1
DA:291,1
DA:293,3
DA:297,41
DA:298,41
DA:299,41
DA:300,5
DA:301,5
DA:305,41
DA:306,15
DA:307,10
DA:314,31
DA:315,2
DA:316,0
DA:317,0
DA:322,31
DA:323,0
DA:326,0
DA:327,0
DA:329,0
DA:334,31
DA:335,2
DA:336,0
DA:338,2
DA:339,2
DA:340,1
DA:341,2
DA:343,1
DA:344,0
DA:345,0
DA:346,0
DA:347,0
DA:352,2
DA:359,31
DA:360,2
DA:361,2
DA:362,8
DA:363,8
DA:364,52
DA:365,52
DA:366,70
DA:370,2
DA:376,31
DA:377,1
DA:380,68
DA:387,44
DA:403,37
DA:404,16
DA:409,0
DA:419,338
DA:434,31
DA:441,31
DA:442,13
DA:445,2
DA:448,1
DA:451,1
DA:455,0
DA:467,18
LF:138
LH:116
BRDA:84,0,0,6
BRDA:84,0,1,4
BRDA:87,1,0,9
BRDA:87,1,1,3
BRDA:107,2,0,12
BRDA:107,2,1,8
BRDA:110,3,0,18
BRDA:110,3,1,6
BRDA:137,4,0,0
BRDA:137,4,1,3
BRDA:140,5,0,9
BRDA:140,5,1,3
BRDA:183,6,0,0
BRDA:183,6,1,1
BRDA:196,7,0,0
BRDA:196,7,1,1
BRDA:197,8,0,0
BRDA:197,8,1,0
BRDA:213,9,0,0
BRDA:228,10,0,0
BRDA:254,11,0,1
BRDA:254,11,1,2
BRDA:254,12,0,3
BRDA:254,12,1,1
BRDA:283,13,0,1
BRDA:283,13,1,1
BRDA:283,13,2,1
BRDA:299,14,0,5
BRDA:299,14,1,36
BRDA:305,15,0,15
BRDA:305,15,1,26
BRDA:305,16,0,41
BRDA:305,16,1,37
BRDA:306,17,0,10
BRDA:306,17,1,5
BRDA:317,18,0,0
BRDA:317,18,1,0
BRDA:326,19,0,0
BRDA:326,19,1,0
BRDA:335,20,0,0
BRDA:335,20,1,2
BRDA:339,21,0,1
BRDA:339,21,1,1
BRDA:343,22,0,0
BRDA:343,22,1,1
BRDA:385,23,0,44
BRDA:385,23,1,24
BRDA:387,24,0,44
BRDA:387,24,1,11
BRDA:397,25,0,68
BRDA:397,25,1,52
BRDA:401,26,0,32
BRDA:401,26,1,20
BRDA:404,27,0,37
BRDA:404,27,1,16
BRDA:417,28,0,68
BRDA:417,28,1,52
BRDA:441,29,0,13
BRDA:441,29,1,18
BRDA:452,30,0,13
BRDA:452,30,1,2
BRDA:455,31,0,0
BRDA:455,31,1,0
BRF:63
BRH:48
end_of_record
TN:
SF:src/components/EntityDetectionTab.tsx
FN:52,EntityDetectionTab
FN:56,(anonymous_1)
FN:57,(anonymous_2)
FN:64,(anonymous_3)
FN:66,(anonymous_4)
FN:78,(anonymous_5)
FN:87,(anonymous_6)
FN:100,(anonymous_7)
FN:114,(anonymous_8)
FNF:9
FNH:8
FNDA:27,EntityDetectionTab
FNDA:1,(anonymous_1)
FNDA:2,(anonymous_2)
FNDA:4,(anonymous_3)
FNDA:1,(anonymous_4)
FNDA:0,(anonymous_5)
FNDA:1,(anonymous_6)
FNDA:1,(anonymous_7)
FNDA:17,(anonymous_8)
DA:53,27
DA:55,25
DA:57,1
DA:58,2
DA:59,0
DA:62,2
DA:65,4
DA:66,1
DA:69,0
DA:72,2
DA:78,25
DA:79,0
DA:80,0
DA:81,0
DA:83,0
DA:86,25
DA:88,1
DA:89,1
DA:90,1
DA:91,2
DA:94,1
DA:99,25
DA:101,1
DA:102,1
DA:103,1
DA:104,1
DA:105,1
DA:109,1
DA:114,25
DA:115,17
DA:116,17
DA:117,51
DA:118,1
DA:119,1
DA:120,1
DA:121,2
DA:123,0
DA:124,0
DA:126,1
DA:127,1
DA:130,1
DA:131,1
DA:137,17
DA:149,25
DA:156,25
LF:45
LH:37
BRDA:58,0,0,0
BRDA:58,0,1,2
BRDA:58,1,0,2
BRDA:58,1,1,0
BRDA:62,2,0,0
BRDA:62,2,1,2
BRDA:65,3,0,4
BRDA:65,3,1,1
BRDA:89,4,0,1
BRDA:89,4,1,0
BRDA:103,5,0,1
BRDA:103,5,1,0
BRDA:117,6,0,1
BRDA:117,6,1,50
BRDA:117,7,0,51
BRDA:117,7,1,45
BRDA:121,8,0,0
BRDA:121,8,1,1
BRDA:121,8,2,1
BRDA:121,8,3,1
BRF:20
BRH:14
end_of_record
TN:
SF:src/components/KeyValueList.tsx
FN:27,KeyValueList
FN:30,(anonymous_1)
FN:53,(anonymous_2)
FN:63,(anonymous_3)
FN:72,(anonymous_4)
FN:93,(anonymous_5)
FNF:6
FNH:6
FNDA:10,KeyValueList
FNDA:9,(anonymous_1)
FNDA:8,(anonymous_2)
FNDA:8,(anonymous_3)
FNDA:1,(anonymous_4)
FNDA:4,(anonymous_5)
DA:28,10
DA:30,10
DA:31,9
DA:32,2
DA:33,2
DA:37,10
DA:40,10
DA:41,1
DA:44,9
DA:45,4
DA:46,4
DA:54,8
DA:64,8
DA:73,1
DA:89,5
DA:93,7
DA:94,4
DA:95,4
DA:96,4
DA:97,4
DA:98,8
DA:99,8
DA:100,4
DA:102,8
DA:103,8
DA:105,0
DA:108,4
DA:109,4
LF:28
LH:27
BRDA:31,0,0,2
BRDA:31,0,1,7
BRDA:33,1,0,0
BRDA:33,1,1,2
BRDA:40,2,0,1
BRDA:40,2,1,9
BRDA:40,3,0,10
BRDA:40,3,1,5
BRDA:44,4,0,4
BRDA:44,4,1,5
BRDA:50,5,0,4
BRDA:50,5,1,0
BRDA:78,6,0,8
BRDA:78,6,1,8
BRDA:78,6,2,0
BRDA:98,7,0,8
BRDA:98,7,1,0
BRDA:99,8,0,4
BRDA:99,8,1,4
BRF:19
BRH:15
end_of_record
TN:
SF:src/components/TextractTab.tsx
FN:39,TextractTab
FN:40,(anonymous_1)
FN:43,(anonymous_2)
FN:45,(anonymous_3)
FN:51,(anonymous_4)
FN:54,(anonymous_5)
FN:56,(anonymous_6)
FN:61,(anonymous_7)
FN:63,(anonymous_8)
FNF:9
FNH:9
FNDA:10,TextractTab
FNDA:9,(anonymous_1)
FNDA:2,(anonymous_2)
FNDA:2,(anonymous_3)
FNDA:9,(anonymous_4)
FNDA:2,(anonymous_5)
FNDA:1,(anonymous_6)
FNDA:9,(anonymous_7)
FNDA:2,(anonymous_8)
DA:40,10
DA:41,9
DA:42,9
DA:43,7
DA:45,9
DA:51,9
DA:52,9
DA:53,9
DA:54,7
DA:56,9
DA:57,1
DA:61,9
DA:62,9
DA:63,2
DA:67,9
LF:15
LH:15
BRDA:42,0,0,7
BRDA:42,0,1,2
BRDA:53,1,0,7
BRDA:53,1,1,2
BRDA:62,2,0,7
BRDA:62,2,1,2
BRDA:71,3,0,9
BRDA:71,3,1,4
BRDA:81,4,0,9
BRDA:81,4,1,3
BRDA:91,5,0,9
BRDA:91,5,1,2
BRDA:122,6,0,9
BRDA:122,6,1,4
BRDA:131,7,0,9
BRDA:131,7,1,3
BRDA:140,8,0,9
BRDA:140,8,1,2
BRF:18
BRH:18
end_of_record
TN:
SF:src/components/UploadDocumentView.tsx
FN:73,UploadDocumentView
FN:77,(anonymous_1)
FN:130,(anonymous_2)
FN:141,(anonymous_3)
FN:142,(anonymous_4)
FN:159,(anonymous_5)
FN:172,(anonymous_6)
FN:183,(anonymous_7)
FN:200,(anonymous_8)
FN:202,(anonymous_9)
FN:209,(anonymous_10)
FN:224,(anonymous_11)
FN:226,(anonymous_12)
FN:247,(anonymous_13)
FN:248,(anonymous_14)
FN:251,(anonymous_15)
FN:252,(anonymous_16)
FN:264,(anonymous_17)
FN:274,(anonymous_18)
FN:286,(anonymous_19)
FN:297,(anonymous_20)
FN:300,(anonymous_21)
FN:303,(anonymous_22)
FN:322,(anonymous_23)
FN:340,(anonymous_24)
FN:345,(anonymous_25)
FN:361,(anonymous_26)
FN:380,(anonymous_27)
FN:396,(anonymous_28)
FNF:29
FNH:22
FNDA:23,UploadDocumentView
FNDA:24,(anonymous_1)
FNDA:8,(anonymous_2)
FNDA:7,(anonymous_3)
FNDA:1,(anonymous_4)
FNDA:3,(anonymous_5)
FNDA:3,(anonymous_6)
FNDA:0,(anonymous_7)
FNDA:0,(anonymous_8)
FNDA:0,(anonymous_9)
FNDA:3,(anonymous_10)
FNDA:3,(anonymous_11)
FNDA:3,(anonymous_12)
FNDA:3,(anonymous_13)
FNDA:3,(anonymous_14)
FNDA:3,(anonymous_15)
FNDA:2,(anonymous_16)
FNDA:22,(anonymous_17)
FNDA:3,(anonymous_18)
FNDA:22,(anonymous_19)
FNDA:8,(anonymous_20)
FNDA:0,(anonymous_21)
FNDA:0,(anonymous_22)
FNDA:3,(anonymous_23)
FNDA:3,(anonymous_24)
FNDA:0,(anonymous_25)
FNDA:0,(anonymous_26)
FNDA:3,(anonymous_27)
FNDA:4,(anonymous_28)
DA:74,23
DA:75,23
DA:77,23
DA:78,24
DA:79,23
DA:80,40
DA:86,40
DA:89,23
DA:90,38
DA:101,23
DA:104,22
DA:105,19
DA:108,22
DA:109,22
DA:110,22
DA:114,22
DA:115,22
DA:116,22
DA:117,22
DA:118,22
DA:119,22
DA:120,22
DA:121,22
DA:122,22
DA:123,22
DA:124,22
DA:125,22
DA:127,22
DA:128,22
DA:130,22
DA:131,8
DA:133,8
DA:134,3
DA:135,0
DA:138,8
DA:141,22
DA:142,7
DA:143,1
DA:144,1
DA:149,1
DA:150,1
DA:152,7
DA:153,1
DA:154,1
DA:155,1
DA:159,22
DA:160,3
DA:161,3
DA:162,0
DA:163,0
DA:167,0
DA:169,3
DA:170,3
DA:171,3
DA:172,3
DA:173,3
DA:174,1
DA:179,3
DA:183,22
DA:189,0
DA:190,0
DA:191,0
DA:193,0
DA:194,0
DA:198,0
DA:199,0
DA:200,0
DA:202,0
DA:204,0
DA:205,0
DA:209,22
DA:210,3
DA:211,3
DA:212,3
DA:218,3
DA:220,0
DA:224,22
DA:225,3
DA:226,3
DA:227,3
DA:228,3
DA:229,3
DA:230,3
DA:232,3
DA:233,3
DA:234,3
DA:235,3
DA:244,3
DA:247,3
DA:248,3
DA:249,3
DA:250,3
DA:251,3
DA:252,3
DA:253,3
DA:255,0
DA:260,3
DA:261,3
DA:264,22
DA:265,22
DA:266,19
DA:271,3
DA:274,22
DA:275,3
DA:276,3
DA:277,3
DA:278,0
DA:279,0
DA:281,0
DA:283,3
DA:286,22
DA:287,22
DA:288,19
DA:294,3
DA:297,22
DA:298,8
DA:299,0
DA:300,0
DA:301,8
DA:302,0
DA:303,0
DA:304,8
DA:305,0
DA:309,22
DA:322,3
DA:340,3
DA:345,0
DA:361,0
DA:380,3
DA:397,4
LF:130
LH:103
BRDA:78,0,0,23
BRDA:78,0,1,0
BRDA:95,1,0,38
BRDA:95,1,1,0
BRDA:104,2,0,19
BRDA:104,2,1,3
BRDA:134,3,0,0
BRDA:134,3,1,3
BRDA:152,4,0,1
BRDA:152,4,1,6
BRDA:152,5,0,7
BRDA:152,5,1,7
BRDA:161,6,0,0
BRDA:161,6,1,3
BRDA:162,7,0,0
BRDA:162,7,1,0
BRDA:162,8,0,0
BRDA:162,8,1,0
BRDA:169,9,0,3
BRDA:169,9,1,0
BRDA:170,10,0,3
BRDA:170,10,1,0
BRDA:173,11,0,1
BRDA:173,11,1,2
BRDA:199,12,0,0
BRDA:199,12,1,0
BRDA:199,13,0,0
BRDA:199,13,1,0
BRDA:204,14,0,0
BRDA:204,14,1,0
BRDA:209,15,0,0
BRDA:249,16,0,3
BRDA:249,16,1,0
BRDA:250,17,0,3
BRDA:250,17,1,0
BRDA:265,18,0,19
BRDA:265,18,1,3
BRDA:265,19,0,22
BRDA:265,19,1,19
BRDA:276,20,0,3
BRDA:276,20,1,0
BRDA:278,21,0,0
BRDA:278,21,1,0
BRDA:287,22,0,19
BRDA:287,22,1,3
BRDA:287,23,0,22
BRDA:287,23,1,19
BRDA:289,24,0,19
BRDA:289,24,1,7
BRDA:298,25,0,0
BRDA:298,25,1,8
BRDA:298,26,0,8
BRDA:298,26,1,8
BRDA:301,27,0,0
BRDA:301,27,1,8
BRDA:301,28,0,8
BRDA:301,28,1,0
BRDA:304,29,0,0
BRDA:304,29,1,8
BRDA:304,30,0,8
BRDA:304,30,1,0
BRDA:304,30,2,0
BRDA:326,31,0,22
BRDA:326,31,1,5
BRDA:390,32,0,22
BRDA:390,32,1,2
BRDA:390,32,2,2
BRF:67
BRH:39
end_of_record
TN:
SF:src/components/entityUtils.ts
FN:23,getEntitiesToProcess
FNF:1
FNH:1
FNDA:27,getEntitiesToProcess
DA:26,27
DA:28,25
DA:29,25
DA:32,1
DA:33,1
DA:36,1
DA:39,27
LF:7
LH:7
BRDA:26,0,0,25
BRDA:26,0,1,1
BRDA:26,0,2,1
BRF:3
BRH:3
end_of_record
TN:
SF:src/components/makeData.ts
FN:53,mapResultsToCases
FNF:1
FNH:1
FNDA:10,mapResultsToCases
DA:18,13
DA:54,10
DA:55,10
DA:58,10
DA:59,39
DA:60,11
DA:65,10
DA:66,39
DA:67,39
DA:68,11
DA:76,39
DA:77,28
DA:86,11
DA:89,10
LF:14
LH:14
BRDA:59,0,0,11
BRDA:59,0,1,28
BRDA:67,1,0,11
BRDA:67,1,1,28
BRDA:76,2,0,28
BRDA:76,2,1,11
BRF:6
BRH:6
end_of_record
TN:
SF:src/components/CreateCaseView/CreateCaseView.tsx
FN:24,CreateCaseView
FN:29,(anonymous_1)
FN:40,(anonymous_2)
FN:50,(anonymous_3)
FNF:4
FNH:3
FNDA:8,CreateCaseView
FNDA:1,(anonymous_1)
FNDA:0,(anonymous_2)
FNDA:2,(anonymous_3)
DA:25,8
DA:26,8
DA:27,8
DA:29,8
DA:30,1
DA:31,1
DA:32,1
DA:33,1
DA:39,1
DA:40,1
DA:41,0
DA:43,1
DA:45,0
DA:46,0
DA:50,8
DA:51,2
DA:52,1
DA:60,1
DA:61,1
DA:62,1
DA:66,8
LF:21
LH:18
BRDA:29,0,0,0
BRDA:51,1,0,1
BRDA:51,1,1,1
BRF:3
BRH:2
end_of_record
TN:
SF:src/components/CreateCaseView/form-content.jsx
FN:26,FormHeader
FN:30,BaseFormContent
FN:40,(anonymous_2)
FN:63,FormContent
FN:79,(anonymous_4)
FN:85,(anonymous_5)
FN:86,(anonymous_6)
FNF:7
FNH:6
FNDA:7,FormHeader
FNDA:9,BaseFormContent
FNDA:2,(anonymous_2)
FNDA:9,FormContent
FNDA:2,(anonymous_4)
FNDA:0,(anonymous_5)
FNDA:2,(anonymous_6)
DA:27,7
DA:31,9
DA:32,9
DA:33,1
DA:34,8
DA:35,0
DA:36,8
DA:37,1
DA:39,9
DA:40,2
DA:64,9
DA:65,9
DA:66,9
DA:79,2
DA:85,0
DA:86,2
LF:16
LH:14
BRDA:30,0,0,9
BRDA:32,1,0,1
BRDA:32,1,1,8
BRDA:34,2,0,0
BRDA:34,2,1,8
BRDA:36,3,0,1
BRDA:36,3,1,7
BRF:7
BRH:6
end_of_record
TN:
SF:src/components/DocumentRenderer/DocumentRenderer.tsx
FN:31,DocumentRenderer
FNF:1
FNH:1
FNDA:43,DocumentRenderer
DA:32,43
LF:1
LH:1
BRDA:34,0,0,43
BRDA:34,0,1,18
BRDA:34,0,2,18
BRDA:34,0,3,15
BRDA:34,0,4,15
BRDA:48,1,0,38
BRDA:48,1,1,19
BRDA:48,1,2,19
BRDA:48,1,3,19
BRDA:48,1,4,11
BRDA:62,2,0,38
BRDA:62,2,1,20
BRDA:62,2,2,1
BRDA:62,2,3,1
BRDA:62,2,4,1
BRF:15
BRH:15
end_of_record
TN:
SF:src/components/DocumentTable/DocumentTable.tsx
FN:63,generateToken
FN:73,getUsername
FN:83,DocumentTable
FN:89,(anonymous_3)
FN:108,(anonymous_4)
FN:112,(anonymous_5)
FN:120,(anonymous_6)
FN:122,(anonymous_7)
FN:128,(anonymous_8)
FN:137,(anonymous_9)
FN:142,(anonymous_10)
FN:147,(anonymous_11)
FN:152,(anonymous_12)
FN:171,(anonymous_13)
FN:215,(anonymous_14)
FN:216,(anonymous_15)
FN:228,(anonymous_16)
FN:241,(anonymous_17)
FN:273,(anonymous_18)
FN:311,(anonymous_19)
FNF:20
FNH:15
FNDA:12,generateToken
FNDA:0,getUsername
FNDA:33,DocumentTable
FNDA:9,(anonymous_3)
FNDA:8,(anonymous_4)
FNDA:1,(anonymous_5)
FNDA:27,(anonymous_6)
FNDA:1,(anonymous_7)
FNDA:33,(anonymous_8)
FNDA:27,(anonymous_9)
FNDA:27,(anonymous_10)
FNDA:27,(anonymous_11)
FNDA:27,(anonymous_12)
FNDA:1,(anonymous_13)
FNDA:0,(anonymous_14)
FNDA:0,(anonymous_15)
FNDA:32,(anonymous_16)
FNDA:1,(anonymous_17)
FNDA:0,(anonymous_18)
FNDA:0,(anonymous_19)
DA:64,12
DA:65,12
DA:66,12
DA:67,12
DA:69,0
DA:74,0
DA:75,0
DA:76,0
DA:77,0
DA:79,0
DA:84,33
DA:85,33
DA:86,33
DA:87,33
DA:89,33
DA:90,9
DA:91,9
DA:92,9
DA:93,9
DA:98,9
DA:99,9
DA:100,9
DA:101,9
DA:103,0
DA:104,0
DA:108,33
DA:109,8
DA:112,33
DA:113,1
DA:114,1
DA:115,0
DA:117,1
DA:120,33
DA:121,27
DA:122,1
DA:128,33
DA:129,33
DA:130,27
DA:132,6
DA:133,6
DA:137,27
DA:142,27
DA:147,27
DA:152,27
DA:156,6
DA:171,1
DA:212,33
DA:213,33
DA:215,0
DA:216,0
DA:228,33
DA:229,32
DA:230,6
DA:231,6
DA:235,33
DA:236,33
DA:240,33
DA:242,1
DA:244,1
DA:245,1
DA:246,1
DA:247,1
DA:248,1
DA:249,1
DA:250,1
DA:253,1
DA:254,1
DA:255,1
DA:256,1
DA:257,1
DA:262,33
DA:274,0
DA:304,33
DA:311,0
LF:74
LH:61
BRDA:114,0,0,0
BRDA:114,0,1,1
BRDA:129,1,0,27
BRDA:129,1,1,6
BRDA:183,2,0,6
BRDA:183,2,1,0
BRDA:186,3,0,0
BRDA:186,3,1,0
BRDA:195,4,0,6
BRDA:195,4,1,0
BRDA:229,5,0,6
BRDA:229,5,1,26
BRDA:248,6,0,1
BRDA:248,6,1,0
BRDA:262,7,0,15
BRDA:262,7,1,18
BRDA:269,8,0,15
BRDA:269,8,1,9
BRDA:289,9,0,15
BRDA:289,9,1,0
BRF:20
BRH:13
end_of_record
TN:
SF:src/components/DocumentTable/common-components.jsx
FN:15,(anonymous_0)
FN:29,(anonymous_1)
FNF:2
FNH:0
FNDA:0,(anonymous_0)
FNDA:0,(anonymous_1)
DA:15,11
DA:16,0
DA:29,11
DA:30,0
LF:4
LH:2
BRF:0
BRH:0
end_of_record
TN:
SF:src/components/DocumentTable/full-page-header.tsx
FN:37,CasePageHeader
FN:60,(anonymous_1)
FN:64,(anonymous_2)
FN:76,DocResultsPageHeader
FNF:4
FNH:4
FNDA:15,CasePageHeader
FNDA:1,(anonymous_1)
FNDA:1,(anonymous_2)
FNDA:14,DocResultsPageHeader
DA:46,15
DA:48,15
DA:60,1
DA:64,1
DA:83,14
LF:5
LH:5
BRDA:38,0,0,0
BRDA:39,1,0,0
BRDA:40,2,0,15
BRDA:51,3,0,15
BRDA:51,3,1,15
BRDA:77,4,0,14
BRDA:78,5,0,14
BRDA:95,6,0,14
BRDA:95,6,1,14
BRF:9
BRH:7
end_of_record
TN:
SF:src/components/DocumentTable/info-link.tsx
FN:21,(anonymous_0)
FNF:1
FNH:1
FNDA:29,(anonymous_0)
DA:21,12
DA:22,29
LF:2
LH:2
BRF:0
BRH:0
end_of_record
TN:
SF:src/components/DocumentTable/interfaces.ts
FNF:0
FNH:0
LF:0
LH:0
BRF:0
BRH:0
end_of_record
TN:
SF:src/components/DocumentTable/table-config.jsx
FN:17,(anonymous_0)
FN:48,(anonymous_1)
FN:53,(anonymous_2)
FN:58,(anonymous_3)
FN:63,(anonymous_4)
FN:68,(anonymous_5)
FN:93,(anonymous_6)
FN:100,(anonymous_7)
FNF:8
FNH:7
FNDA:15,(anonymous_0)
FNDA:26,(anonymous_1)
FNDA:26,(anonymous_2)
FNDA:26,(anonymous_3)
FNDA:26,(anonymous_4)
FNDA:26,(anonymous_5)
FNDA:15,(anonymous_6)
FNDA:0,(anonymous_7)
DA:17,11
DA:18,15
DA:37,11
DA:44,11
DA:48,26
DA:53,26
DA:58,26
DA:63,26
DA:69,26
DA:79,11
DA:87,11
DA:93,11
DA:94,15
DA:100,0
LF:14
LH:13
BRDA:93,0,0,0
BRF:1
BRH:0
end_of_record
TN:
SF:src/components/DocumentTable/use-collection.ts
FNF:0
FNH:0
LF:0
LH:0
BRF:0
BRH:0
end_of_record
TN:
SF:src/components/DocumentTable/utils.jsx
FN:21,(anonymous_0)
FN:26,(anonymous_1)
FN:30,(anonymous_2)
FN:38,(anonymous_3)
FNF:4
FNH:2
FNDA:33,(anonymous_0)
FNDA:0,(anonymous_1)
FNDA:0,(anonymous_2)
FNDA:11,(anonymous_3)
DA:16,11
DA:21,11
DA:22,33
DA:23,33
DA:24,33
DA:26,33
DA:27,0
DA:30,33
DA:31,0
DA:33,0
DA:34,0
DA:38,33
DA:39,11
DA:40,3
DA:44,33
LF:15
LH:11
BRDA:33,0,0,0
BRDA:33,0,1,0
BRDA:39,1,0,3
BRDA:39,1,1,8
BRDA:39,2,0,11
BRDA:39,2,1,3
BRF:6
BRH:4
end_of_record
TN:
SF:src/components/DocumentTable/i18n-strings/app-layout.ts
FNF:0
FNH:0
DA:15,11
LF:1
LH:1
BRF:0
BRH:0
end_of_record
TN:
SF:src/components/DocumentTable/i18n-strings/index.ts
FNF:0
FNH:0
LF:0
LH:0
BRF:0
BRH:0
end_of_record
TN:
SF:src/components/DocumentTable/i18n-strings/pagination.ts
FN:18,(anonymous_0)
FNF:1
FNH:1
FNDA:30,(anonymous_0)
DA:15,11
DA:18,30
LF:2
LH:2
BRF:0
BRH:0
end_of_record
TN:
SF:src/components/DocumentTable/i18n-strings/split-panel.ts
FNF:0
FNH:0
DA:15,11
LF:1
LH:1
BRF:0
BRH:0
end_of_record
TN:
SF:src/components/DocumentTable/i18n-strings/text-filter.ts
FN:4,(anonymous_0)
FNF:1
FNH:1
FNDA:15,(anonymous_0)
DA:4,15
LF:1
LH:1
BRDA:4,0,0,14
BRDA:4,0,1,1
BRF:2
BRH:2
end_of_record
TN:
SF:src/components/DocumentView/DocumentView.tsx
FN:58,DocumentView
FN:89,(anonymous_1)
FN:93,(anonymous_2)
FN:103,(anonymous_3)
FN:111,(anonymous_4)
FN:126,(anonymous_5)
FN:138,(anonymous_6)
FN:147,(anonymous_7)
FN:148,(anonymous_8)
FN:231,(anonymous_9)
FN:383,(anonymous_10)
FN:393,(anonymous_11)
FNF:12
FNH:8
FNDA:16,DocumentView
FNDA:0,(anonymous_1)
FNDA:7,(anonymous_2)
FNDA:4,(anonymous_3)
FNDA:18,(anonymous_4)
FNDA:4,(anonymous_5)
FNDA:0,(anonymous_6)
FNDA:4,(anonymous_7)
FNDA:4,(anonymous_8)
FNDA:6,(anonymous_9)
FNDA:0,(anonymous_10)
FNDA:0,(anonymous_11)
DA:59,16
DA:60,15
DA:61,15
DA:62,15
DA:63,15
DA:81,15
DA:86,15
DA:87,15
DA:89,15
DA:90,0
DA:93,15
DA:94,7
DA:95,7
DA:96,7
DA:97,7
DA:98,7
DA:99,7
DA:100,7
DA:103,15
DA:104,4
DA:105,4
DA:106,4
DA:107,4
DA:108,4
DA:111,15
DA:112,18
DA:113,18
DA:114,18
DA:120,18
DA:122,0
DA:126,15
DA:127,4
DA:128,0
DA:129,0
DA:130,0
DA:131,0
DA:135,4
DA:138,15
DA:139,0
DA:143,0
DA:144,0
DA:147,15
DA:148,4
DA:149,4
DA:156,4
DA:157,4
DA:164,4
DA:165,4
DA:166,0
DA:167,0
DA:170,4
DA:172,4
DA:176,4
DA:177,4
DA:179,4
DA:180,2
DA:185,2
DA:186,0
DA:191,2
DA:192,1
DA:197,2
DA:198,1
DA:203,2
DA:204,2
DA:209,2
DA:216,2
DA:218,2
DA:224,2
DA:228,4
DA:231,15
DA:232,6
DA:235,15
DA:379,15
DA:384,0
DA:394,0
LF:75
LH:61
BRDA:104,0,0,4
BRDA:104,0,1,4
BRDA:105,1,0,4
BRDA:105,1,1,4
BRDA:106,2,0,4
BRDA:106,2,1,4
BRDA:107,3,0,4
BRDA:107,3,1,4
BRDA:108,4,0,4
BRDA:108,4,1,4
BRDA:111,5,0,10
BRDA:127,6,0,0
BRDA:127,6,1,4
BRDA:165,7,0,0
BRDA:165,7,1,4
BRDA:165,8,0,4
BRDA:165,8,1,4
BRDA:179,9,0,2
BRDA:179,9,1,0
BRDA:185,10,0,0
BRDA:185,10,1,2
BRDA:191,11,0,1
BRDA:191,11,1,1
BRDA:197,12,0,1
BRDA:197,12,1,1
BRDA:203,13,0,2
BRDA:203,13,1,0
BRF:27
BRH:22
end_of_record
TN:
SF:src/components/FileUpload/FileUpload.tsx
FN:28,(anonymous_0)
FN:53,(anonymous_1)
FN:56,(anonymous_2)
FN:74,(anonymous_3)
FN:78,(anonymous_4)
FN:88,(anonymous_5)
FN:92,(anonymous_6)
FNF:7
FNH:7
FNDA:31,(anonymous_0)
FNDA:2,(anonymous_1)
FNDA:6,(anonymous_2)
FNDA:1,(anonymous_3)
FNDA:3,(anonymous_4)
FNDA:15,(anonymous_5)
FNDA:31,(anonymous_6)
DA:28,4
DA:51,31
DA:53,31
DA:55,31
DA:57,6
DA:58,6
DA:59,6
DA:60,3
DA:62,3
DA:64,6
DA:66,6
DA:67,6
DA:73,31
DA:75,1
DA:76,1
DA:77,1
DA:78,3
DA:79,1
DA:81,1
DA:82,1
DA:88,31
DA:89,15
DA:92,31
DA:93,31
DA:94,3
DA:97,28
DA:98,1
DA:112,27
DA:113,21
DA:136,31
DA:168,4
LF:31
LH:31
BRDA:30,0,0,10
BRDA:41,1,0,7
BRDA:53,2,0,2
BRDA:53,2,1,2
BRDA:58,3,0,6
BRDA:58,3,1,0
BRDA:58,4,0,6
BRDA:58,4,1,6
BRDA:59,5,0,3
BRDA:59,5,1,3
BRDA:60,6,0,3
BRDA:60,6,1,0
BRDA:64,7,0,3
BRDA:64,7,1,3
BRDA:66,8,0,6
BRDA:66,8,1,0
BRDA:77,9,0,1
BRDA:77,9,1,0
BRDA:77,10,0,1
BRDA:77,10,1,1
BRDA:77,10,2,1
BRDA:78,11,0,3
BRDA:78,11,1,2
BRDA:81,12,0,1
BRDA:81,12,1,0
BRDA:93,13,0,3
BRDA:93,13,1,28
BRDA:97,14,0,1
BRDA:97,14,1,27
BRDA:97,15,0,28
BRDA:97,15,1,6
BRDA:112,16,0,21
BRDA:112,16,1,6
BRDA:112,17,0,27
BRDA:112,17,1,22
BRDA:154,18,0,0
BRDA:154,18,1,31
BRF:37
BRH:31
end_of_record
TN:
SF:src/components/FileUpload/interfaces.ts
FNF:0
FNH:0
LF:0
LH:0
BRF:0
BRH:0
end_of_record
TN:
SF:src/components/FileUpload/internal.ts
FN:17,(anonymous_0)
FN:55,getBaseMetadata
FN:63,getBaseButtonText
FN:67,isImageFile
FN:71,formatFileSize
FN:79,getBrowserLocale
FN:83,checkLocale
FN:94,mergeLocales
FN:102,normalizeLocale
FN:119,formatFileLastModified
FN:144,(anonymous_10)
FN:147,(anonymous_11)
FN:150,(anonymous_12)
FN:155,(anonymous_13)
FN:158,(anonymous_14)
FNF:15
FNH:13
FNDA:44,(anonymous_0)
FNDA:58,getBaseMetadata
FNDA:15,getBaseButtonText
FNDA:19,isImageFile
FNDA:44,formatFileSize
FNDA:14,getBrowserLocale
FNDA:21,checkLocale
FNDA:7,mergeLocales
FNDA:14,normalizeLocale
FNDA:14,formatFileLastModified
FNDA:9,(anonymous_10)
FNDA:0,(anonymous_11)
FNDA:0,(anonymous_12)
FNDA:7,(anonymous_13)
FNDA:2,(anonymous_14)
DA:17,7
DA:18,44
DA:21,8
DA:24,10
DA:27,1
DA:31,1
DA:34,1
DA:37,1
DA:42,22
DA:47,7
DA:56,58
DA:57,58
DA:58,51
DA:60,58
DA:64,15
DA:68,19
DA:72,44
DA:73,0
DA:75,44
DA:76,44
DA:80,14
DA:84,21
DA:85,14
DA:87,7
DA:88,7
DA:89,0
DA:91,7
DA:95,7
DA:96,7
DA:97,0
DA:99,7
DA:103,14
DA:104,14
DA:105,14
DA:106,7
DA:109,7
DA:110,7
DA:111,7
DA:113,7
DA:114,0
DA:116,7
DA:120,14
DA:121,0
DA:123,14
DA:124,14
DA:125,14
DA:130,14
DA:136,14
DA:141,9
DA:142,9
DA:143,9
DA:145,9
DA:148,0
DA:151,0
DA:155,7
DA:156,7
DA:158,7
DA:159,2
LF:58
LH:51
BRDA:18,0,0,8
BRDA:18,0,1,10
BRDA:18,0,2,1
BRDA:18,0,3,1
BRDA:18,0,4,1
BRDA:18,0,5,1
BRDA:18,0,6,22
BRDA:18,0,7,22
BRDA:57,1,0,51
BRDA:57,1,1,7
BRDA:64,2,0,15
BRDA:64,2,1,14
BRDA:64,3,0,8
BRDA:64,3,1,6
BRDA:68,4,0,19
BRDA:68,4,1,5
BRDA:72,5,0,0
BRDA:72,5,1,44
BRDA:72,6,0,44
BRDA:72,6,1,44
BRDA:84,7,0,14
BRDA:84,7,1,7
BRDA:84,8,0,21
BRDA:84,8,1,7
BRDA:87,9,0,7
BRDA:87,9,1,7
BRDA:88,10,0,0
BRDA:88,10,1,7
BRDA:88,11,0,7
BRDA:88,11,1,7
BRDA:96,12,0,0
BRDA:96,12,1,7
BRDA:96,13,0,7
BRDA:96,13,1,0
BRDA:105,14,0,7
BRDA:105,14,1,7
BRDA:109,15,0,7
BRDA:109,15,1,0
BRDA:110,16,0,7
BRDA:110,16,1,0
BRDA:113,17,0,0
BRDA:113,17,1,7
BRDA:120,18,0,0
BRDA:120,18,1,14
BRDA:120,19,0,14
BRDA:120,19,1,14
BRF:46
BRH:38
end_of_record
TN:
SF:src/components/FileUpload/SelectedFile/SelectedFile.tsx
FN:20,(anonymous_0)
FN:32,(anonymous_1)
FN:35,(anonymous_2)
FN:47,(anonymous_3)
FN:52,(anonymous_4)
FN:55,(anonymous_5)
FN:64,(anonymous_6)
FN:148,(anonymous_7)
FNF:8
FNH:7
FNDA:35,(anonymous_0)
FNDA:19,(anonymous_1)
FNDA:3,(anonymous_2)
FNDA:1,(anonymous_3)
FNDA:19,(anonymous_4)
FNDA:0,(anonymous_5)
FNDA:19,(anonymous_6)
FNDA:1,(anonymous_7)
DA:20,6
DA:30,35
DA:31,35
DA:32,35
DA:34,35
DA:35,35
DA:36,3
DA:37,3
DA:41,35
DA:47,35
DA:48,1
DA:49,1
DA:52,35
DA:53,19
DA:54,2
DA:55,2
DA:56,0
DA:57,0
DA:60,2
DA:64,35
DA:65,19
DA:72,35
DA:149,1
LF:23
LH:21
BRDA:24,0,0,4
BRDA:36,1,0,3
BRDA:36,1,1,0
BRDA:42,2,0,18
BRDA:42,2,1,17
BRDA:42,3,0,35
BRDA:42,3,1,25
BRDA:53,4,0,2
BRDA:53,4,1,17
BRDA:53,5,0,19
BRDA:53,5,1,16
BRDA:53,5,2,4
BRDA:56,6,0,0
BRDA:56,6,1,0
BRDA:56,7,0,0
BRDA:56,7,1,0
BRDA:66,8,0,9
BRDA:66,8,1,10
BRDA:66,9,0,19
BRDA:66,9,1,11
BRDA:86,10,0,35
BRDA:86,10,1,12
BRDA:86,10,2,12
BRDA:86,10,3,5
BRDA:103,11,0,35
BRDA:103,11,1,35
BRDA:103,11,2,35
BRDA:125,12,0,35
BRDA:125,12,1,9
BRDA:125,12,2,9
BRDA:130,13,0,35
BRDA:130,13,1,35
BRDA:130,13,2,35
BRDA:135,14,0,35
BRDA:135,14,1,14
BRDA:135,14,2,14
BRF:36
BRH:31
end_of_record
TN:
SF:src/components/FileUpload/SelectedFileList/SelectedFileList.tsx
FN:30,(anonymous_0)
FN:40,(anonymous_1)
FN:40,(anonymous_2)
FN:42,(anonymous_3)
FNF:4
FNH:4
FNDA:23,(anonymous_0)
FNDA:19,(anonymous_1)
FNDA:2,(anonymous_2)
FNDA:19,(anonymous_3)
DA:30,5
DA:39,23
DA:40,23
DA:42,23
DA:43,19
DA:100,23
LF:6
LH:6
BRDA:40,0,0,2
BRDA:40,0,1,2
BRF:2
BRH:2
end_of_record
TN:
SF:src/components/Pdf/Pdf.tsx
FN:31,PDF
FN:38,onDocumentLoadSuccess
FN:43,onDocumentLoadError
FN:82,(anonymous_3)
FN:85,(anonymous_4)
FN:100,DocumentMarks
FN:110,(anonymous_6)
FN:124,(anonymous_7)
FN:139,TableHighlight
FN:153,(anonymous_9)
FN:155,(anonymous_10)
FNF:11
FNH:11
FNDA:45,PDF
FNDA:8,onDocumentLoadSuccess
FNDA:15,onDocumentLoadError
FNDA:31,(anonymous_3)
FNDA:2,(anonymous_4)
FNDA:14,DocumentMarks
FNDA:12,(anonymous_6)
FNDA:4,(anonymous_7)
FNDA:4,TableHighlight
FNDA:6,(anonymous_9)
FNDA:6,(anonymous_10)
DA:32,45
DA:33,45
DA:34,39
DA:35,39
DA:36,39
DA:39,8
DA:40,8
DA:44,15
DA:45,15
DA:46,15
DA:47,15
DA:49,0
DA:54,39
DA:65,39
DA:82,31
DA:85,2
DA:100,11
DA:104,14
DA:105,14
DA:111,12
DA:125,4
DA:132,11
DA:140,4
DA:141,4
DA:154,6
DA:156,6
DA:157,6
LF:27
LH:26
BRDA:44,0,0,15
BRDA:44,0,1,0
BRDA:67,1,0,39
BRDA:67,1,1,39
BRDA:104,2,0,6
BRDA:104,2,1,8
BRDA:109,3,0,14
BRDA:109,3,1,12
BRDA:112,4,0,12
BRDA:112,4,1,0
BRDA:112,5,0,12
BRDA:112,5,1,0
BRDA:112,6,0,12
BRDA:112,6,1,12
BRDA:113,7,0,0
BRDA:113,7,1,12
BRDA:123,8,0,14
BRDA:123,8,1,2
BRF:18
BRH:14
end_of_record
TN:
SF:src/components/RawTextLines/RawTextLines.tsx
FN:28,RawTextLines
FN:31,(anonymous_1)
FN:55,(anonymous_2)
FN:59,(anonymous_3)
FN:62,(anonymous_4)
FN:83,(anonymous_5)
FNF:6
FNH:6
FNDA:13,RawTextLines
FNDA:12,(anonymous_1)
FNDA:7,(anonymous_2)
FNDA:8,(anonymous_3)
FNDA:1,(anonymous_4)
FNDA:4,(anonymous_5)
DA:29,13
DA:31,13
DA:32,12
DA:33,2
DA:34,2
DA:38,13
DA:41,13
DA:42,2
DA:45,11
DA:46,4
DA:47,4
DA:56,7
DA:60,8
DA:63,1
DA:79,7
DA:83,7
DA:84,4
DA:85,4
DA:86,4
DA:87,4
DA:88,8
DA:89,7
DA:90,3
DA:92,7
DA:93,7
DA:95,1
DA:98,4
DA:99,4
LF:28
LH:28
BRDA:32,0,0,2
BRDA:32,0,1,10
BRDA:34,1,0,0
BRDA:34,1,1,2
BRDA:41,2,0,2
BRDA:41,2,1,11
BRDA:41,3,0,13
BRDA:41,3,1,6
BRDA:45,4,0,4
BRDA:45,4,1,7
BRDA:88,5,0,7
BRDA:88,5,1,1
BRDA:89,6,0,3
BRDA:89,6,1,4
BRF:14
BRH:13
end_of_record
TN:
SF:src/components/SearchView/KendraDocumentResults.tsx
FN:20,KendraDocumentResults
FN:28,(anonymous_1)
FN:30,(anonymous_2)
FN:31,(anonymous_3)
FN:32,(anonymous_4)
FNF:5
FNH:5
FNDA:5,KendraDocumentResults
FNDA:5,(anonymous_1)
FNDA:10,(anonymous_2)
FNDA:14,(anonymous_3)
FNDA:15,(anonymous_4)
DA:27,5
DA:29,5
DA:31,10
DA:32,15
DA:34,10
DA:54,5
LF:6
LH:6
BRF:0
BRH:0
end_of_record
TN:
SF:src/components/SearchView/KendraHighlightedText.tsx
FN:16,unionSortedHighlights
FN:39,KendraHighlightedText
FN:48,(anonymous_2)
FN:53,(anonymous_3)
FNF:4
FNH:4
FNDA:10,unionSortedHighlights
FNDA:24,KendraHighlightedText
FNDA:18,(anonymous_2)
FNDA:27,(anonymous_3)
DA:17,10
DA:18,0
DA:21,10
DA:22,10
DA:23,10
DA:24,18
DA:25,18
DA:27,1
DA:28,1
DA:31,17
DA:32,17
DA:36,10
DA:40,24
DA:42,24
DA:44,24
DA:45,14
DA:48,18
DA:49,10
DA:51,10
DA:54,27
LF:20
LH:19
BRDA:17,0,0,0
BRDA:17,0,1,10
BRDA:25,1,0,1
BRDA:25,1,1,17
BRDA:28,2,0,1
BRDA:28,2,1,1
BRDA:40,3,0,0
BRDA:40,3,1,24
BRDA:44,4,0,14
BRDA:44,4,1,10
BRDA:44,5,0,24
BRDA:44,5,1,17
BRDA:55,6,0,10
BRDA:55,6,1,17
BRDA:59,7,0,10
BRDA:59,7,1,0
BRF:16
BRH:13
end_of_record
TN:
SF:src/components/SearchView/KendraResultPage.tsx
FN:28,KendraResultPage
FN:29,(anonymous_1)
FN:29,(anonymous_2)
FN:30,(anonymous_3)
FN:30,(anonymous_4)
FNF:5
FNH:5
FNDA:4,KendraResultPage
FNDA:4,(anonymous_1)
FNDA:8,(anonymous_2)
FNDA:4,(anonymous_3)
FNDA:8,(anonymous_4)
DA:29,8
DA:30,8
DA:32,4
LF:3
LH:3
BRDA:34,0,0,4
BRDA:34,0,1,2
BRF:2
BRH:2
end_of_record
TN:
SF:src/components/SearchView/KendraResultTitle.tsx
FN:20,KendraResultTitle
FN:31,(anonymous_1)
FN:45,(anonymous_2)
FN:47,(anonymous_3)
FN:72,(anonymous_4)
FNF:5
FNH:5
FNDA:17,KendraResultTitle
FNDA:7,(anonymous_1)
FNDA:1,(anonymous_2)
FNDA:1,(anonymous_3)
FNDA:1,(anonymous_4)
DA:28,17
DA:30,17
DA:31,7
DA:33,17
DA:34,3
DA:35,14
DA:36,7
DA:40,7
DA:41,7
DA:42,1
DA:45,17
DA:46,1
DA:47,1
DA:48,1
DA:49,1
DA:50,1
DA:51,1
DA:52,1
DA:53,1
DA:54,1
DA:55,1
DA:56,1
DA:57,1
DA:68,17
DA:70,11
DA:72,1
LF:26
LH:26
BRDA:30,0,0,6
BRDA:30,0,1,11
BRDA:30,1,0,17
BRDA:30,1,1,6
BRDA:33,2,0,3
BRDA:33,2,1,14
BRDA:33,3,0,17
BRDA:33,3,1,6
BRDA:35,4,0,7
BRDA:35,4,1,7
BRDA:35,5,0,14
BRDA:35,5,1,7
BRDA:41,6,0,1
BRDA:41,6,1,6
BRDA:46,7,0,1
BRDA:46,7,1,0
BRDA:68,8,0,6
BRDA:68,8,1,11
BRDA:74,9,0,11
BRDA:74,9,1,3
BRF:20
BRH:19
end_of_record
TN:
SF:src/components/SearchView/KendraResults.tsx
FN:28,KendraResults
FNF:1
FNH:1
FNDA:6,KendraResults
DA:29,6
DA:30,6
DA:32,4
LF:3
LH:3
BRDA:29,0,0,6
BRDA:29,0,1,4
BRDA:30,1,0,2
BRDA:30,1,1,4
BRDA:40,2,0,4
BRDA:40,2,1,4
BRDA:40,2,2,2
BRDA:49,3,0,4
BRDA:49,3,1,2
BRF:9
BRH:9
end_of_record
TN:
SF:src/components/SearchView/KendraTopResults.tsx
FN:21,getTopAnswer
FN:34,KendraTopResults
FN:42,(anonymous_2)
FN:43,(anonymous_3)
FN:44,(anonymous_4)
FN:46,(anonymous_5)
FN:47,(anonymous_6)
FN:70,(anonymous_7)
FN:71,(anonymous_8)
FNF:9
FNH:9
FNDA:4,getTopAnswer
FNDA:8,KendraTopResults
FNDA:6,(anonymous_2)
FNDA:4,(anonymous_3)
FNDA:4,(anonymous_4)
FNDA:6,(anonymous_5)
FNDA:6,(anonymous_6)
FNDA:2,(anonymous_7)
FNDA:2,(anonymous_8)
DA:19,6
DA:22,4
DA:23,0
DA:24,0
DA:25,0
DA:26,0
DA:31,4
DA:41,8
DA:43,6
DA:44,4
DA:46,4
DA:47,6
DA:49,4
DA:68,8
DA:70,8
DA:71,2
DA:74,8
DA:76,4
LF:18
LH:14
BRDA:22,0,0,0
BRDA:22,0,1,4
BRDA:22,1,0,4
BRDA:22,1,1,0
BRDA:25,2,0,0
BRDA:25,2,1,0
BRDA:25,3,0,0
BRDA:25,3,1,0
BRDA:25,3,2,0
BRDA:74,4,0,4
BRDA:74,4,1,4
BRDA:84,5,0,4
BRDA:84,5,1,0
BRDA:87,6,0,1
BRDA:87,6,1,3
BRF:15
BRH:7
end_of_record
TN:
SF:src/components/SearchView/SearchView.tsx
FN:56,SearchView
FN:61,(anonymous_1)
FN:69,(anonymous_2)
FN:84,(anonymous_3)
FN:85,(anonymous_4)
FN:100,(anonymous_5)
FN:112,(anonymous_6)
FN:130,(anonymous_7)
FN:134,(anonymous_8)
FN:153,(anonymous_9)
FN:161,(anonymous_10)
FN:170,(anonymous_11)
FN:178,(anonymous_12)
FN:186,(anonymous_13)
FN:195,(anonymous_14)
FN:200,(anonymous_15)
FN:205,(anonymous_16)
FN:224,(anonymous_17)
FN:249,(anonymous_18)
FN:271,(anonymous_19)
FN:278,(anonymous_20)
FN:300,(anonymous_21)
FN:301,(anonymous_22)
FN:311,(anonymous_23)
FN:343,(anonymous_24)
FN:357,(anonymous_25)
FN:359,(anonymous_26)
FNF:27
FNH:14
FNDA:18,SearchView
FNDA:12,(anonymous_1)
FNDA:12,(anonymous_2)
FNDA:9,(anonymous_3)
FNDA:0,(anonymous_4)
FNDA:11,(anonymous_5)
FNDA:0,(anonymous_6)
FNDA:0,(anonymous_7)
FNDA:0,(anonymous_8)
FNDA:11,(anonymous_9)
FNDA:12,(anonymous_10)
FNDA:1,(anonymous_11)
FNDA:0,(anonymous_12)
FNDA:1,(anonymous_13)
FNDA:0,(anonymous_14)
FNDA:0,(anonymous_15)
FNDA:0,(anonymous_16)
FNDA:0,(anonymous_17)
FNDA:1,(anonymous_18)
FNDA:1,(anonymous_19)
FNDA:1,(anonymous_20)
FNDA:1,(anonymous_21)
FNDA:0,(anonymous_22)
FNDA:1,(anonymous_23)
FNDA:0,(anonymous_24)
FNDA:0,(anonymous_25)
FNDA:0,(anonymous_26)
DA:53,3
DA:58,18
DA:59,17
DA:62,12
DA:67,0
DA:69,17
DA:70,12
DA:76,17
DA:77,17
DA:79,17
DA:80,17
DA:81,17
DA:82,17
DA:84,17
DA:85,9
DA:86,0
DA:87,0
DA:92,0
DA:93,0
DA:95,9
DA:96,0
DA:100,17
DA:101,11
DA:102,1
DA:103,1
DA:104,1
DA:105,1
DA:110,1
DA:111,0
DA:112,0
DA:115,1
DA:116,0
DA:121,1
DA:126,1
DA:127,1
DA:129,1
DA:130,1
DA:131,0
DA:133,1
DA:134,1
DA:135,0
DA:137,1
DA:138,0
DA:139,0
DA:142,1
DA:143,1
DA:144,1
DA:146,0
DA:149,10
DA:153,17
DA:154,11
DA:160,17
DA:161,17
DA:162,12
DA:165,0
DA:168,17
DA:170,17
DA:171,1
DA:172,0
DA:173,0
DA:175,1
DA:178,17
DA:179,0
DA:180,0
DA:181,0
DA:182,0
DA:186,17
DA:187,1
DA:188,1
DA:189,1
DA:190,1
DA:191,1
DA:195,17
DA:196,0
DA:197,0
DA:198,0
DA:200,0
DA:202,0
DA:205,0
DA:210,0
DA:214,0
DA:224,17
DA:225,0
DA:226,0
DA:228,0
DA:231,17
DA:232,5
DA:249,1
DA:257,12
DA:259,12
DA:271,1
DA:278,1
DA:300,1
DA:301,0
DA:312,1
DA:344,0
DA:358,0
DA:360,0
LF:98
LH:62
BRDA:58,0,0,17
BRDA:58,0,1,0
BRDA:95,1,0,0
BRDA:95,1,1,9
BRDA:100,2,0,11
BRDA:100,3,0,11
BRDA:101,4,0,1
BRDA:101,4,1,10
BRDA:110,5,0,0
BRDA:110,5,1,1
BRDA:115,6,0,0
BRDA:115,6,1,1
BRDA:115,7,0,1
BRDA:115,7,1,0
BRDA:137,8,0,0
BRDA:137,8,1,1
BRDA:160,9,0,17
BRDA:160,9,1,0
BRDA:171,10,0,0
BRDA:171,10,1,1
BRDA:179,11,0,0
BRDA:179,11,1,0
BRDA:179,12,0,0
BRDA:179,12,1,0
BRDA:179,12,2,0
BRDA:188,13,0,1
BRDA:188,13,1,0
BRDA:188,14,0,1
BRDA:188,14,1,1
BRDA:197,15,0,0
BRDA:197,15,1,0
BRDA:200,16,0,0
BRDA:200,16,1,0
BRDA:205,17,0,0
BRDA:205,17,1,0
BRDA:225,18,0,0
BRDA:225,18,1,0
BRDA:231,19,0,5
BRDA:231,19,1,12
BRDA:257,20,0,12
BRDA:257,20,1,11
BRDA:332,21,0,12
BRDA:332,21,1,4
BRDA:333,22,0,12
BRDA:333,22,1,3
BRDA:335,23,0,3
BRDA:335,23,1,0
BRDA:345,24,0,0
BRDA:345,24,1,0
BRDA:374,25,0,0
BRDA:374,25,1,0
BRF:51
BRH:24
end_of_record
TN:
SF:src/components/TableResults/TableResults.tsx
FN:27,TableResults
FN:30,(anonymous_1)
FN:53,(anonymous_2)
FN:56,(anonymous_3)
FN:59,(anonymous_4)
FN:81,(anonymous_5)
FNF:6
FNH:6
FNDA:11,TableResults
FNDA:10,(anonymous_1)
FNDA:6,(anonymous_2)
FNDA:6,(anonymous_3)
FNDA:1,(anonymous_4)
FNDA:3,(anonymous_5)
DA:28,11
DA:30,11
DA:31,10
DA:32,2
DA:33,2
DA:37,11
DA:40,11
DA:41,2
DA:44,9
DA:45,3
DA:46,3
DA:54,6
DA:57,6
DA:60,1
DA:77,6
DA:81,7
DA:82,3
DA:83,3
DA:84,3
DA:85,3
DA:86,6
DA:87,6
DA:88,3
DA:90,6
DA:91,6
DA:93,0
DA:96,3
DA:97,3
LF:28
LH:27
BRDA:31,0,0,2
BRDA:31,0,1,8
BRDA:33,1,0,0
BRDA:33,1,1,2
BRDA:40,2,0,2
BRDA:40,2,1,9
BRDA:40,3,0,11
BRDA:40,3,1,5
BRDA:44,4,0,3
BRDA:44,4,1,6
BRDA:50,5,0,3
BRDA:50,5,1,0
BRDA:65,6,0,6
BRDA:65,6,1,0
BRDA:86,7,0,6
BRDA:86,7,1,0
BRDA:87,8,0,3
BRDA:87,8,1,3
BRF:18
BRH:14
end_of_record
TN:
SF:src/utils/common-renderers.jsx
FN:26,(anonymous_0)
FN:51,(anonymous_1)
FNF:2
FNH:2
FNDA:190,(anonymous_0)
FNDA:253,(anonymous_1)
DA:26,21
DA:27,190
DA:28,190
DA:29,190
DA:31,190
DA:32,33
DA:33,33
DA:34,157
DA:35,41
DA:36,41
DA:37,116
DA:38,2
DA:39,2
DA:40,2
DA:42,190
DA:51,21
DA:52,253
DA:53,253
LF:18
LH:18
BRDA:29,0,0,188
BRDA:29,0,1,2
BRDA:31,1,0,33
BRDA:31,1,1,157
BRDA:32,2,0,33
BRDA:32,2,1,0
BRDA:34,3,0,41
BRDA:34,3,1,116
BRDA:35,4,0,41
BRDA:35,4,1,0
BRDA:37,5,0,2
BRDA:37,5,1,114
BRDA:37,6,0,116
BRDA:37,6,1,95
BRDA:38,7,0,1
BRDA:38,7,1,1
BRDA:39,8,0,2
BRDA:39,8,1,0
BRDA:52,9,0,159
BRDA:52,9,1,94
BRF:20
BRH:17
end_of_record
TN:
SF:src/utils/constants.ts
FNF:0
FNH:0
DA:14,18
DA:16,18
DA:17,18
DA:18,18
DA:19,18
DA:20,18
DA:21,18
DA:22,18
DA:23,18
DA:24,18
DA:25,18
DA:26,18
DA:27,18
DA:29,18
DA:35,18
DA:43,18
DA:51,18
DA:58,18
LF:18
LH:18
BRF:0
BRH:0
end_of_record
TN:
SF:src/utils/document.js
FN:32,getPage
FN:35,(anonymous_1)
FN:47,getDocumentBlocks
FN:59,(anonymous_3)
FN:68,getIndexedDocumentBlocks
FN:80,getDocumentBlocksByIds
FN:82,(anonymous_6)
FN:93,getCellOrValueContents
FN:98,(anonymous_8)
FN:116,getPageChildrenByType
FN:131,filterBlocksByType
FN:132,(anonymous_11)
FN:140,getDocumentPageCount
FN:155,getDocumentLines
FN:157,(anonymous_14)
FN:171,getPageLines
FN:173,(anonymous_16)
FN:188,getDocumentKeyValuePairs
FN:191,(anonymous_18)
FN:193,(anonymous_19)
FN:209,getPageKeyValuePairs
FN:215,(anonymous_21)
FN:218,(anonymous_22)
FN:226,(anonymous_23)
FN:231,(anonymous_24)
FN:243,(anonymous_25)
FN:243,(anonymous_26)
FN:246,getDocumentTables
FN:249,(anonymous_28)
FN:251,(anonymous_29)
FN:267,getPageTables
FN:272,(anonymous_31)
FN:279,(anonymous_32)
FNF:33
FNH:16
FNDA:3,getPage
FNDA:5,(anonymous_1)
FNDA:13,getDocumentBlocks
FNDA:2,(anonymous_3)
FNDA:5,getIndexedDocumentBlocks
FNDA:3,getDocumentBlocksByIds
FNDA:5,(anonymous_6)
FNDA:2,getCellOrValueContents
FNDA:2,(anonymous_8)
FNDA:1,getPageChildrenByType
FNDA:1,filterBlocksByType
FNDA:2,(anonymous_11)
FNDA:29,getDocumentPageCount
FNDA:7,getDocumentLines
FNDA:0,(anonymous_14)
FNDA:0,getPageLines
FNDA:0,(anonymous_16)
FNDA:7,getDocumentKeyValuePairs
FNDA:0,(anonymous_18)
FNDA:0,(anonymous_19)
FNDA:0,getPageKeyValuePairs
FNDA:0,(anonymous_21)
FNDA:0,(anonymous_22)
FNDA:0,(anonymous_23)
FNDA:0,(anonymous_24)
FNDA:0,(anonymous_25)
FNDA:0,(anonymous_26)
FNDA:7,getDocumentTables
FNDA:0,(anonymous_28)
FNDA:0,(anonymous_29)
FNDA:0,getPageTables
FNDA:0,(anonymous_31)
FNDA:0,(anonymous_32)
DA:17,4
DA:18,4
DA:21,4
DA:22,4
DA:23,4
DA:24,4
DA:33,3
DA:34,3
DA:37,5
DA:39,3
DA:49,13
DA:50,7
DA:51,7
DA:52,6
DA:53,1
DA:54,1
DA:56,13
DA:57,8
DA:59,8
DA:60,8
DA:69,5
DA:70,5
DA:71,5
DA:81,3
DA:82,3
DA:83,5
DA:94,2
DA:95,1
DA:97,1
DA:98,1
DA:99,2
DA:100,2
DA:105,1
DA:106,1
DA:117,1
DA:118,1
DA:119,1
DA:120,1
DA:122,1
DA:132,2
DA:142,29
DA:143,15
DA:144,15
DA:145,15
DA:146,14
DA:147,14
DA:148,14
DA:149,14
DA:151,29
DA:152,29
DA:156,7
DA:157,7
DA:158,0
DA:159,0
DA:162,7
DA:172,0
DA:173,0
DA:174,0
DA:189,7
DA:191,7
DA:192,0
DA:193,0
DA:194,0
DA:200,7
DA:211,0
DA:215,0
DA:218,0
DA:220,0
DA:221,0
DA:222,0
DA:223,0
DA:226,0
DA:227,0
DA:228,0
DA:231,0
DA:232,0
DA:234,0
DA:243,0
DA:247,7
DA:249,7
DA:250,0
DA:251,0
DA:252,0
DA:258,7
DA:269,0
DA:272,0
DA:273,0
DA:275,0
DA:276,0
DA:279,0
DA:280,0
DA:281,0
DA:282,0
DA:283,0
DA:291,0
DA:292,0
DA:295,0
DA:298,0
DA:301,4
LF:99
LH:60
BRDA:37,0,0,5
BRDA:37,0,1,3
BRDA:37,0,2,2
BRDA:37,0,3,1
BRDA:39,1,0,1
BRDA:39,1,1,2
BRDA:49,2,0,7
BRDA:49,2,1,6
BRDA:52,3,0,1
BRDA:52,3,1,5
BRDA:56,4,0,5
BRDA:56,4,1,8
BRDA:56,5,0,13
BRDA:56,5,1,10
BRDA:59,6,0,8
BRDA:59,6,1,1
BRDA:60,7,0,1
BRDA:60,7,1,7
BRDA:60,8,0,7
BRDA:60,8,1,0
BRDA:83,9,0,5
BRDA:83,9,1,0
BRDA:94,10,0,1
BRDA:94,10,1,1
BRDA:99,11,0,1
BRDA:99,11,1,1
BRDA:100,12,0,1
BRDA:100,12,1,1
BRDA:105,13,0,1
BRDA:105,13,1,0
BRDA:106,14,0,1
BRDA:106,14,1,0
BRDA:117,15,0,1
BRDA:117,15,1,0
BRDA:118,16,0,1
BRDA:118,16,1,0
BRDA:120,17,0,1
BRDA:120,17,1,0
BRDA:142,18,0,15
BRDA:142,18,1,14
BRDA:146,19,0,14
BRDA:146,19,1,0
BRDA:152,20,0,1
BRDA:152,20,1,28
BRDA:220,21,0,0
BRDA:220,21,1,0
BRDA:221,22,0,0
BRDA:221,22,1,0
BRDA:227,23,0,0
BRDA:227,23,1,0
BRDA:243,24,0,0
BRDA:243,24,1,0
BRDA:258,25,0,7
BRDA:258,25,1,0
BRDA:275,26,0,0
BRDA:275,26,1,0
BRDA:281,27,0,0
BRDA:281,27,1,0
BRDA:282,28,0,0
BRDA:282,28,1,0
BRF:60
BRH:37
end_of_record
TN:
SF:src/utils/info-panel-contents.tsx
FN:16,(anonymous_0)
FN:42,(anonymous_1)
FNF:2
FNH:2
FNDA:32,(anonymous_0)
FNDA:14,(anonymous_1)
DA:16,12
DA:17,32
DA:42,12
DA:43,14
LF:4
LH:4
BRF:0
BRH:0
end_of_record
TN:
SF:src/utils/interfaces.ts
FNF:0
FNH:0
LF:0
LH:0
BRF:0
BRH:0
end_of_record
