TN:
SF:source/lambda/layers/common-node-lib/constants.js
FNF:0
FNH:0
DA:16,15
DA:24,15
DA:32,15
DA:38,15
DA:44,15
DA:49,15
DA:52,15
DA:54,15
DA:56,15
DA:67,15
DA:73,15
DA:79,15
DA:89,15
DA:102,15
DA:109,15
DA:116,15
DA:124,15
DA:133,15
DA:144,15
LF:19
LH:19
BRF:0
BRH:0
end_of_record
TN:
SF:source/lambda/layers/common-node-lib/index.js
FNF:0
FNH:0
DA:16,2
DA:17,2
DA:18,2
DA:19,2
DA:25,2
DA:26,2
DA:27,2
DA:28,2
DA:29,2
DA:30,2
DA:31,2
DA:32,2
DA:55,2
DA:56,2
DA:57,2
DA:58,2
DA:60,2
LF:17
LH:17
BRF:0
BRH:0
end_of_record
TN:
SF:source/lambda/layers/common-node-lib/batch-job/initiate-job.js
FN:28,processRecordsSync
FNF:1
FNH:1
FNDA:4,processRecordsSync
DA:16,3
DA:18,3
DA:29,4
DA:31,4
DA:32,5
DA:33,5
DA:35,5
DA:36,5
DA:37,5
DA:39,4
DA:40,2
DA:42,2
DA:45,4
DA:47,1
DA:48,1
DA:54,3
LF:16
LH:16
BRDA:29,0,0,0
BRDA:29,0,1,4
BRDA:29,1,0,4
BRDA:29,1,1,4
BRDA:39,2,0,2
BRDA:39,2,1,2
BRF:6
BRH:5
end_of_record
TN:
SF:source/lambda/layers/common-node-lib/cognito/decode-jwt-token.js
FN:23,(anonymous_0)
FN:37,(anonymous_1)
FN:49,(anonymous_2)
FNF:3
FNH:3
FNDA:5,(anonymous_0)
FNDA:1,(anonymous_1)
FNDA:2,(anonymous_2)
DA:16,3
DA:23,3
DA:24,5
DA:25,5
DA:27,1
DA:28,1
DA:37,3
DA:38,1
DA:39,1
DA:40,1
DA:49,3
DA:50,2
DA:51,2
LF:13
LH:13
BRDA:53,0,0,2
BRDA:53,0,1,0
BRDA:54,1,0,1
BRDA:54,1,1,1
BRF:4
BRH:3
end_of_record
TN:
SF:source/lambda/layers/common-node-lib/ddb/ddb-case-update.js
FN:31,checkDDBCaseUpdateEnvSetup
FN:46,updateInferences
FN:68,updateInference
FN:108,getInferencePrefixes
FN:154,updateCaseStatus
FNF:5
FNH:5
FNDA:10,checkDDBCaseUpdateEnvSetup
FNDA:4,updateInferences
FNDA:13,updateInference
FNDA:3,getInferencePrefixes
FNDA:2,updateCaseStatus
DA:16,5
DA:17,5
DA:18,5
DA:19,5
DA:32,10
DA:33,6
DA:34,6
DA:36,4
DA:47,4
DA:48,4
DA:50,4
DA:51,9
DA:52,9
DA:53,5
DA:55,4
DA:58,4
DA:69,13
DA:71,13
DA:72,2
DA:75,13
DA:76,13
DA:92,13
DA:94,5
DA:97,5
DA:109,3
DA:110,3
DA:112,3
DA:113,0
DA:117,3
DA:118,3
DA:126,3
DA:128,1
DA:129,1
DA:130,1
DA:133,2
DA:136,2
DA:137,2
DA:138,18
DA:139,2
DA:143,2
DA:155,2
DA:157,2
DA:158,1
DA:161,2
DA:162,2
DA:178,2
DA:179,1
DA:182,1
DA:184,1
DA:187,1
DA:191,5
LF:51
LH:50
BRDA:32,0,0,6
BRDA:32,0,1,4
BRDA:68,1,0,1
BRDA:69,2,0,13
BRDA:69,2,1,1
BRDA:71,3,0,2
BRDA:71,3,1,11
BRDA:112,4,0,0
BRDA:112,4,1,3
BRDA:138,5,0,2
BRDA:138,5,1,16
BRDA:154,6,0,0
BRDA:155,7,0,2
BRDA:155,7,1,0
BRDA:157,8,0,1
BRDA:157,8,1,1
BRF:16
BRH:13
end_of_record
TN:
SF:source/lambda/layers/common-node-lib/ddb/ddb-get-case.js
FN:29,(anonymous_0)
FNF:1
FNH:1
FNDA:3,(anonymous_0)
DA:16,3
DA:17,3
DA:29,3
DA:30,3
DA:31,3
DA:33,3
DA:34,3
DA:36,3
DA:37,3
DA:38,1
DA:41,2
DA:51,2
DA:52,2
DA:53,1
DA:56,1
DA:58,2
DA:59,2
DA:63,3
LF:18
LH:18
BRDA:37,0,0,1
BRDA:37,0,1,2
BRDA:52,1,0,1
BRDA:52,1,1,1
BRF:4
BRH:4
end_of_record
TN:
SF:source/lambda/layers/common-node-lib/metrics/case-status.js
FN:24,(anonymous_0)
FNF:1
FNH:1
FNDA:8,(anonymous_0)
DA:15,7
DA:16,7
DA:25,8
DA:26,8
DA:27,1
DA:30,1
DA:31,1
DA:34,7
DA:49,7
DA:50,7
DA:54,7
LF:11
LH:11
BRDA:26,0,0,1
BRDA:26,0,1,7
BRF:2
BRH:2
end_of_record
TN:
SF:source/lambda/layers/common-node-lib/metrics/cloudwatch.js
FN:27,(anonymous_0)
FN:31,(anonymous_1)
FN:35,(anonymous_2)
FN:76,(anonymous_3)
FN:92,(anonymous_4)
FN:107,(anonymous_5)
FN:129,(anonymous_6)
FNF:7
FNH:7
FNDA:28,(anonymous_0)
FNDA:31,(anonymous_1)
FNDA:29,(anonymous_2)
FNDA:31,(anonymous_3)
FNDA:33,(anonymous_4)
FNDA:31,(anonymous_5)
FNDA:29,(anonymous_6)
DA:15,7
DA:16,7
DA:17,7
DA:18,7
DA:19,7
DA:20,7
DA:28,28
DA:32,31
DA:36,29
DA:77,31
DA:78,31
DA:79,2
DA:80,2
DA:82,29
DA:83,28
DA:85,1
DA:86,1
DA:88,28
DA:89,28
DA:93,33
DA:94,1
DA:95,1
DA:97,32
DA:98,31
DA:99,31
DA:100,31
DA:102,1
DA:103,1
DA:109,31
DA:111,6
DA:114,8
DA:117,9
DA:120,8
DA:124,0
DA:125,0
DA:130,29
DA:134,7
LF:37
LH:35
BRDA:78,0,0,2
BRDA:78,0,1,29
BRDA:82,1,0,28
BRDA:82,1,1,1
BRDA:93,2,0,1
BRDA:93,2,1,32
BRDA:97,3,0,31
BRDA:97,3,1,1
BRDA:109,4,0,6
BRDA:109,4,1,8
BRDA:109,4,2,9
BRDA:109,4,3,8
BRDA:109,4,4,0
BRF:13
BRH:12
end_of_record
TN:
SF:source/lambda/layers/common-node-lib/metrics/documents.js
FN:23,(anonymous_0)
FNF:1
FNH:1
FNDA:6,(anonymous_0)
DA:14,7
DA:15,7
DA:24,6
DA:39,6
DA:40,6
DA:44,7
LF:6
LH:6
BRDA:23,0,0,3
BRF:1
BRH:1
end_of_record
TN:
SF:source/lambda/layers/common-node-lib/metrics/file-types.js
FN:24,(anonymous_0)
FNF:1
FNH:1
FNDA:7,(anonymous_0)
DA:15,7
DA:16,7
DA:25,7
DA:26,1
DA:30,1
DA:31,1
DA:34,6
DA:35,6
DA:38,6
DA:53,6
DA:54,6
DA:58,7
LF:12
LH:12
BRDA:24,0,0,3
BRDA:25,1,0,1
BRDA:25,1,1,6
BRDA:34,2,0,6
BRDA:34,2,1,0
BRDA:34,3,0,6
BRDA:34,3,1,1
BRF:7
BRH:6
end_of_record
TN:
SF:source/lambda/layers/common-node-lib/metrics/workflows.js
FN:25,(anonymous_0)
FNF:1
FNH:1
FNDA:9,(anonymous_0)
DA:15,7
DA:16,7
DA:27,9
DA:28,4
DA:29,4
DA:30,5
DA:31,2
DA:32,2
DA:34,3
DA:35,3
DA:36,3
DA:39,6
DA:54,6
DA:55,6
DA:59,7
LF:15
LH:15
BRDA:25,0,0,8
BRDA:27,1,0,4
BRDA:27,1,1,5
BRDA:30,2,0,2
BRDA:30,2,1,3
BRF:5
BRH:5
end_of_record
TN:
SF:source/lambda/layers/common-node-lib/metrics/utils/send-metrics.js
FN:9,(anonymous_0)
FNF:1
FNH:1
FNDA:27,(anonymous_0)
DA:1,8
DA:2,8
DA:9,8
DA:10,27
DA:11,27
DA:12,27
DA:13,27
DA:14,20
DA:15,20
DA:17,7
DA:18,7
LF:11
LH:11
BRF:0
BRH:0
end_of_record
TN:
SF:source/lambda/layers/common-node-lib/response-formatter/error-response.js
FN:21,formatError
FNF:1
FNH:1
FNDA:3,formatError
DA:23,3
DA:24,1
DA:29,3
DA:30,3
DA:32,3
DA:41,3
DA:44,3
LF:7
LH:7
BRDA:23,0,0,1
BRDA:23,0,1,2
BRDA:29,1,0,3
BRDA:29,1,1,2
BRDA:30,2,0,3
BRDA:30,2,1,2
BRF:6
BRH:6
end_of_record
TN:
SF:source/lambda/layers/common-node-lib/response-formatter/success-response.js
FN:24,formatResponse
FNF:1
FNH:1
FNDA:2,formatResponse
DA:25,2
DA:32,2
DA:33,2
DA:34,2
DA:40,2
DA:43,3
LF:6
LH:6
BRDA:32,0,0,1
BRDA:32,0,1,1
BRDA:33,1,0,1
BRDA:33,1,1,1
BRF:4
BRH:4
end_of_record
TN:
SF:source/lambda/layers/common-node-lib/s3/get-request-account-id.js
FN:20,(anonymous_0)
FN:29,(anonymous_1)
FNF:2
FNH:2
FNDA:2,(anonymous_0)
FNDA:3,(anonymous_1)
DA:20,3
DA:21,2
DA:22,1
DA:23,1
DA:26,1
DA:29,3
DA:30,3
DA:31,1
DA:32,1
DA:34,2
DA:35,1
DA:36,1
DA:39,1
DA:40,1
DA:43,3
LF:15
LH:15
BRDA:21,0,0,1
BRDA:21,0,1,1
BRDA:30,1,0,1
BRDA:30,1,1,2
BRDA:34,2,0,1
BRDA:34,2,1,1
BRF:6
BRH:6
end_of_record
TN:
SF:source/lambda/layers/common-node-lib/s3/s3-download.js
FN:29,checkS3EnvSetup
FN:48,downloadObjectFromS3
FNF:2
FNH:2
FNDA:5,checkS3EnvSetup
FNDA:4,downloadObjectFromS3
DA:16,3
DA:17,3
DA:30,5
DA:31,4
DA:32,4
DA:34,1
DA:49,4
DA:50,4
DA:52,4
DA:57,4
DA:58,4
DA:60,1
DA:61,1
DA:65,3
LF:14
LH:14
BRDA:30,0,0,4
BRDA:30,0,1,1
BRDA:53,1,0,4
BRDA:53,1,1,2
BRF:4
BRH:4
end_of_record
TN:
SF:source/lambda/layers/common-node-lib/s3/s3-inferences.js
FN:22,(anonymous_0)
FN:30,checkInferenceBucketS3EnvSetup
FN:47,uploadCaseInferences
FN:77,uploadDocumentInferences
FN:123,uploadInference
FN:168,getInferenceFromS3
FNF:6
FNH:6
FNDA:23,(anonymous_0)
FNDA:9,checkInferenceBucketS3EnvSetup
FNDA:7,uploadCaseInferences
FNDA:18,uploadDocumentInferences
FNDA:26,uploadInference
FNDA:4,getInferenceFromS3
DA:16,10
DA:17,10
DA:23,23
DA:24,23
DA:25,23
DA:26,23
DA:31,9
DA:32,7
DA:33,7
DA:35,2
DA:48,7
DA:50,7
DA:51,1
DA:54,7
DA:56,7
DA:57,13
DA:63,12
DA:65,6
DA:83,18
DA:85,18
DA:86,1
DA:89,18
DA:90,18
DA:92,18
DA:94,28
DA:95,28
DA:96,28
DA:98,21
DA:106,19
DA:109,16
DA:131,26
DA:133,26
DA:134,2
DA:137,26
DA:138,26
DA:139,26
DA:140,26
DA:146,26
DA:147,6
DA:149,26
DA:151,23
DA:153,3
DA:154,3
DA:169,4
DA:171,4
DA:172,1
DA:175,4
DA:176,4
DA:177,4
DA:184,3
DA:186,1
DA:187,1
DA:188,1
DA:192,10
LF:54
LH:54
BRDA:31,0,0,7
BRDA:31,0,1,2
BRDA:47,1,0,3
BRDA:47,2,0,7
BRDA:50,3,0,1
BRDA:50,3,1,6
BRDA:79,4,0,14
BRDA:80,5,0,1
BRDA:81,6,0,2
BRDA:83,7,0,18
BRDA:83,7,1,2
BRDA:85,8,0,1
BRDA:85,8,1,17
BRDA:96,9,0,21
BRDA:96,9,1,7
BRDA:96,10,0,28
BRDA:96,10,1,16
BRDA:128,11,0,1
BRDA:129,12,0,20
BRDA:131,13,0,26
BRDA:131,13,1,1
BRDA:133,14,0,2
BRDA:133,14,1,24
BRDA:146,15,0,6
BRDA:146,15,1,20
BRDA:168,16,0,2
BRDA:169,17,0,4
BRDA:169,17,1,2
BRDA:171,18,0,1
BRDA:171,18,1,3
BRF:30
BRH:30
end_of_record
TN:
SF:source/lambda/layers/common-node-lib/s3/s3-upload.js
FN:33,checkS3EnvSetup
FN:56,uploadDocsToS3
FN:86,(anonymous_2)
FN:89,(anonymous_3)
FNF:4
FNH:2
FNDA:3,checkS3EnvSetup
FNDA:3,uploadDocsToS3
FNDA:0,(anonymous_2)
FNDA:0,(anonymous_3)
DA:16,3
DA:17,3
DA:18,3
DA:19,3
DA:20,3
DA:34,3
DA:35,2
DA:36,2
DA:38,1
DA:41,2
DA:42,2
DA:43,2
DA:45,0
DA:57,3
DA:59,3
DA:60,1
DA:63,3
DA:64,3
DA:66,3
DA:68,3
DA:69,4
DA:70,4
DA:71,3
DA:73,3
DA:74,3
DA:82,1
DA:83,1
DA:86,2
DA:87,0
DA:89,2
DA:90,0
DA:94,2
DA:100,2
DA:103,1
DA:104,1
DA:107,3
LF:36
LH:33
BRDA:34,0,0,2
BRDA:34,0,1,1
BRDA:41,1,0,2
BRDA:41,1,1,0
BRDA:59,2,0,1
BRDA:59,2,1,2
BRF:6
BRH:5
end_of_record
TN:
SF:source/lambda/layers/common-node-lib/sqs/sqs-poller.js
FN:36,checkSQSEnvSetup
FN:71,pullRecordsFromSQS
FNF:2
FNH:2
FNDA:7,checkSQSEnvSetup
FNDA:5,pullRecordsFromSQS
DA:16,3
DA:17,3
DA:18,3
DA:19,3
DA:37,7
DA:38,6
DA:39,6
DA:41,1
DA:42,1
DA:47,7
DA:48,4
DA:49,4
DA:51,3
DA:52,3
DA:57,7
DA:58,6
DA:59,6
DA:61,1
DA:72,5
DA:73,5
DA:75,5
DA:76,1
DA:80,5
DA:81,5
DA:82,5
DA:90,4
DA:91,0
DA:93,4
DA:97,4
DA:98,4
DA:99,4
DA:103,1
DA:104,1
DA:107,4
DA:108,1
DA:109,1
DA:111,3
DA:114,3
LF:38
LH:37
BRDA:37,0,0,6
BRDA:37,0,1,1
BRDA:47,1,0,4
BRDA:47,1,1,3
BRDA:57,2,0,6
BRDA:57,2,1,1
BRDA:75,3,0,1
BRDA:75,3,1,4
BRDA:75,4,0,5
BRDA:75,4,1,4
BRDA:90,5,0,0
BRDA:90,5,1,4
BRDA:97,6,0,4
BRDA:97,6,1,0
BRDA:107,7,0,1
BRDA:107,7,1,3
BRDA:107,8,0,4
BRDA:107,8,1,4
BRF:18
BRH:16
end_of_record
TN:
SF:source/lambda/layers/common-node-lib/stepfunctions/task-notify.js
FN:26,_init_
FN:41,sendTaskSuccess
FN:65,sendTaskFailure
FN:91,sendTaskHeartbeat
FNF:4
FNH:4
FNDA:7,_init_
FNDA:2,sendTaskSuccess
FNDA:3,sendTaskFailure
FNDA:2,sendTaskHeartbeat
DA:16,3
DA:17,3
DA:27,7
DA:28,1
DA:31,7
DA:42,2
DA:43,2
DA:45,2
DA:46,2
DA:53,1
DA:54,1
DA:66,3
DA:67,3
DA:68,3
DA:71,3
DA:72,3
DA:80,1
DA:81,1
DA:92,2
DA:93,2
DA:95,2
DA:96,2
DA:102,1
DA:103,1
DA:107,3
LF:25
LH:25
BRDA:27,0,0,1
BRDA:27,0,1,6
BRF:2
BRH:2
end_of_record
TN:
SF:source/lambda/layers/common-node-lib/utils/compare-maps.js
FN:27,isUploadMissingDocument
FNF:1
FNH:1
FNDA:5,isUploadMissingDocument
DA:28,5
DA:29,1
DA:32,4
DA:33,1
DA:34,1
DA:37,3
DA:38,8
DA:40,8
DA:41,2
DA:44,2
DA:45,6
DA:49,0
DA:53,1
DA:54,1
DA:57,2
LF:15
LH:14
BRDA:27,0,0,5
BRDA:28,1,0,1
BRDA:28,1,1,4
BRDA:32,2,0,1
BRDA:32,2,1,3
BRDA:40,3,0,2
BRDA:40,3,1,6
BRDA:40,4,0,8
BRDA:40,4,1,8
BRDA:40,4,2,7
BRDA:45,5,0,0
BRDA:45,5,1,6
BRDA:46,6,0,6
BRDA:46,6,1,0
BRDA:46,6,2,0
BRF:15
BRH:12
end_of_record
