TN:
SF:source/lambda/fetch-records/index.js
FN:37,(anonymous_0)
FNF:1
FNH:1
FNDA:8,(anonymous_0)
DA:15,1
DA:16,1
DA:17,1
DA:18,1
DA:37,1
DA:38,8
DA:39,8
DA:41,1
DA:44,7
DA:45,1
DA:48,6
DA:49,6
DA:50,2
DA:51,2
DA:52,1
DA:53,4
DA:54,1
DA:57,1
DA:58,3
DA:59,3
DA:65,3
DA:66,1
DA:67,2
DA:68,1
DA:69,1
DA:70,1
DA:74,3
DA:75,3
DA:78,1
DA:79,1
LF:30
LH:30
BRDA:44,0,0,1
BRDA:44,0,1,6
BRDA:49,1,0,2
BRDA:49,1,1,4
BRDA:53,2,0,1
BRDA:53,2,1,3
BRDA:58,3,0,3
BRDA:58,3,1,0
BRDA:65,4,0,1
BRDA:65,4,1,2
BRDA:67,5,0,1
BRDA:67,5,1,1
BRDA:69,6,0,1
BRDA:69,6,1,0
BRF:14
BRH:12
end_of_record
TN:
SF:source/lambda/fetch-records/utils/doc-access-checkers.js
FN:32,(anonymous_0)
FN:79,(anonymous_1)
FNF:2
FNH:2
FNDA:7,(anonymous_0)
FNDA:4,(anonymous_1)
DA:16,3
DA:17,3
DA:18,3
DA:32,3
DA:33,7
DA:34,7
DA:36,7
DA:37,1
DA:40,6
DA:42,6
DA:43,6
DA:44,1
DA:48,5
DA:53,5
DA:57,5
DA:58,5
DA:59,5
DA:61,1
DA:62,1
DA:64,4
DA:79,3
DA:80,4
DA:81,1
DA:83,3
DA:84,3
DA:85,3
DA:87,3
DA:88,0
DA:90,3
LF:29
LH:28
BRDA:36,0,0,1
BRDA:36,0,1,6
BRDA:43,1,0,1
BRDA:43,1,1,5
BRDA:80,2,0,1
BRDA:80,2,1,3
BRDA:87,3,0,0
BRDA:87,3,1,3
BRF:8
BRH:7
end_of_record
TN:
SF:source/lambda/fetch-records/utils/env-setup.js
FN:20,checkDdbEnvSetup
FN:29,checkRedactionPrefixEnvSetup
FN:40,checkDdbGsiNameEnvSetup
FN:49,checkAllEnvSetup
FNF:4
FNH:4
FNDA:11,checkDdbEnvSetup
FNDA:7,checkRedactionPrefixEnvSetup
FNDA:10,checkDdbGsiNameEnvSetup
FNDA:9,checkAllEnvSetup
DA:21,11
DA:22,9
DA:23,9
DA:25,2
DA:30,7
DA:31,6
DA:32,6
DA:34,1
DA:41,10
DA:42,9
DA:43,9
DA:45,1
DA:50,9
DA:51,8
DA:54,3
LF:15
LH:15
BRDA:21,0,0,9
BRDA:21,0,1,2
BRDA:30,1,0,6
BRDA:30,1,1,1
BRDA:41,2,0,9
BRDA:41,2,1,1
BRF:6
BRH:6
end_of_record
TN:
SF:source/lambda/fetch-records/utils/fetch-case.js
FN:24,(anonymous_0)
FN:59,(anonymous_1)
FNF:2
FNH:2
FNDA:3,(anonymous_0)
FNDA:3,(anonymous_1)
DA:14,2
DA:15,2
DA:24,2
DA:25,3
DA:26,3
DA:28,3
DA:29,3
DA:38,3
DA:39,3
DA:40,3
DA:41,3
DA:42,1
DA:45,2
DA:47,1
DA:48,1
DA:59,2
DA:60,3
DA:61,3
DA:63,3
DA:64,3
DA:74,3
DA:75,2
DA:76,0
DA:78,2
DA:80,1
DA:81,1
DA:85,2
LF:27
LH:26
BRDA:41,0,0,1
BRDA:41,0,1,2
BRDA:75,1,0,0
BRDA:75,1,1,2
BRF:4
BRH:3
end_of_record
TN:
SF:source/lambda/fetch-records/utils/fetch-document.js
FN:35,(anonymous_0)
FN:63,(anonymous_1)
FN:94,(anonymous_2)
FN:118,(anonymous_3)
FNF:4
FNH:4
FNDA:4,(anonymous_0)
FNDA:5,(anonymous_1)
FNDA:10,(anonymous_2)
FNDA:6,(anonymous_3)
DA:15,2
DA:16,2
DA:17,2
DA:18,2
DA:19,2
DA:35,2
DA:36,4
DA:38,4
DA:39,1
DA:41,3
DA:63,2
DA:65,5
DA:67,5
DA:69,5
DA:70,1
DA:74,4
DA:80,4
DA:94,2
DA:95,10
DA:96,10
DA:98,10
DA:106,10
DA:107,10
DA:118,2
DA:119,6
DA:120,6
DA:121,6
DA:122,1
DA:125,5
DA:127,3
DA:130,2
DA:133,1
DA:134,1
LF:33
LH:33
BRDA:38,0,0,1
BRDA:38,0,1,3
BRDA:38,1,0,4
BRDA:38,1,1,4
BRDA:69,2,0,1
BRDA:69,2,1,4
BRDA:69,3,0,5
BRDA:69,3,1,5
BRDA:121,4,0,1
BRDA:121,4,1,5
BRDA:121,5,0,6
BRDA:121,5,1,6
BRDA:125,6,0,3
BRDA:125,6,1,2
BRF:14
BRH:14
end_of_record
