TN:
SF:source/lambda/upload-document/index.js
FN:20,(anonymous_0)
FNF:1
FNH:1
FNDA:5,(anonymous_0)
DA:15,1
DA:16,1
DA:17,1
DA:18,1
DA:20,1
DA:21,5
DA:22,5
DA:24,2
DA:27,3
DA:28,0
DA:31,3
DA:32,3
DA:33,3
DA:34,2
DA:35,1
DA:36,1
DA:37,1
DA:38,1
DA:39,1
DA:49,1
DA:50,1
DA:51,1
DA:52,1
DA:54,1
DA:57,1
DA:58,1
LF:26
LH:25
BRDA:27,0,0,0
BRDA:27,0,1,3
BRDA:33,1,0,2
BRDA:33,1,1,1
BRDA:38,2,0,1
BRDA:38,2,1,0
BRDA:42,3,0,1
BRDA:42,3,1,1
BRF:8
BRH:6
end_of_record
TN:
SF:source/lambda/upload-document/config/ddb-loader.js
FN:27,loadWorkflowConfig
FNF:1
FNH:1
FNDA:8,loadWorkflowConfig
DA:16,3
DA:17,3
DA:18,3
DA:28,8
DA:30,8
DA:31,1
DA:33,7
DA:35,7
DA:37,7
DA:38,7
DA:49,1
DA:50,1
DA:53,6
DA:55,6
DA:56,1
DA:57,1
DA:58,1
DA:61,5
DA:62,5
DA:63,5
DA:66,3
LF:21
LH:21
BRDA:27,0,0,5
BRDA:28,1,0,8
BRDA:28,1,1,5
BRDA:30,2,0,1
BRDA:30,2,1,7
BRDA:55,3,0,1
BRDA:55,3,1,5
BRF:7
BRH:7
end_of_record
TN:
SF:source/lambda/upload-document/test/config/config-data.js
FNF:0
FNH:0
DA:16,3
DA:18,3
DA:57,3
DA:59,3
LF:4
LH:4
BRF:0
BRH:0
end_of_record
TN:
SF:source/lambda/upload-document/utils/create-case.js
FN:27,(anonymous_0)
FN:31,(anonymous_1)
FNF:2
FNH:2
FNDA:3,(anonymous_0)
FNDA:3,(anonymous_1)
DA:16,3
DA:17,3
DA:18,3
DA:19,3
DA:27,3
DA:28,3
DA:31,3
DA:32,3
DA:33,3
DA:35,3
DA:36,3
DA:37,3
DA:40,3
DA:48,3
DA:53,3
DA:54,3
DA:56,2
DA:57,2
DA:58,2
DA:63,1
DA:64,1
LF:21
LH:21
BRF:0
BRH:0
end_of_record
TN:
SF:source/lambda/upload-document/utils/env-setup.js
FN:22,checkDdbEnvSetup
FN:33,checkS3KeyPrefixEnvSetup
FN:42,checkS3EnvSetup
FN:51,checkWorkflowConfigNameEnvSetup
FN:61,checkAllEnvSetup
FNF:5
FNH:5
FNDA:9,checkDdbEnvSetup
FNDA:6,checkS3KeyPrefixEnvSetup
FNDA:6,checkS3EnvSetup
FNDA:6,checkWorkflowConfigNameEnvSetup
FNDA:6,checkAllEnvSetup
DA:23,9
DA:24,5
DA:25,5
DA:27,4
DA:34,6
DA:35,5
DA:36,5
DA:38,1
DA:43,6
DA:44,5
DA:45,5
DA:47,1
DA:52,6
DA:53,6
DA:54,4
DA:56,2
DA:57,2
DA:62,6
DA:63,4
DA:64,4
DA:65,4
DA:68,4
LF:22
LH:22
BRDA:23,0,0,5
BRDA:23,0,1,4
BRDA:23,1,0,9
BRDA:23,1,1,6
BRDA:34,2,0,5
BRDA:34,2,1,1
BRDA:43,3,0,5
BRDA:43,3,1,1
BRDA:53,4,0,4
BRDA:53,4,1,2
BRF:10
BRH:10
end_of_record
TN:
SF:source/lambda/upload-document/utils/fetch-case.js
FN:24,(anonymous_0)
FNF:1
FNH:1
FNDA:2,(anonymous_0)
DA:14,1
DA:15,1
DA:24,1
DA:25,2
DA:26,2
DA:28,2
DA:29,2
DA:38,2
DA:39,2
DA:40,2
DA:41,2
DA:42,1
DA:45,1
DA:47,1
DA:48,1
DA:52,1
LF:16
LH:16
BRDA:41,0,0,1
BRDA:41,0,1,1
BRF:2
BRH:2
end_of_record
TN:
SF:source/lambda/upload-document/utils/upload-document.js
FN:30,(anonymous_0)
FN:41,(anonymous_1)
FN:50,(anonymous_2)
FN:116,(anonymous_3)
FN:160,(anonymous_4)
FN:177,(anonymous_5)
FN:210,(anonymous_6)
FN:215,(anonymous_7)
FN:242,(anonymous_8)
FN:243,(anonymous_9)
FNF:10
FNH:10
FNDA:5,(anonymous_0)
FNDA:10,(anonymous_1)
FNDA:6,(anonymous_2)
FNDA:3,(anonymous_3)
FNDA:3,(anonymous_4)
FNDA:4,(anonymous_5)
FNDA:5,(anonymous_6)
FNDA:3,(anonymous_7)
FNDA:3,(anonymous_8)
FNDA:12,(anonymous_9)
DA:16,2
DA:18,2
DA:19,2
DA:20,2
DA:21,2
DA:22,2
DA:24,2
DA:30,2
DA:31,5
DA:41,2
DA:42,10
DA:50,2
DA:51,6
DA:52,6
DA:53,6
DA:55,6
DA:57,6
DA:58,1
DA:59,5
DA:60,4
DA:62,1
DA:63,1
DA:64,1
DA:67,5
DA:87,5
DA:88,5
DA:90,0
DA:93,0
DA:116,2
DA:117,3
DA:118,3
DA:119,3
DA:120,3
DA:121,3
DA:122,3
DA:123,3
DA:124,3
DA:125,3
DA:127,3
DA:143,3
DA:144,3
DA:146,0
DA:147,0
DA:160,2
DA:161,3
DA:162,3
DA:164,3
DA:177,2
DA:179,4
DA:180,4
DA:182,0
DA:183,0
DA:184,0
DA:187,4
DA:189,4
DA:190,4
DA:191,10
DA:192,10
DA:196,4
DA:197,2
DA:198,2
DA:204,2
DA:210,2
DA:211,5
DA:214,2
DA:215,2
DA:216,3
DA:217,3
DA:218,3
DA:219,0
DA:221,3
DA:224,2
DA:225,0
DA:226,0
DA:229,2
DA:242,2
DA:243,12
DA:244,3
DA:245,0
DA:248,3
DA:249,3
DA:250,3
DA:251,2
DA:252,2
DA:253,2
DA:254,2
DA:256,1
DA:257,1
DA:258,1
DA:262,2
LF:90
LH:79
BRDA:57,0,0,1
BRDA:57,0,1,5
BRDA:59,1,0,4
BRDA:59,1,1,1
BRDA:116,2,0,1
BRDA:117,3,0,3
BRDA:117,3,1,1
BRDA:177,4,0,1
BRDA:179,5,0,4
BRDA:179,5,1,0
BRDA:189,6,0,4
BRDA:189,6,1,0
BRDA:196,7,0,2
BRDA:196,7,1,2
BRDA:218,8,0,0
BRDA:218,8,1,3
BRDA:224,9,0,0
BRDA:224,9,1,2
BRDA:224,10,0,2
BRDA:224,10,1,2
BRDA:244,11,0,0
BRDA:244,11,1,3
BRDA:250,12,0,2
BRDA:250,12,1,1
BRF:24
BRH:19
end_of_record
