TN:
SF:source/lambda/send-notification/index.js
FN:26,(anonymous_0)
FN:44,(anonymous_1)
FN:58,(anonymous_2)
FNF:3
FNH:3
FNDA:2,(anonymous_0)
FNDA:4,(anonymous_1)
FNDA:2,(anonymous_2)
DA:16,1
DA:17,1
DA:18,1
DA:26,1
DA:27,2
DA:28,2
DA:30,2
DA:31,2
DA:32,2
DA:33,2
DA:34,2
DA:35,2
DA:37,2
DA:38,2
DA:40,2
DA:44,4
DA:49,2
DA:51,0
DA:54,2
DA:55,2
DA:58,1
DA:59,2
DA:60,2
LF:23
LH:22
BRF:0
BRH:0
end_of_record
TN:
SF:source/lambda/send-notification/utils/s3-read.js
FN:28,(anonymous_0)
FN:60,(anonymous_1)
FNF:2
FNH:2
FNDA:4,(anonymous_0)
FNDA:2,(anonymous_1)
DA:16,2
DA:17,2
DA:28,2
DA:29,4
DA:30,3
DA:31,3
DA:33,1
DA:36,3
DA:37,3
DA:38,3
DA:40,0
DA:43,3
DA:44,3
DA:45,3
DA:47,0
DA:60,2
DA:61,2
DA:62,0
DA:64,2
DA:66,2
DA:68,2
DA:74,1
LF:22
LH:19
BRDA:29,0,0,3
BRDA:29,0,1,1
BRDA:36,1,0,3
BRDA:36,1,1,0
BRDA:43,2,0,3
BRDA:43,2,1,0
BRDA:60,3,0,0
BRDA:61,4,0,0
BRDA:61,4,1,2
BRF:9
BRH:5
end_of_record
TN:
SF:source/lambda/send-notification/utils/sns-send-notification.js
FN:28,(anonymous_0)
FN:47,(anonymous_1)
FNF:2
FNH:2
FNDA:4,(anonymous_0)
FNDA:2,(anonymous_1)
DA:16,2
DA:17,2
DA:28,2
DA:29,4
DA:30,3
DA:31,3
DA:33,1
DA:47,2
DA:48,2
DA:49,1
DA:51,1
DA:53,1
DA:58,1
LF:13
LH:13
BRDA:29,0,0,3
BRDA:29,0,1,1
BRDA:47,1,0,2
BRDA:47,2,0,2
BRDA:48,3,0,1
BRDA:48,3,1,1
BRF:6
BRH:6
end_of_record
