TN:
SF:source/lambda/entity-detection/entity-detection-sync.js
FN:19,(anonymous_0)
FN:26,(anonymous_1)
FNF:2
FNH:2
FNDA:1,(anonymous_0)
FNDA:1,(anonymous_1)
DA:16,1
DA:17,1
DA:19,1
DA:20,1
DA:21,1
DA:23,1
DA:26,1
DA:27,1
LF:8
LH:8
BRF:0
BRH:0
end_of_record
TN:
SF:source/lambda/entity-detection/index.js
FNF:0
FNH:0
DA:16,0
DA:17,0
DA:18,0
DA:20,0
LF:4
LH:0
BRF:0
BRH:0
end_of_record
TN:
SF:source/lambda/entity-detection/utils/generic.js
FN:41,(anonymous_0)
FN:79,(anonymous_1)
FN:151,(anonymous_2)
FN:194,(anonymous_3)
FN:224,escapeRegExp
FNF:5
FNH:5
FNDA:43,(anonymous_0)
FNDA:48,(anonymous_1)
FNDA:78,(anonymous_2)
FNDA:104,(anonymous_3)
FNDA:233,escapeRegExp
DA:16,9
DA:18,9
DA:20,9
DA:22,9
DA:24,9
DA:41,9
DA:42,43
DA:48,43
DA:49,4
DA:53,43
DA:56,43
DA:57,24
DA:59,43
DA:60,25
DA:62,43
DA:63,35
DA:66,43
DA:79,9
DA:80,48
DA:81,48
DA:84,48
DA:86,48
DA:87,48
DA:89,48
DA:90,48
DA:92,59
DA:93,58
DA:94,58
DA:96,58
DA:99,233
DA:102,233
DA:107,92
DA:110,92
DA:111,92
DA:113,92
DA:116,92
DA:117,47
DA:122,141
DA:123,141
DA:127,58
DA:130,1
DA:131,1
DA:132,1
DA:134,47
DA:151,9
DA:152,78
DA:153,1
DA:158,77
DA:159,77
DA:165,77
DA:166,18
DA:170,59
DA:171,129
DA:172,129
DA:173,129
DA:174,54
DA:175,75
DA:176,55
DA:177,55
DA:179,20
DA:183,39
DA:194,9
DA:195,104
DA:196,58
DA:197,46
DA:198,1
DA:201,45
DA:202,44
DA:203,44
DA:204,44
DA:206,44
DA:207,2
DA:210,42
DA:225,233
LF:74
LH:74
BRDA:48,0,0,4
BRDA:48,0,1,39
BRDA:56,1,0,24
BRDA:56,1,1,19
BRDA:59,2,0,25
BRDA:59,2,1,18
BRDA:62,3,0,35
BRDA:62,3,1,8
BRDA:102,4,0,92
BRDA:102,4,1,141
BRDA:110,5,0,92
BRDA:110,5,1,0
BRDA:116,6,0,47
BRDA:116,6,1,45
BRDA:152,7,0,1
BRDA:152,7,1,77
BRDA:165,8,0,18
BRDA:165,8,1,59
BRDA:173,9,0,54
BRDA:173,9,1,75
BRDA:175,10,0,55
BRDA:175,10,1,20
BRDA:195,11,0,58
BRDA:195,11,1,46
BRDA:195,12,0,104
BRDA:195,12,1,102
BRDA:197,13,0,1
BRDA:197,13,1,45
BRDA:197,14,0,46
BRDA:197,14,1,45
BRDA:206,15,0,2
BRDA:206,15,1,42
BRF:32
BRH:31
end_of_record
TN:
SF:source/lambda/entity-detection/utils/sync.js
FN:31,(anonymous_0)
FN:52,(anonymous_1)
FN:69,(anonymous_2)
FN:118,(anonymous_3)
FN:149,(anonymous_4)
FN:170,(anonymous_5)
FNF:6
FNH:6
FNDA:6,(anonymous_0)
FNDA:5,(anonymous_1)
FNDA:90,(anonymous_2)
FNDA:5,(anonymous_3)
FNDA:3,(anonymous_4)
FNDA:6,(anonymous_5)
DA:16,2
DA:17,2
DA:18,2
DA:20,2
DA:21,2
DA:31,2
DA:32,6
DA:33,1
DA:35,5
DA:38,6
DA:39,6
DA:40,6
DA:52,2
DA:53,5
DA:56,5
DA:58,5
DA:61,3
DA:62,3
DA:64,3
DA:66,6
DA:67,6
DA:68,6
DA:69,6
DA:70,90
DA:71,12
DA:72,12
DA:76,90
DA:78,6
DA:80,6
DA:81,6
DA:88,6
DA:97,6
DA:101,3
DA:108,3
DA:118,2
DA:119,5
DA:120,4
DA:121,4
DA:127,0
DA:132,1
DA:149,2
DA:156,3
DA:157,3
DA:158,3
DA:161,3
DA:162,3
DA:163,3
DA:166,3
DA:167,3
DA:169,3
DA:170,3
DA:171,6
DA:174,3
LF:53
LH:52
BRDA:32,0,0,1
BRDA:32,0,1,5
BRDA:38,1,0,6
BRDA:38,1,1,0
BRDA:53,2,0,0
BRDA:53,2,1,5
BRDA:70,3,0,12
BRDA:70,3,1,78
BRDA:119,4,0,4
BRDA:119,4,1,1
BRDA:161,5,0,3
BRDA:161,5,1,0
BRF:12
BRH:9
end_of_record
TN:
SF:source/lambda/entity-detection/utils/entity/entity-context.js
FN:21,(anonymous_0)
FN:28,(anonymous_1)
FN:32,(anonymous_2)
FN:36,(anonymous_3)
FNF:4
FNH:4
FNDA:16,(anonymous_0)
FNDA:16,(anonymous_1)
FNDA:1,(anonymous_2)
FNDA:7,(anonymous_3)
DA:22,16
DA:29,16
DA:33,1
DA:37,7
DA:41,4
LF:5
LH:5
BRF:0
BRH:0
end_of_record
TN:
SF:source/lambda/entity-detection/utils/entity/entity-detector.js
FN:30,(anonymous_0)
FN:42,(anonymous_1)
FN:57,(anonymous_2)
FN:67,(anonymous_3)
FN:82,(anonymous_4)
FN:98,(anonymous_5)
FN:121,(anonymous_6)
FNF:7
FNH:7
FNDA:14,(anonymous_0)
FNDA:13,(anonymous_1)
FNDA:14,(anonymous_2)
FNDA:2,(anonymous_3)
FNDA:1,(anonymous_4)
FNDA:2,(anonymous_5)
FNDA:7,(anonymous_6)
DA:15,3
DA:16,3
DA:17,3
DA:18,3
DA:19,3
DA:20,3
DA:21,3
DA:31,14
DA:32,13
DA:33,13
DA:34,13
DA:43,13
DA:45,5
DA:47,3
DA:49,5
DA:57,14
DA:58,14
DA:59,1
DA:67,14
DA:68,2
DA:72,1
DA:82,14
DA:83,1
DA:99,2
DA:100,1
DA:101,1
DA:122,7
DA:133,3
LF:28
LH:28
BRDA:43,0,0,5
BRDA:43,0,1,3
BRDA:43,0,2,5
BRDA:58,1,0,1
BRDA:58,1,1,13
BRDA:68,2,0,1
BRDA:68,2,1,1
BRDA:69,3,0,2
BRDA:69,3,1,0
BRDA:69,3,2,2
BRDA:83,4,0,0
BRDA:83,4,1,1
BRF:12
BRH:10
end_of_record
TN:
SF:source/lambda/entity-detection/utils/entity/generic-entity-detection-strategy.js
FN:33,(anonymous_0)
FN:69,(anonymous_1)
FN:70,(anonymous_2)
FNF:3
FNH:3
FNDA:4,(anonymous_0)
FNDA:3,(anonymous_1)
FNDA:15,(anonymous_2)
DA:15,4
DA:16,4
DA:34,4
DA:36,4
DA:44,4
DA:45,4
DA:46,2
DA:47,2
DA:49,2
DA:54,2
DA:55,2
DA:70,3
DA:71,15
DA:82,4
LF:14
LH:14
BRF:0
BRH:0
end_of_record
TN:
SF:source/lambda/entity-detection/utils/entity/medical-entity-detection-strategy.js
FN:31,(anonymous_0)
FN:63,(anonymous_1)
FN:64,(anonymous_2)
FNF:3
FNH:3
FNDA:2,(anonymous_0)
FNDA:3,(anonymous_1)
FNDA:3,(anonymous_2)
DA:15,4
DA:16,4
DA:32,2
DA:34,2
DA:38,2
DA:39,2
DA:40,1
DA:41,1
DA:43,1
DA:48,1
DA:49,1
DA:63,7
DA:64,3
DA:66,3
DA:68,3
DA:70,3
DA:79,3
DA:80,3
DA:85,4
LF:19
LH:19
BRF:0
BRH:0
end_of_record
TN:
SF:source/lambda/entity-detection/utils/entity/pii-entity-detection-strategy.js
FN:32,(anonymous_0)
FN:65,(anonymous_1)
FN:66,(anonymous_2)
FNF:3
FNH:3
FNDA:2,(anonymous_0)
FNDA:3,(anonymous_1)
FNDA:15,(anonymous_2)
DA:15,5
DA:16,5
DA:33,2
DA:35,2
DA:40,2
DA:41,2
DA:42,1
DA:43,1
DA:45,1
DA:50,1
DA:51,1
DA:66,3
DA:68,15
DA:69,15
DA:80,5
LF:15
LH:15
BRF:0
BRH:0
end_of_record
