TN:
SF:source/lambda/create-presigned-url/index.js
FN:19,(anonymous_0)
FNF:1
FNH:1
FNDA:2,(anonymous_0)
DA:15,1
DA:16,1
DA:17,1
DA:19,1
DA:20,2
DA:21,2
DA:23,2
DA:24,1
DA:26,1
DA:27,1
DA:33,1
DA:35,1
DA:36,1
LF:13
LH:13
BRF:0
BRH:0
end_of_record
TN:
SF:source/lambda/create-presigned-url/utils/env-setup.js
FN:19,checkS3BucketNameEnvSetup
FN:28,checkS3KeyPrefixEnvSetup
FN:37,checkAllEnvSetup
FNF:3
FNH:3
FNDA:5,checkS3BucketNameEnvSetup
FNDA:5,checkS3KeyPrefixEnvSetup
FNDA:3,checkAllEnvSetup
DA:20,5
DA:21,4
DA:22,4
DA:24,1
DA:29,5
DA:30,4
DA:31,4
DA:33,1
DA:38,3
DA:39,3
DA:42,2
LF:11
LH:11
BRDA:20,0,0,4
BRDA:20,0,1,1
BRDA:29,1,0,4
BRDA:29,1,1,1
BRF:4
BRH:4
end_of_record
TN:
SF:source/lambda/create-presigned-url/utils/generate-signed-url.js
FN:29,(anonymous_0)
FN:41,(anonymous_1)
FN:60,(anonymous_2)
FN:79,(anonymous_3)
FNF:4
FNH:3
FNDA:4,(anonymous_0)
FNDA:3,(anonymous_1)
FNDA:3,(anonymous_2)
FNDA:0,(anonymous_3)
DA:16,2
DA:17,2
DA:19,2
DA:29,2
DA:30,4
DA:31,4
DA:33,4
DA:39,4
DA:41,3
DA:42,3
DA:45,3
DA:49,3
DA:60,2
DA:61,3
DA:62,3
DA:64,3
DA:65,3
DA:67,2
DA:68,0
DA:71,2
DA:77,2
DA:79,2
DA:80,0
DA:81,0
DA:84,2
DA:85,2
DA:87,1
DA:88,1
LF:28
LH:25
BRDA:42,0,0,3
BRDA:42,0,1,3
BRDA:67,1,0,0
BRDA:67,1,1,2
BRF:4
BRH:3
end_of_record
