TN:
SF:source/infrastructure/lib/application-setup.ts
FN:154,(anonymous_6)
FN:221,(anonymous_7)
FN:240,(anonymous_8)
FN:263,(anonymous_9)
FN:312,(anonymous_10)
FNF:5
FNH:5
FNDA:11,(anonymous_6)
FNDA:7,(anonymous_7)
FNDA:7,(anonymous_8)
FNDA:7,(anonymous_9)
FNDA:12,(anonymous_10)
DA:15,7
DA:17,7
DA:18,7
DA:20,7
DA:22,7
DA:24,7
DA:25,7
DA:26,7
DA:27,7
DA:28,7
DA:80,7
DA:155,11
DA:156,11
DA:158,11
DA:160,11
DA:170,11
DA:172,11
DA:182,11
DA:186,11
DA:187,11
DA:189,11
DA:193,11
DA:195,11
DA:203,11
DA:207,11
DA:222,7
DA:226,7
DA:228,7
DA:246,7
DA:264,7
DA:267,7
DA:285,7
DA:297,7
DA:298,7
DA:301,7
DA:306,7
DA:313,12
LF:37
LH:37
BRF:0
BRH:0
end_of_record
TN:
SF:source/infrastructure/lib/dus-stack.ts
FN:78,(anonymous_6)
FNF:1
FNH:1
FNDA:6,(anonymous_6)
DA:15,5
DA:17,5
DA:28,5
DA:29,5
DA:31,5
DA:32,5
DA:33,5
DA:34,5
DA:35,5
DA:36,5
DA:37,5
DA:38,5
DA:39,5
DA:40,5
DA:69,5
DA:79,6
DA:81,6
DA:93,6
DA:106,6
DA:115,6
DA:124,6
DA:130,6
DA:132,6
DA:140,6
DA:144,6
DA:152,6
DA:153,6
DA:157,6
DA:168,6
DA:178,6
DA:182,6
DA:186,6
DA:194,6
DA:200,6
DA:202,6
DA:209,6
DA:216,6
DA:217,6
DA:218,6
DA:220,6
DA:231,6
DA:233,6
DA:240,6
DA:252,6
DA:254,6
DA:261,6
DA:273,6
DA:276,6
DA:280,6
DA:292,6
DA:294,6
DA:300,6
DA:308,6
DA:312,6
DA:317,6
DA:320,6
DA:326,6
DA:327,6
DA:328,6
DA:329,6
DA:332,6
DA:335,6
LF:62
LH:62
BRDA:308,0,0,0
BRDA:308,0,1,6
BRDA:308,1,0,6
BRDA:308,1,1,6
BRDA:317,2,0,0
BRDA:317,2,1,6
BRDA:317,3,0,6
BRDA:317,3,1,6
BRDA:320,4,0,0
BRDA:320,4,1,6
BRDA:320,5,0,6
BRDA:320,5,1,6
BRDA:321,6,0,0
BRDA:321,6,1,6
BRDA:321,7,0,6
BRDA:321,7,1,6
BRDA:326,8,0,6
BRF:17
BRH:13
end_of_record
TN:
SF:source/infrastructure/lib/ui-infrastructure.ts
FN:55,(anonymous_6)
FNF:1
FNH:1
FNDA:7,(anonymous_6)
DA:15,6
DA:18,6
DA:19,6
DA:43,6
DA:56,7
DA:58,7
DA:64,7
DA:74,7
LF:8
LH:8
BRF:0
BRH:0
end_of_record
TN:
SF:source/infrastructure/lib/api/case-manager.ts
FN:96,(anonymous_6)
FNF:1
FNH:1
FNDA:8,(anonymous_6)
DA:15,7
DA:16,7
DA:17,7
DA:18,7
DA:21,7
DA:28,7
DA:29,7
DA:30,7
DA:31,7
DA:65,7
DA:94,8
DA:97,8
DA:99,8
DA:132,8
DA:139,8
DA:151,8
DA:153,8
DA:154,8
DA:155,8
DA:158,8
DA:179,8
DA:182,8
DA:199,8
DA:216,8
DA:227,8
DA:228,8
DA:230,8
DA:238,8
DA:279,8
DA:313,8
DA:344,8
LF:31
LH:31
BRF:0
BRH:0
end_of_record
TN:
SF:source/infrastructure/lib/api/request-processor.ts
FN:150,(anonymous_6)
FNF:1
FNH:1
FNDA:7,(anonymous_6)
DA:15,6
DA:20,6
DA:21,6
DA:22,6
DA:24,6
DA:25,6
DA:36,6
DA:37,6
DA:38,6
DA:39,6
DA:40,6
DA:41,6
DA:93,6
DA:151,7
DA:154,7
DA:177,7
DA:191,7
DA:200,7
DA:222,7
DA:235,7
DA:236,7
DA:237,7
DA:239,7
DA:249,7
DA:250,7
DA:251,7
DA:252,7
DA:253,7
DA:256,7
DA:257,7
DA:264,7
DA:301,7
DA:307,7
DA:310,7
DA:324,7
DA:325,7
DA:326,7
DA:327,7
DA:328,7
DA:330,7
DA:339,7
DA:340,7
DA:341,7
DA:342,7
DA:345,7
DA:350,7
DA:354,7
DA:365,7
DA:394,7
DA:410,7
DA:455,7
DA:463,7
LF:52
LH:52
BRF:0
BRH:0
end_of_record
TN:
SF:source/infrastructure/lib/api/rest-endpoint.ts
FN:106,(anonymous_6)
FN:576,(anonymous_7)
FNF:2
FNH:2
FNDA:11,(anonymous_6)
FNDA:99,(anonymous_7)
DA:15,8
DA:16,8
DA:17,8
DA:21,8
DA:22,8
DA:32,8
DA:33,8
DA:34,8
DA:35,8
DA:36,8
DA:37,8
DA:38,8
DA:39,8
DA:75,8
DA:107,11
DA:108,11
DA:110,11
DA:119,11
DA:126,11
DA:132,11
DA:168,11
DA:172,11
DA:189,11
DA:195,11
DA:203,11
DA:215,11
DA:218,11
DA:228,11
DA:232,11
DA:236,11
DA:240,11
DA:244,11
DA:248,11
DA:251,11
DA:254,11
DA:259,11
DA:293,11
DA:294,11
DA:300,11
DA:308,11
DA:326,11
DA:327,11
DA:332,11
DA:350,11
DA:353,11
DA:358,11
DA:383,11
DA:384,11
DA:389,11
DA:415,11
DA:416,11
DA:421,11
DA:447,11
DA:451,11
DA:456,11
DA:466,11
DA:467,11
DA:472,11
DA:487,11
DA:488,11
DA:493,11
DA:517,11
DA:520,11
DA:522,11
DA:523,11
DA:524,11
DA:526,11
DA:527,11
DA:532,11
DA:534,11
DA:542,11
DA:550,11
DA:557,11
DA:564,11
DA:576,11
DA:577,99
LF:76
LH:76
BRDA:527,0,0,0
BRDA:527,0,1,11
BRDA:527,1,0,11
BRDA:527,1,1,11
BRF:4
BRH:3
end_of_record
TN:
SF:source/infrastructure/lib/api/model-schema/case-response.ts
FNF:0
FNH:0
DA:14,8
DA:16,8
DA:50,8
LF:3
LH:3
BRF:0
BRH:0
end_of_record
TN:
SF:source/infrastructure/lib/api/model-schema/create-case-body.ts
FNF:0
FNH:0
DA:14,8
DA:16,8
LF:2
LH:2
BRF:0
BRH:0
end_of_record
TN:
SF:source/infrastructure/lib/api/model-schema/document-response.ts
FNF:0
FNH:0
DA:14,8
DA:16,8
DA:40,8
LF:3
LH:3
BRF:0
BRH:0
end_of_record
TN:
SF:source/infrastructure/lib/api/model-schema/index.ts
FNF:0
FNH:0
DA:14,8
DA:15,8
DA:16,8
DA:17,8
DA:18,8
LF:5
LH:5
BRF:0
BRH:0
end_of_record
TN:
SF:source/infrastructure/lib/api/model-schema/redact-request-body.ts
FNF:0
FNH:0
DA:14,8
DA:16,8
LF:2
LH:2
BRF:0
BRH:0
end_of_record
TN:
SF:source/infrastructure/lib/api/model-schema/upload-document-body.ts
FNF:0
FNH:0
DA:14,8
DA:16,8
LF:2
LH:2
BRF:0
BRH:0
end_of_record
TN:
SF:source/infrastructure/lib/api/rest-api-documentation/api-documentation.ts
FN:37,(anonymous_0)
FN:87,(anonymous_1)
FNF:2
FNH:2
FNDA:12,(anonymous_0)
FNDA:192,(anonymous_1)
DA:14,9
DA:15,9
DA:16,9
DA:17,9
DA:18,9
DA:19,9
DA:20,9
DA:21,9
DA:22,9
DA:31,9
DA:38,12
DA:39,12
DA:42,12
DA:43,12
DA:44,12
DA:45,12
DA:48,12
DA:49,12
DA:50,12
DA:53,12
DA:55,12
DA:56,12
DA:59,12
DA:60,12
DA:63,12
DA:64,12
DA:67,12
DA:72,12
DA:75,12
DA:90,192
LF:30
LH:30
BRDA:76,0,0,12
BRDA:76,0,1,8
BRF:2
BRH:2
end_of_record
TN:
SF:source/infrastructure/lib/api/rest-api-documentation/case.ts
FNF:0
FNH:0
DA:17,9
DA:27,9
DA:39,9
DA:51,9
DA:65,9
DA:78,9
LF:6
LH:6
BRF:0
BRH:0
end_of_record
TN:
SF:source/infrastructure/lib/api/rest-api-documentation/cases.ts
FNF:0
FNH:0
DA:17,9
LF:1
LH:1
BRF:0
BRH:0
end_of_record
TN:
SF:source/infrastructure/lib/api/rest-api-documentation/document.ts
FNF:0
FNH:0
DA:17,9
DA:29,9
DA:41,9
LF:3
LH:3
BRF:0
BRH:0
end_of_record
TN:
SF:source/infrastructure/lib/api/rest-api-documentation/inferences.ts
FNF:0
FNH:0
DA:16,9
DA:28,9
LF:2
LH:2
BRF:0
BRH:0
end_of_record
TN:
SF:source/infrastructure/lib/api/rest-api-documentation/redact.ts
FNF:0
FNH:0
DA:16,9
DA:32,9
LF:2
LH:2
BRF:0
BRH:0
end_of_record
TN:
SF:source/infrastructure/lib/api/rest-api-documentation/root.ts
FNF:0
FNH:0
DA:15,9
DA:30,9
DA:43,9
DA:56,9
DA:67,9
DA:77,9
LF:6
LH:6
BRF:0
BRH:0
end_of_record
TN:
SF:source/infrastructure/lib/api/rest-api-documentation/search.ts
FNF:0
FNH:0
DA:16,9
DA:28,9
LF:2
LH:2
BRF:0
BRH:0
end_of_record
TN:
SF:source/infrastructure/lib/govcloud/cfn-resource-observer.ts
FN:45,(anonymous_6)
FN:49,(anonymous_7)
FN:81,(anonymous_8)
FN:100,(anonymous_9)
FN:124,(anonymous_10)
FNF:5
FNH:5
FNDA:4,(anonymous_6)
FNDA:17,(anonymous_7)
FNDA:7,(anonymous_8)
FNDA:2,(anonymous_9)
FNDA:2,(anonymous_10)
DA:16,2
DA:17,2
DA:18,2
DA:19,2
DA:20,2
DA:22,2
DA:37,2
DA:46,4
DA:50,17
DA:51,16
DA:56,16
DA:57,16
DA:58,7
DA:59,7
DA:62,16
DA:63,16
DA:67,16
DA:80,2
DA:82,7
DA:84,2
DA:85,2
DA:86,1
DA:90,1
DA:99,2
DA:101,2
DA:102,2
DA:103,2
DA:104,2
DA:105,2
DA:123,2
DA:125,2
DA:130,2
DA:131,2
DA:135,2
DA:136,2
DA:137,2
LF:36
LH:36
BRDA:50,0,0,16
BRDA:57,1,0,7
BRDA:82,2,0,2
BRDA:82,3,0,7
BRDA:82,3,1,7
BRDA:85,4,0,1
BRDA:85,4,1,1
BRDA:101,5,0,2
BRDA:102,6,0,2
BRDA:104,7,0,2
BRDA:125,8,0,2
BRDA:126,9,0,2
BRDA:126,9,1,2
BRDA:126,9,2,2
BRDA:131,10,0,2
BRDA:132,11,0,2
BRDA:132,11,1,0
BRF:17
BRH:16
end_of_record
TN:
SF:source/infrastructure/lib/layers/java-user-agent.ts
FN:26,(anonymous_6)
FNF:1
FNH:1
FNDA:4,(anonymous_6)
DA:15,2
DA:17,2
DA:18,2
DA:19,2
DA:20,2
DA:25,2
DA:27,4
DA:29,4
DA:30,7
DA:31,0
DA:35,4
DA:37,4
LF:12
LH:11
BRDA:27,0,0,3
BRDA:27,0,1,1
BRDA:27,1,0,4
BRDA:27,1,1,4
BRDA:30,2,0,0
BRDA:30,3,0,7
BRDA:30,3,1,7
BRF:7
BRH:6
end_of_record
TN:
SF:source/infrastructure/lib/layers/node-user-agent.ts
FN:26,(anonymous_6)
FNF:1
FNH:1
FNDA:6,(anonymous_6)
DA:15,3
DA:17,3
DA:18,3
DA:19,3
DA:20,3
DA:25,3
DA:27,6
DA:29,6
DA:30,11
DA:31,0
DA:35,6
DA:37,6
LF:12
LH:11
BRDA:27,0,0,5
BRDA:27,0,1,1
BRDA:27,1,0,6
BRDA:27,1,1,6
BRDA:30,2,0,0
BRDA:30,3,0,11
BRDA:30,3,1,11
BRF:7
BRH:6
end_of_record
TN:
SF:source/infrastructure/lib/layers/python-user-agent.ts
FN:27,(anonymous_6)
FN:48,(anonymous_7)
FNF:2
FNH:2
FNDA:6,(anonymous_6)
FNDA:6,(anonymous_7)
DA:16,3
DA:18,3
DA:19,3
DA:20,3
DA:21,3
DA:26,3
DA:28,6
DA:35,6
DA:36,24
DA:37,0
DA:41,6
DA:43,6
DA:49,6
DA:50,6
DA:51,6
LF:15
LH:14
BRDA:28,0,0,5
BRDA:28,0,1,1
BRDA:28,1,0,6
BRDA:28,1,1,6
BRDA:36,2,0,0
BRDA:36,3,0,24
BRDA:36,3,1,24
BRF:7
BRH:6
end_of_record
TN:
SF:source/infrastructure/lib/layers/runtime-libs.ts
FN:27,(anonymous_6)
FN:44,(anonymous_7)
FN:63,(anonymous_8)
FN:84,(anonymous_9)
FNF:4
FNH:4
FNDA:2,(anonymous_6)
FNDA:2,(anonymous_7)
FNDA:3,(anonymous_8)
FNDA:3,(anonymous_9)
DA:15,2
DA:17,2
DA:18,2
DA:19,2
DA:20,2
DA:26,2
DA:28,2
DA:30,2
DA:31,4
DA:32,0
DA:36,2
DA:38,2
DA:45,2
DA:46,2
DA:47,2
DA:62,2
DA:64,3
DA:70,3
DA:71,12
DA:72,0
DA:76,3
DA:78,3
DA:85,3
DA:86,3
DA:87,3
LF:25
LH:23
BRDA:28,0,0,2
BRDA:28,0,1,0
BRDA:28,1,0,2
BRDA:28,1,1,2
BRDA:31,2,0,0
BRDA:31,3,0,4
BRDA:31,3,1,4
BRDA:64,4,0,3
BRDA:64,4,1,0
BRDA:64,5,0,3
BRDA:64,5,1,3
BRDA:71,6,0,0
BRDA:71,7,0,12
BRDA:71,7,1,12
BRF:14
BRH:10
end_of_record
TN:
SF:source/infrastructure/lib/layers/shared-lib.ts
FN:51,(anonymous_6)
FN:69,(anonymous_7)
FNF:2
FNH:2
FNDA:2,(anonymous_6)
FNDA:2,(anonymous_7)
DA:16,2
DA:18,2
DA:19,2
DA:20,2
DA:21,2
DA:50,2
DA:52,2
DA:54,2
DA:55,4
DA:56,0
DA:60,2
DA:61,2
DA:63,2
DA:70,2
DA:71,2
DA:72,2
LF:16
LH:15
BRDA:52,0,0,2
BRDA:52,0,1,0
BRDA:52,1,0,2
BRDA:52,1,1,2
BRDA:55,2,0,0
BRDA:55,3,0,4
BRDA:55,3,1,4
BRF:7
BRH:5
end_of_record
TN:
SF:source/infrastructure/lib/metrics/custom-dashboard.ts
FN:50,(anonymous_6)
FNF:1
FNH:1
FNDA:8,(anonymous_6)
DA:14,8
DA:15,8
DA:16,8
DA:17,8
DA:44,8
DA:51,8
DA:53,8
DA:59,8
DA:61,8
DA:64,8
LF:10
LH:10
BRF:0
BRH:0
end_of_record
TN:
SF:source/infrastructure/lib/notifications/notification-manager.ts
FN:95,(anonymous_6)
FNF:1
FNH:1
FNDA:9,(anonymous_6)
DA:14,6
DA:17,6
DA:19,6
DA:21,6
DA:23,6
DA:31,6
DA:32,6
DA:33,6
DA:34,6
DA:35,6
DA:36,6
DA:37,6
DA:38,6
DA:79,6
DA:96,9
DA:99,9
DA:127,9
DA:130,9
DA:144,9
DA:151,9
DA:153,9
DA:160,9
DA:161,9
DA:164,9
DA:168,9
DA:170,9
DA:181,9
DA:182,9
DA:184,9
DA:194,9
DA:211,9
LF:31
LH:31
BRDA:160,0,0,9
BRDA:160,1,0,9
BRDA:160,1,1,9
BRF:3
BRH:3
end_of_record
TN:
SF:source/infrastructure/lib/s3web/static-site.ts
FN:56,(anonymous_6)
FNF:1
FNH:1
FNDA:11,(anonymous_6)
DA:15,9
DA:16,9
DA:17,9
DA:18,9
DA:19,9
DA:20,9
DA:21,9
DA:22,9
DA:45,9
DA:57,11
DA:59,11
DA:70,11
DA:81,11
DA:85,11
DA:95,11
DA:97,11
DA:111,11
DA:115,11
DA:116,11
DA:121,11
DA:122,11
DA:127,11
DA:137,11
DA:139,11
DA:141,11
DA:143,11
DA:144,11
DA:146,11
DA:147,11
DA:191,11
DA:195,11
DA:202,11
DA:212,11
LF:33
LH:33
BRDA:111,0,0,0
BRDA:111,0,1,11
BRDA:111,1,0,11
BRDA:111,1,1,11
BRDA:122,2,0,0
BRDA:122,2,1,11
BRDA:122,3,0,11
BRDA:122,3,1,11
BRDA:122,4,0,0
BRDA:122,4,1,11
BRDA:122,5,0,11
BRDA:122,5,1,11
BRDA:143,6,0,11
BRDA:143,6,1,0
BRDA:143,7,0,11
BRDA:143,7,1,11
BRDA:144,8,0,11
BRDA:144,8,1,0
BRDA:144,9,0,11
BRDA:144,9,1,11
BRDA:144,10,0,11
BRDA:144,10,1,0
BRDA:144,11,0,11
BRDA:144,11,1,11
BRDA:146,12,0,0
BRDA:146,12,1,11
BRDA:146,13,0,11
BRDA:146,13,1,11
BRF:28
BRH:21
end_of_record
TN:
SF:source/infrastructure/lib/s3web/ui-asset.ts
FN:41,(anonymous_6)
FNF:1
FNH:1
FNDA:10,(anonymous_6)
DA:15,8
DA:17,8
DA:18,8
DA:19,8
DA:20,8
DA:22,8
DA:23,8
DA:24,8
DA:25,8
DA:26,8
DA:31,8
DA:42,10
DA:44,10
DA:51,10
DA:57,10
DA:63,10
DA:69,10
DA:78,10
DA:79,10
DA:81,10
DA:86,10
DA:92,10
DA:112,10
DA:114,10
DA:125,10
DA:127,10
DA:137,10
DA:138,10
DA:140,10
LF:29
LH:29
BRDA:137,0,0,0
BRDA:137,0,1,10
BRDA:137,1,0,10
BRDA:137,1,1,10
BRDA:138,2,0,0
BRDA:138,2,1,10
BRDA:138,3,0,10
BRDA:138,3,1,10
BRF:8
BRH:6
end_of_record
TN:
SF:source/infrastructure/lib/samples/copy-samples.ts
FN:31,(anonymous_6)
FNF:1
FNH:1
FNDA:9,(anonymous_6)
DA:14,6
DA:15,6
DA:16,6
DA:17,6
DA:20,6
DA:25,6
DA:32,9
DA:34,9
DA:42,9
DA:52,9
DA:58,9
DA:62,9
LF:12
LH:12
BRF:0
BRH:0
end_of_record
TN:
SF:source/infrastructure/lib/search/indexed-storage.ts
FN:30,(anonymous_6)
FN:99,(anonymous_7)
FN:168,(anonymous_8)
FNF:3
FNH:3
FNDA:7,(anonymous_6)
FNDA:7,(anonymous_7)
FNDA:6,(anonymous_8)
DA:15,6
DA:16,6
DA:19,6
DA:21,6
DA:22,6
DA:27,6
DA:31,7
DA:83,6
DA:100,7
DA:102,7
DA:104,7
DA:116,7
DA:119,7
DA:121,7
DA:125,7
DA:129,7
DA:135,7
DA:140,7
DA:142,7
DA:151,7
DA:169,6
DA:177,6
LF:22
LH:22
BRF:0
BRH:0
end_of_record
TN:
SF:source/infrastructure/lib/search/kendra-case-storage.ts
FN:71,(anonymous_6)
FN:152,(anonymous_7)
FN:239,(anonymous_8)
FN:329,(anonymous_9)
FNF:4
FNH:4
FNDA:9,(anonymous_6)
FNDA:9,(anonymous_7)
FNDA:9,(anonymous_8)
FNDA:9,(anonymous_9)
DA:15,7
DA:16,7
DA:17,7
DA:18,7
DA:19,7
DA:23,7
DA:25,7
DA:72,9
DA:82,9
DA:91,9
DA:99,9
DA:107,9
DA:115,9
DA:122,9
DA:131,7
DA:153,9
DA:154,9
DA:156,9
DA:157,9
DA:159,9
DA:162,9
DA:164,9
DA:166,9
DA:185,9
DA:189,9
DA:198,9
DA:203,9
DA:240,9
DA:318,9
DA:320,9
DA:330,9
DA:334,9
DA:343,9
DA:352,9
DA:362,9
DA:372,9
DA:380,9
LF:37
LH:37
BRDA:242,0,0,9
BRDA:242,0,1,0
BRDA:242,1,0,9
BRDA:242,1,1,9
BRDA:243,2,0,9
BRDA:243,2,1,0
BRDA:243,3,0,9
BRDA:243,3,1,9
BRF:8
BRH:6
end_of_record
TN:
SF:source/infrastructure/lib/utils/app-registry-aspects.ts
FN:79,(anonymous_6)
FN:93,(anonymous_7)
FN:121,(anonymous_8)
FN:132,(anonymous_9)
FN:147,(anonymous_10)
FNF:5
FNH:5
FNDA:1,(anonymous_6)
FNDA:698,(anonymous_7)
FNDA:1,(anonymous_8)
FNDA:1,(anonymous_9)
FNDA:1,(anonymous_10)
DA:15,1
DA:16,1
DA:18,1
DA:48,1
DA:80,1
DA:81,1
DA:82,1
DA:83,1
DA:84,1
DA:85,1
DA:94,698
DA:95,7
DA:97,1
DA:98,1
DA:99,1
DA:100,1
DA:101,1
DA:103,6
DA:104,0
DA:107,6
DA:108,6
DA:109,6
DA:122,1
DA:133,1
DA:134,0
DA:137,1
DA:138,1
DA:139,1
DA:140,1
DA:148,1
DA:149,0
DA:151,1
DA:161,1
LF:33
LH:30
BRDA:94,0,0,7
BRDA:95,1,0,1
BRDA:95,1,1,6
BRDA:103,2,0,0
BRDA:133,3,0,0
BRDA:148,4,0,0
BRF:6
BRH:3
end_of_record
TN:
SF:source/infrastructure/lib/utils/asset-bundling.ts
FN:37,(anonymous_6)
FN:48,(anonymous_7)
FN:76,(anonymous_8)
FN:86,(anonymous_9)
FN:113,(anonymous_10)
FN:117,(anonymous_11)
FN:134,(anonymous_12)
FN:156,(anonymous_13)
FN:166,(anonymous_14)
FN:189,(anonymous_15)
FN:202,(anonymous_16)
FN:222,(anonymous_17)
FN:227,(anonymous_18)
FN:244,getCommandsForPythonDockerBuild
FN:267,getCommandsForNodejsDockerBuild
FN:290,getCommandsForJavaDockerBundling
FN:311,getCommandsForReactjsDockerBuild
FNF:17
FNH:16
FNDA:45,(anonymous_6)
FNDA:24,(anonymous_7)
FNDA:74,(anonymous_8)
FNDA:72,(anonymous_9)
FNDA:63,(anonymous_10)
FNDA:18,(anonymous_11)
FNDA:12,(anonymous_12)
FNDA:11,(anonymous_13)
FNDA:11,(anonymous_14)
FNDA:21,(anonymous_15)
FNDA:150,(anonymous_16)
FNDA:0,(anonymous_17)
FNDA:150,(anonymous_18)
FNDA:55,getCommandsForPythonDockerBuild
FNDA:85,getCommandsForNodejsDockerBuild
FNDA:23,getCommandsForJavaDockerBundling
FNDA:12,getCommandsForReactjsDockerBuild
DA:15,27
DA:16,27
DA:18,27
DA:19,27
DA:20,27
DA:21,27
DA:27,27
DA:38,45
DA:39,45
DA:49,24
DA:77,74
DA:87,72
DA:114,63
DA:118,18
DA:135,12
DA:157,11
DA:167,11
DA:190,21
DA:191,21
DA:192,21
DA:193,21
DA:194,21
DA:198,21
DA:199,21
DA:203,150
DA:204,148
DA:206,2
DA:216,27
DA:228,150
DA:229,21
DA:232,150
DA:244,27
DA:245,55
DA:267,27
DA:268,85
DA:290,27
DA:291,23
DA:311,27
DA:312,12
LF:39
LH:39
BRDA:40,0,0,45
BRDA:40,0,1,0
BRDA:78,1,0,74
BRDA:78,1,1,0
BRDA:119,2,0,18
BRDA:119,2,1,0
BRDA:158,3,0,11
BRDA:158,3,1,0
BRDA:203,4,0,148
BRDA:203,4,1,2
BRDA:228,5,0,21
BRF:11
BRH:7
end_of_record
TN:
SF:source/infrastructure/lib/utils/aws-deployment-partition-aspects.ts
FN:39,(anonymous_6)
FN:44,(anonymous_7)
FN:48,(anonymous_8)
FN:60,(anonymous_9)
FN:74,generateCfnConditionForPartition
FNF:5
FNH:5
FNDA:1,(anonymous_6)
FNDA:685,(anonymous_7)
FNDA:22,(anonymous_8)
FNDA:22,(anonymous_9)
FNDA:5,generateCfnConditionForPartition
DA:15,1
DA:27,1
DA:40,1
DA:41,1
DA:45,685
DA:46,685
DA:47,22
DA:48,22
DA:49,22
DA:61,22
DA:65,22
DA:66,22
DA:67,5
DA:68,5
DA:70,22
DA:75,5
LF:16
LH:16
BRDA:46,0,0,22
BRDA:66,1,0,5
BRF:2
BRH:2
end_of_record
TN:
SF:source/infrastructure/lib/utils/cfn-nag-suppressions.ts
FN:31,addCfnSuppressRules
FNF:1
FNH:1
FNDA:66,addCfnSuppressRules
DA:15,14
DA:31,14
DA:32,66
DA:33,53
DA:36,66
DA:37,27
DA:39,39
LF:7
LH:7
BRDA:32,0,0,53
BRDA:36,1,0,27
BRDA:36,1,1,39
BRDA:36,2,0,39
BRDA:36,2,1,27
BRDA:36,3,0,66
BRDA:36,3,1,66
BRDA:36,4,0,28
BRDA:36,4,1,38
BRDA:36,5,0,66
BRDA:36,5,1,66
BRDA:37,6,0,0
BRDA:37,6,1,27
BRDA:37,7,0,27
BRDA:37,7,1,27
BRF:15
BRH:14
end_of_record
TN:
SF:source/infrastructure/lib/utils/common-utils.ts
FN:60,copyFilesSyncRecursively
FN:63,(anonymous_7)
FN:89,localBundling
FN:120,getNodejsLayerLocalBundling
FN:122,(anonymous_10)
FN:138,getJavaLayerLocalBundling
FN:140,(anonymous_12)
FN:171,getResourceProperties
FN:252,listWorkflowConfigFiles
FN:256,(anonymous_15)
FN:259,(anonymous_16)
FN:269,extractWorkflowConfigNames
FN:287,generateSourceCodeMapping
FNF:13
FNH:13
FNDA:2544,copyFilesSyncRecursively
FNDA:33191,(anonymous_7)
FNDA:142,localBundling
FNDA:7,getNodejsLayerLocalBundling
FNDA:6,(anonymous_10)
FNDA:5,getJavaLayerLocalBundling
FNDA:4,(anonymous_12)
FNDA:43,getResourceProperties
FNDA:9,listWorkflowConfigFiles
FNDA:88,(anonymous_15)
FNDA:88,(anonymous_16)
FNDA:8,extractWorkflowConfigNames
FNDA:18,generateSourceCodeMapping
DA:16,28
DA:17,28
DA:20,28
DA:21,28
DA:22,28
DA:25,28
DA:26,28
DA:60,28
DA:61,2544
DA:63,2542
DA:64,33191
DA:65,33191
DA:67,33191
DA:69,33191
DA:70,2492
DA:71,2402
DA:72,2402
DA:75,30699
DA:89,28
DA:90,142
DA:91,142
DA:92,142
DA:93,142
DA:95,142
DA:96,26
DA:101,142
DA:102,142
DA:104,142
DA:106,2
DA:107,2
DA:109,140
DA:120,28
DA:121,7
DA:123,6
DA:124,6
DA:125,6
DA:138,28
DA:139,5
DA:141,4
DA:154,4
DA:155,4
DA:171,28
DA:180,43
DA:181,39
DA:196,39
DA:204,4
DA:214,4
DA:220,43
DA:221,24
DA:222,19
DA:223,10
DA:226,43
DA:237,43
DA:238,24
DA:239,19
DA:240,10
DA:243,43
DA:252,28
DA:253,9
DA:254,9
DA:257,88
DA:260,88
DA:269,28
DA:270,8
DA:271,8
DA:272,8
DA:273,86
DA:274,86
DA:277,8
DA:287,28
DA:292,18
LF:71
LH:71
BRDA:69,0,0,2492
BRDA:69,0,1,30699
BRDA:69,1,0,33191
BRDA:69,1,1,33191
BRDA:70,2,0,2402
BRDA:95,3,0,26
BRDA:180,4,0,39
BRDA:180,4,1,4
BRDA:220,5,0,24
BRDA:220,5,1,19
BRDA:222,6,0,10
BRDA:237,7,0,24
BRDA:237,7,1,19
BRDA:239,8,0,10
BRF:14
BRH:14
end_of_record
TN:
SF:source/infrastructure/lib/utils/constants.ts
FN:23,(anonymous_6)
FN:29,(anonymous_7)
FN:37,(anonymous_8)
FN:44,(anonymous_9)
FN:52,(anonymous_10)
FN:58,(anonymous_11)
FN:63,(anonymous_12)
FN:79,(anonymous_13)
FN:92,(anonymous_14)
FN:102,(anonymous_15)
FN:125,(anonymous_16)
FNF:11
FNH:11
FNDA:35,(anonymous_6)
FNDA:35,(anonymous_7)
FNDA:35,(anonymous_8)
FNDA:35,(anonymous_9)
FNDA:35,(anonymous_10)
FNDA:35,(anonymous_11)
FNDA:35,(anonymous_12)
FNDA:35,(anonymous_13)
FNDA:35,(anonymous_14)
FNDA:35,(anonymous_15)
FNDA:35,(anonymous_16)
DA:15,35
DA:17,35
DA:18,35
DA:19,35
DA:20,35
DA:21,35
DA:23,35
DA:24,35
DA:25,35
DA:26,35
DA:29,35
DA:30,35
DA:31,35
DA:32,35
DA:33,35
DA:34,35
DA:37,35
DA:38,35
DA:39,35
DA:40,35
DA:41,35
DA:44,35
DA:45,35
DA:46,35
DA:47,35
DA:48,35
DA:49,35
DA:52,35
DA:53,35
DA:54,35
DA:55,35
DA:58,35
DA:59,35
DA:60,35
DA:63,35
DA:64,35
DA:65,35
DA:66,35
DA:67,35
DA:68,35
DA:69,35
DA:70,35
DA:71,35
DA:72,35
DA:73,35
DA:74,35
DA:75,35
DA:76,35
DA:79,35
DA:80,35
DA:81,35
DA:82,35
DA:83,35
DA:84,35
DA:85,35
DA:86,35
DA:87,35
DA:88,35
DA:89,35
DA:92,35
DA:93,35
DA:94,35
DA:95,35
DA:96,35
DA:97,35
DA:98,35
DA:99,35
DA:102,35
DA:103,35
DA:104,35
DA:105,35
DA:108,35
DA:109,35
DA:111,35
DA:112,35
DA:113,35
DA:114,35
DA:115,35
DA:116,35
DA:117,35
DA:118,35
DA:120,35
DA:121,35
DA:122,35
DA:123,35
DA:125,35
DA:126,35
DA:127,35
DA:128,35
DA:129,35
DA:130,35
LF:91
LH:91
BRDA:23,0,0,35
BRDA:23,0,1,35
BRDA:29,1,0,35
BRDA:29,1,1,35
BRDA:37,2,0,35
BRDA:37,2,1,35
BRDA:44,3,0,35
BRDA:44,3,1,35
BRDA:52,4,0,35
BRDA:52,4,1,35
BRDA:58,5,0,35
BRDA:58,5,1,35
BRDA:63,6,0,35
BRDA:63,6,1,35
BRDA:79,7,0,35
BRDA:79,7,1,35
BRDA:92,8,0,35
BRDA:92,8,1,35
BRDA:102,9,0,35
BRDA:102,9,1,35
BRDA:125,10,0,35
BRDA:125,10,1,35
BRF:22
BRH:22
end_of_record
TN:
SF:source/infrastructure/lib/utils/custom-infra-setup.ts
FN:48,(anonymous_6)
FNF:1
FNH:1
FNDA:21,(anonymous_6)
DA:14,13
DA:15,13
DA:16,13
DA:17,13
DA:18,13
DA:20,13
DA:21,13
DA:22,13
DA:23,13
DA:37,13
DA:49,21
DA:51,21
DA:73,21
DA:99,21
DA:118,21
DA:139,21
DA:143,21
DA:147,21
DA:150,21
DA:152,21
DA:154,21
DA:156,0
DA:162,21
DA:169,21
DA:177,21
DA:187,21
DA:197,21
DA:205,21
DA:212,21
DA:222,21
DA:232,21
DA:240,21
LF:32
LH:31
BRDA:154,0,0,0
BRF:1
BRH:0
end_of_record
TN:
SF:source/infrastructure/lib/utils/lambda-aspect.ts
FN:52,(anonymous_6)
FN:58,(anonymous_7)
FN:86,(anonymous_8)
FN:129,(anonymous_9)
FN:145,(anonymous_10)
FN:162,(anonymous_11)
FN:184,(anonymous_12)
FN:201,(anonymous_13)
FN:219,(anonymous_14)
FN:236,(anonymous_15)
FNF:10
FNH:10
FNDA:4,(anonymous_6)
FNDA:62,(anonymous_7)
FNDA:4,(anonymous_8)
FNDA:1,(anonymous_9)
FNDA:1,(anonymous_10)
FNDA:1,(anonymous_11)
FNDA:1,(anonymous_12)
FNDA:1,(anonymous_13)
FNDA:1,(anonymous_14)
FNDA:1,(anonymous_15)
DA:15,1
DA:16,1
DA:17,1
DA:18,1
DA:19,1
DA:20,1
DA:21,1
DA:22,1
DA:23,1
DA:24,1
DA:25,1
DA:41,1
DA:53,4
DA:54,4
DA:55,4
DA:59,62
DA:60,62
DA:62,62
DA:63,4
DA:64,4
DA:65,1
DA:66,3
DA:67,1
DA:68,1
DA:72,2
DA:73,1
DA:74,1
DA:76,1
DA:87,4
DA:88,4
DA:91,4
DA:92,4
DA:94,4
DA:95,4
DA:115,4
DA:117,4
DA:126,4
DA:130,1
DA:135,1
DA:139,1
DA:146,1
DA:147,1
DA:154,1
DA:163,1
DA:164,1
DA:176,1
DA:185,1
DA:186,1
DA:193,1
DA:202,1
DA:203,1
DA:211,1
DA:220,1
DA:221,1
DA:228,1
DA:237,1
DA:238,1
DA:250,1
LF:58
LH:58
BRDA:62,0,0,4
BRDA:64,1,0,1
BRDA:64,1,1,3
BRDA:66,2,0,1
BRDA:66,2,1,2
BRDA:72,3,0,1
BRDA:72,3,1,1
BRDA:87,4,0,4
BRDA:94,5,0,4
BRDA:146,6,0,1
BRDA:163,7,0,1
BRDA:185,8,0,1
BRDA:202,9,0,1
BRDA:220,10,0,1
BRDA:237,11,0,1
BRF:15
BRH:15
end_of_record
TN:
SF:source/infrastructure/lib/utils/lambda-runtimes.ts
FN:35,(anonymous_6)
FN:46,(anonymous_7)
FN:65,(anonymous_8)
FN:85,(anonymous_9)
FN:110,(anonymous_10)
FN:129,(anonymous_11)
FNF:6
FNH:6
FNDA:39,(anonymous_6)
FNDA:5,(anonymous_7)
FNDA:12,(anonymous_8)
FNDA:5,(anonymous_9)
FNDA:13,(anonymous_10)
FNDA:25,(anonymous_11)
DA:16,6
DA:17,6
DA:18,6
DA:32,6
DA:36,39
DA:45,6
DA:48,5
DA:49,1
DA:51,4
DA:57,5
DA:64,6
DA:67,12
DA:68,11
DA:70,1
DA:77,12
DA:84,6
DA:87,5
DA:88,1
DA:90,4
DA:96,5
DA:104,6
DA:111,13
DA:112,13
DA:116,13
DA:120,13
DA:130,25
DA:132,25
DA:133,0
DA:136,25
LF:29
LH:28
BRDA:48,0,0,1
BRDA:48,0,1,4
BRDA:67,1,0,11
BRDA:67,1,1,1
BRDA:87,2,0,1
BRDA:87,2,1,4
BRDA:132,3,0,0
BRF:7
BRH:6
end_of_record
TN:
SF:source/infrastructure/lib/utils/nested-stack-parameters.ts
FN:29,(anonymous_0)
FNF:1
FNH:1
FNDA:24,(anonymous_0)
DA:15,9
DA:21,9
DA:30,24
DA:38,24
DA:46,24
DA:55,24
DA:63,24
DA:71,24
LF:8
LH:8
BRF:0
BRH:0
end_of_record
TN:
SF:source/infrastructure/lib/utils/solution-helper.ts
FN:51,(anonymous_6)
FNF:1
FNH:1
FNDA:8,(anonymous_6)
DA:15,8
DA:17,8
DA:50,8
DA:52,8
DA:54,8
DA:66,8
DA:70,8
LF:7
LH:7
BRF:0
BRH:0
end_of_record
TN:
SF:source/infrastructure/lib/workflow/workflow-config.ts
FN:46,(anonymous_6)
FNF:1
FNH:1
FNDA:13,(anonymous_6)
DA:15,8
DA:16,8
DA:18,8
DA:19,8
DA:21,8
DA:22,8
DA:23,8
DA:35,8
DA:47,13
DA:49,13
DA:58,13
DA:60,13
DA:64,13
DA:74,13
LF:14
LH:14
BRF:0
BRH:0
end_of_record
TN:
SF:source/infrastructure/lib/workflow/entity-detection/entity-detection-workflow.ts
FN:43,(anonymous_6)
FN:104,(anonymous_7)
FNF:2
FNH:2
FNDA:8,(anonymous_6)
FNDA:8,(anonymous_7)
DA:15,6
DA:16,6
DA:18,6
DA:19,6
DA:27,6
DA:31,6
DA:33,6
DA:34,6
DA:36,6
DA:44,8
DA:46,8
DA:47,8
DA:49,8
DA:64,8
DA:77,8
DA:79,8
DA:80,8
DA:92,8
DA:94,8
DA:104,8
DA:107,8
DA:116,8
LF:22
LH:22
BRDA:79,0,0,8
BRDA:92,1,0,0
BRDA:92,1,1,8
BRDA:92,2,0,8
BRDA:92,2,1,8
BRF:5
BRH:4
end_of_record
TN:
SF:source/infrastructure/lib/workflow/fragments/failure-fragment.ts
FN:48,(anonymous_6)
FNF:1
FNH:1
FNDA:26,(anonymous_6)
DA:15,11
DA:17,11
DA:28,11
DA:32,11
DA:42,11
DA:49,26
DA:50,26
DA:52,26
DA:53,26
DA:55,26
DA:60,26
DA:72,26
DA:78,26
DA:80,26
DA:81,26
LF:15
LH:15
BRDA:49,0,0,25
BRDA:49,0,1,1
BRF:2
BRH:2
end_of_record
TN:
SF:source/infrastructure/lib/workflow/fragments/stepfunction-callbacks.ts
FN:116,(anonymous_6)
FNF:1
FNH:1
FNDA:25,(anonymous_6)
DA:14,10
DA:15,10
DA:16,10
DA:18,10
DA:21,10
DA:33,10
DA:34,10
DA:36,10
DA:105,10
DA:117,25
DA:120,25
DA:130,25
DA:143,25
DA:150,25
DA:152,25
DA:159,25
DA:160,25
DA:161,25
DA:162,25
DA:163,25
DA:168,25
DA:170,0
DA:172,25
DA:181,25
DA:184,25
DA:193,25
DA:202,25
DA:203,25
DA:211,25
DA:221,25
LF:30
LH:29
BRDA:143,0,0,0
BRDA:143,0,1,25
BRDA:168,1,0,0
BRDA:168,1,1,25
BRDA:202,2,0,25
BRF:5
BRH:3
end_of_record
TN:
SF:source/infrastructure/lib/workflow/redaction/redaction-workflow.ts
FN:42,(anonymous_6)
FN:110,(anonymous_7)
FNF:2
FNH:2
FNDA:8,(anonymous_6)
FNDA:8,(anonymous_7)
DA:15,7
DA:17,7
DA:18,7
DA:31,7
DA:33,7
DA:34,7
DA:35,7
DA:37,7
DA:43,8
DA:45,8
DA:46,8
DA:48,8
DA:64,8
DA:78,8
DA:81,8
DA:82,8
DA:83,8
DA:87,8
DA:88,8
DA:90,8
DA:110,8
DA:113,8
DA:122,8
LF:23
LH:23
BRDA:81,0,0,8
BRDA:91,1,0,0
BRDA:91,1,1,8
BRDA:91,2,0,8
BRDA:91,2,1,8
BRF:5
BRH:4
end_of_record
TN:
SF:source/infrastructure/lib/workflow/standard/abstract-workflow.ts
FN:32,(anonymous_6)
FN:59,(anonymous_7)
FN:68,(anonymous_8)
FN:78,(anonymous_9)
FN:87,(anonymous_10)
FN:105,(anonymous_11)
FN:126,(anonymous_12)
FN:142,(anonymous_13)
FN:159,(anonymous_14)
FN:172,(anonymous_15)
FN:194,(anonymous_16)
FN:203,(anonymous_17)
FN:212,(anonymous_18)
FN:218,(anonymous_19)
FNF:14
FNH:11
FNDA:10,(anonymous_6)
FNDA:25,(anonymous_7)
FNDA:26,(anonymous_8)
FNDA:26,(anonymous_9)
FNDA:26,(anonymous_10)
FNDA:25,(anonymous_11)
FNDA:25,(anonymous_12)
FNDA:0,(anonymous_13)
FNDA:25,(anonymous_14)
FNDA:25,(anonymous_15)
FNDA:25,(anonymous_16)
FNDA:25,(anonymous_17)
FNDA:0,(anonymous_18)
FNDA:0,(anonymous_19)
DA:15,10
DA:16,10
DA:18,10
DA:19,10
DA:20,10
DA:21,10
DA:22,10
DA:24,10
DA:25,10
DA:32,10
DA:33,10
DA:34,10
DA:35,10
DA:36,10
DA:37,10
DA:38,10
DA:39,10
DA:49,10
DA:60,25
DA:61,25
DA:62,25
DA:63,25
DA:64,25
DA:65,25
DA:69,26
DA:70,26
DA:79,26
DA:91,26
DA:106,25
DA:107,25
DA:127,25
DA:131,25
DA:132,25
DA:133,25
DA:143,0
DA:147,0
DA:151,0
DA:156,0
DA:160,25
DA:173,25
DA:174,25
DA:175,25
DA:177,25
DA:191,25
DA:195,25
DA:200,25
DA:204,25
DA:205,0
DA:206,0
DA:209,25
DA:213,0
DA:214,0
DA:215,0
DA:219,0
DA:220,0
DA:221,0
DA:223,0
LF:57
LH:44
BRDA:32,0,0,10
BRDA:32,0,1,10
BRDA:69,1,0,0
BRDA:69,1,1,26
BRDA:106,2,0,0
BRDA:106,2,1,25
BRDA:173,3,0,25
BRDA:173,3,1,0
BRDA:173,4,0,25
BRDA:173,4,1,25
BRDA:204,5,0,0
BRDA:219,6,0,0
BRF:12
BRH:7
end_of_record
TN:
SF:source/infrastructure/lib/workflow/standard/standard-workflow.ts
FN:59,(anonymous_6)
FN:206,(anonymous_7)
FN:217,(anonymous_8)
FN:260,(anonymous_9)
FN:273,(anonymous_10)
FN:277,(anonymous_11)
FNF:6
FNH:5
FNDA:25,(anonymous_6)
FNDA:25,(anonymous_7)
FNDA:25,(anonymous_8)
FNDA:0,(anonymous_9)
FNDA:25,(anonymous_10)
FNDA:50,(anonymous_11)
DA:15,10
DA:16,10
DA:18,10
DA:21,10
DA:22,10
DA:23,10
DA:24,10
DA:26,10
DA:27,10
DA:28,10
DA:30,10
DA:32,10
DA:33,10
DA:48,10
DA:60,25
DA:62,25
DA:63,25
DA:71,25
DA:72,25
DA:73,25
DA:74,25
DA:77,25
DA:78,25
DA:79,25
DA:82,25
DA:83,25
DA:85,25
DA:105,25
DA:106,0
DA:107,0
DA:108,0
DA:111,25
DA:112,25
DA:118,25
DA:120,25
DA:124,25
DA:136,25
DA:142,25
DA:145,25
DA:146,0
DA:147,0
DA:148,0
DA:151,25
DA:162,25
DA:169,25
DA:180,25
DA:191,25
DA:198,25
DA:208,25
DA:211,25
DA:218,25
DA:221,25
DA:223,25
DA:224,25
DA:227,0
DA:228,0
DA:231,0
DA:232,0
DA:233,0
DA:236,0
DA:237,0
DA:240,25
DA:241,25
DA:243,25
DA:261,0
DA:270,0
DA:274,25
DA:278,50
LF:68
LH:53
BRDA:62,0,0,25
BRDA:105,1,0,0
BRDA:145,2,0,0
BRDA:208,3,0,24
BRDA:208,3,1,1
BRDA:221,4,0,25
BRDA:221,4,1,0
BRDA:221,4,2,0
BRDA:221,4,3,0
BRDA:270,5,0,0
BRDA:270,5,1,0
BRDA:270,6,0,0
BRDA:270,6,1,0
BRDA:274,7,0,25
BRDA:274,7,1,0
BRDA:278,8,0,50
BRDA:278,8,1,50
BRF:17
BRH:7
end_of_record
TN:
SF:source/infrastructure/lib/workflow/textract/textract-workflow.ts
FN:44,(anonymous_6)
FN:145,(anonymous_7)
FNF:2
FNH:2
FNDA:8,(anonymous_6)
FNDA:8,(anonymous_7)
DA:15,6
DA:16,6
DA:18,6
DA:19,6
DA:28,6
DA:32,6
DA:34,6
DA:35,6
DA:37,6
DA:45,8
DA:47,8
DA:48,8
DA:50,8
DA:70,8
DA:73,8
DA:75,8
DA:87,8
DA:90,8
DA:91,8
DA:92,8
DA:97,8
DA:105,8
DA:106,8
DA:111,8
DA:120,8
DA:145,8
DA:148,8
DA:154,8
LF:28
LH:28
BRDA:90,0,0,8
BRDA:105,1,0,0
BRDA:105,1,1,8
BRDA:105,2,0,8
BRDA:105,2,1,8
BRDA:121,3,0,0
BRDA:121,3,1,8
BRDA:121,4,0,8
BRDA:121,4,1,8
BRDA:121,5,0,0
BRDA:121,5,1,8
BRDA:121,6,0,8
BRDA:121,6,1,8
BRF:13
BRH:10
end_of_record
TN:
SF:source/infrastructure/test/framework/cdk-to-asl.ts
FN:24,(anonymous_0)
FN:29,(anonymous_1)
FN:33,(anonymous_2)
FN:35,(anonymous_3)
FN:43,(anonymous_4)
FN:56,(anonymous_5)
FN:67,(anonymous_6)
FN:79,(anonymous_7)
FN:83,(anonymous_8)
FN:87,(anonymous_9)
FNF:10
FNH:10
FNDA:6,(anonymous_0)
FNDA:78,(anonymous_1)
FNDA:6,(anonymous_2)
FNDA:6,(anonymous_3)
FNDA:2,(anonymous_4)
FNDA:6,(anonymous_5)
FNDA:78,(anonymous_6)
FNDA:3,(anonymous_7)
FNDA:3,(anonymous_8)
FNDA:33,(anonymous_9)
DA:17,5
DA:18,5
DA:20,5
DA:21,5
DA:24,5
DA:26,6
DA:28,6
DA:30,78
DA:31,78
DA:33,6
DA:35,6
DA:36,6
DA:37,6
DA:38,6
DA:39,6
DA:43,5
DA:44,2
DA:45,2
DA:47,2
DA:48,2
DA:49,1
DA:51,1
DA:52,1
DA:56,5
DA:57,6
DA:67,6
DA:68,78
DA:70,36
DA:71,39
DA:72,36
DA:75,0
DA:79,5
DA:80,3
DA:83,5
DA:84,3
DA:87,5
DA:88,33
DA:90,15
DA:92,0
DA:94,18
LF:40
LH:38
BRDA:20,0,0,5
BRDA:20,0,1,5
BRDA:21,1,0,5
BRDA:21,1,1,5
BRDA:26,2,0,0
BRDA:31,3,0,78
BRDA:31,3,1,78
BRDA:45,4,0,2
BRDA:45,4,1,0
BRDA:68,5,0,42
BRDA:71,6,0,36
BRDA:80,7,0,3
BRDA:80,7,1,0
BRDA:80,8,0,3
BRDA:80,8,1,3
BRDA:88,9,0,15
BRDA:88,9,1,0
BRDA:88,9,2,18
BRF:18
BRH:14
end_of_record
TN:
SF:source/infrastructure/test/framework/sfn-client-wrapper.ts
FN:40,(anonymous_0)
FN:47,(anonymous_1)
FN:51,(anonymous_2)
FN:64,(anonymous_3)
FN:76,(anonymous_4)
FN:88,(anonymous_5)
FN:105,(anonymous_6)
FN:116,(anonymous_7)
FN:117,(anonymous_8)
FN:118,(anonymous_9)
FN:124,(anonymous_10)
FNF:11
FNH:11
FNDA:8,(anonymous_0)
FNDA:6,(anonymous_1)
FNDA:6,(anonymous_2)
FNDA:6,(anonymous_3)
FNDA:8,(anonymous_4)
FNDA:9,(anonymous_5)
FNDA:8,(anonymous_6)
FNDA:11,(anonymous_7)
FNDA:11,(anonymous_8)
FNDA:11,(anonymous_9)
FNDA:7,(anonymous_10)
DA:15,5
DA:23,5
DA:34,5
DA:41,8
DA:44,8
DA:48,6
DA:52,6
DA:65,6
DA:73,6
DA:77,8
DA:84,8
DA:89,9
DA:90,9
DA:94,9
DA:95,20
DA:96,20
DA:97,11
DA:99,9
DA:100,9
DA:106,8
DA:108,8
DA:117,11
DA:118,11
DA:119,11
DA:125,7
LF:25
LH:25
BRDA:42,0,0,1
BRDA:42,0,1,7
BRDA:42,1,0,8
BRDA:42,1,1,2
BRDA:88,2,0,9
BRDA:96,3,0,11
BRDA:96,3,1,9
BRF:7
BRH:7
end_of_record
TN:
SF:source/infrastructure/test/framework/sfn-local-container.ts
FN:51,(anonymous_6)
FN:68,(anonymous_7)
FN:84,(anonymous_8)
FN:90,(anonymous_9)
FN:104,(anonymous_10)
FN:109,(anonymous_11)
FN:113,(anonymous_12)
FNF:7
FNH:5
FNDA:6,(anonymous_6)
FNDA:5,(anonymous_7)
FNDA:0,(anonymous_8)
FNDA:5,(anonymous_9)
FNDA:4,(anonymous_10)
FNDA:0,(anonymous_11)
FNDA:5,(anonymous_12)
DA:15,5
DA:17,5
DA:19,5
DA:40,5
DA:52,6
DA:53,6
DA:54,5
DA:56,1
DA:59,5
DA:62,5
DA:64,5
DA:65,5
DA:69,5
DA:74,5
DA:76,5
DA:83,5
DA:84,0
DA:85,0
DA:91,5
DA:92,5
DA:93,5
DA:94,5
DA:95,5
DA:96,5
DA:98,0
DA:99,0
DA:101,5
DA:105,4
DA:106,4
DA:110,0
DA:114,5
DA:115,5
LF:32
LH:27
BRDA:53,0,0,5
BRDA:53,0,1,1
BRDA:60,1,0,0
BRDA:60,1,1,5
BRDA:60,2,0,5
BRDA:60,2,1,5
BRDA:64,3,0,0
BRDA:64,3,1,5
BRDA:64,4,0,5
BRDA:64,4,1,5
BRDA:83,5,0,0
BRDA:114,6,0,5
BRDA:114,6,1,0
BRDA:114,7,0,5
BRDA:114,7,1,5
BRDA:114,8,0,0
BRDA:114,8,1,5
BRDA:114,9,0,5
BRDA:114,9,1,5
BRF:19
BRH:14
end_of_record
TN:
SF:source/infrastructure/test/framework/sfn-mock-config-validator.ts
FN:25,(anonymous_0)
FN:34,(anonymous_1)
FN:38,(anonymous_2)
FN:40,(anonymous_3)
FN:47,(anonymous_4)
FN:50,(anonymous_5)
FNF:6
FNH:6
FNDA:11,(anonymous_0)
FNDA:10,(anonymous_1)
FNDA:7,(anonymous_2)
FNDA:9,(anonymous_3)
FNDA:10,(anonymous_4)
FNDA:19,(anonymous_5)
DA:14,6
DA:15,6
DA:22,6
DA:26,11
DA:27,11
DA:28,11
DA:30,1
DA:31,1
DA:35,10
DA:39,7
DA:40,9
DA:41,7
DA:42,1
DA:44,7
DA:48,10
DA:49,10
DA:50,19
DA:51,10
DA:52,3
DA:54,10
LF:20
LH:20
BRDA:35,0,0,10
BRDA:35,0,1,7
BRDA:41,1,0,1
BRDA:51,2,0,3
BRF:4
BRH:4
end_of_record
TN:
SF:source/infrastructure/test/framework/sfn-test-builder.ts
FN:28,(anonymous_0)
FN:33,(anonymous_1)
FN:45,(anonymous_2)
FN:52,(anonymous_3)
FN:68,(anonymous_4)
FNF:5
FNH:5
FNDA:4,(anonymous_0)
FNDA:5,(anonymous_1)
FNDA:5,(anonymous_2)
FNDA:4,(anonymous_3)
FNDA:4,(anonymous_4)
DA:15,4
DA:16,4
DA:19,4
DA:23,4
DA:29,4
DA:30,4
DA:34,5
DA:35,5
DA:37,5
DA:42,5
DA:46,5
DA:47,5
DA:48,5
DA:49,5
DA:53,4
DA:54,4
DA:56,4
DA:58,4
DA:59,5
DA:65,4
DA:69,4
DA:70,4
LF:22
LH:22
BRF:0
BRH:0
end_of_record
