TN:
SF:source/lambda/workflow-orchestrator/index.js
FN:23,(anonymous_0)
FN:71,(anonymous_1)
FN:94,(anonymous_2)
FN:118,(anonymous_3)
FNF:4
FNH:4
FNDA:9,(anonymous_0)
FNDA:2,(anonymous_1)
FNDA:9,(anonymous_2)
FNDA:1,(anonymous_3)
DA:16,1
DA:17,1
DA:18,1
DA:19,1
DA:20,1
DA:21,1
DA:23,1
DA:24,9
DA:25,9
DA:28,9
DA:32,1
DA:33,1
DA:36,8
DA:40,8
DA:41,3
DA:42,3
DA:44,5
DA:45,5
DA:46,3
DA:48,3
DA:50,3
DA:51,2
DA:52,2
DA:53,2
DA:60,1
DA:63,1
DA:64,1
DA:67,2
DA:69,2
DA:70,2
DA:71,2
DA:72,2
DA:75,0
DA:78,2
DA:81,4
DA:94,1
DA:96,9
DA:98,3
DA:99,3
DA:100,3
DA:101,1
DA:102,1
DA:103,1
DA:106,2
DA:108,3
DA:109,6
DA:110,5
DA:118,1
DA:119,1
DA:120,1
DA:121,1
LF:51
LH:50
BRDA:28,0,0,1
BRDA:28,0,1,8
BRDA:29,1,0,9
BRDA:29,1,1,5
BRDA:40,2,0,3
BRDA:40,2,1,5
BRDA:45,3,0,3
BRDA:45,3,1,2
BRDA:50,4,0,2
BRDA:50,4,1,1
BRDA:96,5,0,3
BRDA:96,5,1,6
BRDA:100,6,0,1
BRDA:100,6,1,2
BRDA:109,7,0,5
BRDA:109,7,1,1
BRF:16
BRH:16
end_of_record
TN:
SF:source/lambda/workflow-orchestrator/config/ddb-loader.js
FN:27,loadWorkflowConfig
FNF:1
FNH:1
FNDA:4,loadWorkflowConfig
DA:16,3
DA:17,3
DA:18,3
DA:28,4
DA:29,4
DA:31,4
DA:32,1
DA:34,3
DA:36,3
DA:38,3
DA:39,3
DA:50,1
DA:51,1
DA:54,2
DA:56,2
DA:57,1
DA:58,1
DA:59,1
DA:62,1
DA:63,1
DA:64,1
DA:67,3
LF:22
LH:22
BRDA:31,0,0,1
BRDA:31,0,1,3
BRDA:56,1,0,1
BRDA:56,1,1,1
BRF:4
BRH:4
end_of_record
TN:
SF:source/lambda/workflow-orchestrator/test/config/config-data.js
FNF:0
FNH:0
DA:16,2
DA:18,2
DA:47,2
DA:49,2
LF:4
LH:4
BRF:0
BRH:0
end_of_record
TN:
SF:source/lambda/workflow-orchestrator/utils/env-setup.js
FN:22,checkDDBReadEnvSetup
FN:33,checkS3UploadPrefixEnvSetup
FN:41,checkEventBusArnEnvSetup
FN:49,checkAppNamespaceEnvSetup
FN:57,checkWorkflowConfigNameEnvSetup
FN:67,checkKendraRoleArnEnvSetup
FN:73,checkAllEnvSetup
FNF:7
FNH:7
FNDA:23,checkDDBReadEnvSetup
FNDA:2,checkS3UploadPrefixEnvSetup
FNDA:12,checkEventBusArnEnvSetup
FNDA:12,checkAppNamespaceEnvSetup
FNDA:12,checkWorkflowConfigNameEnvSetup
FNDA:4,checkKendraRoleArnEnvSetup
FNDA:10,checkAllEnvSetup
DA:23,23
DA:24,21
DA:25,21
DA:27,2
DA:34,2
DA:35,1
DA:37,1
DA:42,12
DA:43,11
DA:45,1
DA:50,12
DA:51,11
DA:53,1
DA:58,12
DA:59,12
DA:60,10
DA:62,2
DA:63,2
DA:68,4
DA:69,1
DA:74,10
DA:75,10
DA:76,10
DA:77,10
DA:78,10
DA:81,5
LF:26
LH:26
BRDA:23,0,0,21
BRDA:23,0,1,2
BRDA:23,1,0,23
BRDA:23,1,1,21
BRDA:34,2,0,1
BRDA:34,2,1,1
BRDA:42,3,0,11
BRDA:42,3,1,1
BRDA:50,4,0,11
BRDA:50,4,1,1
BRDA:59,5,0,10
BRDA:59,5,1,2
BRDA:68,6,0,1
BRDA:68,6,1,3
BRF:14
BRH:14
end_of_record
TN:
SF:source/lambda/workflow-orchestrator/utils/event-dispatcher.js
FN:29,(anonymous_0)
FNF:1
FNH:1
FNDA:2,(anonymous_0)
DA:16,2
DA:17,2
DA:19,2
DA:29,2
DA:30,2
DA:31,2
DA:32,2
DA:34,2
DA:45,2
DA:46,1
DA:49,2
LF:11
LH:11
BRF:0
BRH:0
end_of_record
TN:
SF:source/lambda/workflow-orchestrator/utils/kendra-upload.js
FN:30,(anonymous_0)
FN:66,(anonymous_1)
FN:81,(anonymous_2)
FN:173,(anonymous_3)
FN:176,(anonymous_4)
FN:192,(anonymous_5)
FNF:6
FNH:6
FNDA:2,(anonymous_0)
FNDA:2,(anonymous_1)
FNDA:4,(anonymous_2)
FNDA:35,(anonymous_3)
FNDA:910,(anonymous_4)
FNDA:2,(anonymous_5)
DA:16,2
DA:17,2
DA:18,2
DA:30,2
DA:31,2
DA:32,1
DA:33,1
DA:34,1
DA:36,1
DA:37,1
DA:43,1
DA:45,1
DA:46,1
DA:47,1
DA:48,0
DA:49,1
DA:50,0
DA:53,0
DA:56,0
DA:66,2
DA:67,2
DA:68,1
DA:81,2
DA:83,4
DA:84,4
DA:86,4
DA:88,4
DA:90,35
DA:91,35
DA:98,35
DA:100,0
DA:103,0
DA:106,35
DA:150,35
DA:153,35
DA:154,3
DA:155,3
DA:160,4
DA:161,4
DA:164,4
DA:173,2
DA:174,35
DA:175,35
DA:176,70
DA:177,910
DA:178,140
DA:182,35
DA:192,2
DA:193,2
DA:194,2
DA:195,2
LF:51
LH:45
BRDA:47,0,0,0
BRDA:47,0,1,1
BRDA:49,1,0,0
BRDA:49,1,1,1
BRDA:67,2,0,1
BRDA:67,2,1,1
BRDA:153,3,0,3
BRDA:153,3,1,32
BRDA:160,4,0,4
BRDA:160,4,1,0
BRDA:177,5,0,140
BRDA:177,5,1,770
BRF:12
BRH:9
end_of_record
TN:
SF:source/lambda/workflow-orchestrator/utils/s3-event-trigger.js
FN:28,(anonymous_0)
FN:45,(anonymous_1)
FN:83,(anonymous_2)
FN:100,(anonymous_3)
FN:121,(anonymous_4)
FN:137,(anonymous_5)
FN:143,(anonymous_6)
FN:168,(anonymous_7)
FN:169,(anonymous_8)
FN:182,(anonymous_9)
FN:194,(anonymous_10)
FN:221,(anonymous_11)
FN:226,(anonymous_12)
FNF:13
FNH:12
FNDA:5,(anonymous_0)
FNDA:0,(anonymous_1)
FNDA:3,(anonymous_2)
FNDA:4,(anonymous_3)
FNDA:3,(anonymous_4)
FNDA:7,(anonymous_5)
FNDA:6,(anonymous_6)
FNDA:4,(anonymous_7)
FNDA:8,(anonymous_8)
FNDA:1,(anonymous_9)
FNDA:1,(anonymous_10)
FNDA:3,(anonymous_11)
FNDA:3,(anonymous_12)
DA:16,2
DA:17,2
DA:18,2
DA:20,2
DA:28,2
DA:29,5
DA:30,5
DA:31,1
DA:32,1
DA:34,5
DA:45,2
DA:46,0
DA:48,0
DA:49,0
DA:50,0
DA:53,0
DA:54,0
DA:59,0
DA:60,0
DA:61,0
DA:62,0
DA:65,0
DA:66,0
DA:67,0
DA:69,0
DA:70,0
DA:83,2
DA:84,3
DA:86,3
DA:87,3
DA:88,0
DA:89,0
DA:91,3
DA:100,2
DA:101,4
DA:102,4
DA:103,4
DA:104,4
DA:105,4
DA:121,2
DA:122,3
DA:124,3
DA:125,3
DA:126,6
DA:127,6
DA:130,3
DA:134,3
DA:137,3
DA:138,7
DA:141,3
DA:143,3
DA:144,6
DA:145,6
DA:146,6
DA:147,2
DA:149,6
DA:152,3
DA:153,2
DA:154,2
DA:157,1
DA:168,2
DA:169,4
DA:170,8
DA:182,2
DA:183,1
DA:187,1
DA:189,1
DA:190,1
DA:191,1
DA:193,1
DA:194,1
DA:195,1
DA:196,1
DA:197,1
DA:201,1
DA:208,1
DA:209,1
DA:221,2
DA:222,3
DA:223,3
DA:225,3
DA:226,3
DA:227,3
DA:230,3
DA:247,3
DA:248,2
DA:251,3
LF:87
LH:70
BRDA:29,0,0,5
BRDA:29,0,1,5
BRDA:30,1,0,1
BRDA:30,1,1,4
BRDA:49,2,0,0
BRDA:49,2,1,0
BRDA:60,3,0,0
BRDA:60,3,1,0
BRDA:87,4,0,0
BRDA:87,4,1,3
BRDA:146,5,0,2
BRDA:146,5,1,4
BRDA:152,6,0,2
BRDA:152,6,1,1
BRDA:195,7,0,1
BRDA:195,7,1,0
BRDA:234,8,0,3
BRDA:234,8,1,1
BRDA:235,9,0,3
BRDA:235,9,1,1
BRDA:237,10,0,3
BRDA:237,10,1,3
BRDA:247,11,0,2
BRDA:247,11,1,1
BRF:24
BRH:18
end_of_record
TN:
SF:source/lambda/workflow-orchestrator/utils/sfn-event-trigger.js
FN:24,(anonymous_0)
FN:57,(anonymous_1)
FN:60,(anonymous_2)
FN:75,(anonymous_3)
FN:78,(anonymous_4)
FNF:5
FNH:5
FNDA:8,(anonymous_0)
FNDA:11,(anonymous_1)
FNDA:19,(anonymous_2)
FNDA:5,(anonymous_3)
FNDA:8,(anonymous_4)
DA:16,2
DA:24,2
DA:25,8
DA:26,8
DA:31,8
DA:34,8
DA:41,8
DA:43,8
DA:44,8
DA:45,8
DA:57,2
DA:58,11
DA:59,11
DA:60,19
DA:61,11
DA:62,7
DA:64,4
DA:75,2
DA:76,5
DA:77,5
DA:78,8
DA:79,5
DA:80,5
DA:82,0
DA:83,0
LF:25
LH:23
BRDA:34,0,0,3
BRDA:34,0,1,5
BRDA:61,1,0,7
BRDA:61,1,1,4
BRF:4
BRH:4
end_of_record
