TN:
SF:source/lambda/get-inferences/index.js
FN:19,(anonymous_0)
FNF:1
FNH:1
FNDA:6,(anonymous_0)
DA:16,1
DA:17,1
DA:19,1
DA:20,6
DA:21,6
DA:23,1
DA:26,5
DA:27,1
DA:30,4
DA:32,4
DA:34,4
DA:35,2
DA:39,1
DA:40,2
DA:42,2
DA:48,1
DA:51,2
DA:52,2
LF:18
LH:18
BRDA:26,0,0,1
BRDA:26,0,1,4
BRDA:34,1,0,2
BRDA:34,1,1,2
BRDA:40,2,0,2
BRDA:40,2,1,0
BRF:6
BRH:5
end_of_record
TN:
SF:source/lambda/get-inferences/utils/get-inferences.js
FN:24,checkDdbEnvSetup
FN:36,checkS3InferenceBucketEnvSetup
FN:48,checkAllEnvSetup
FN:61,listInferences
FN:77,getInference
FNF:5
FNH:5
FNDA:9,checkDdbEnvSetup
FNDA:8,checkS3InferenceBucketEnvSetup
FNDA:7,checkAllEnvSetup
FNDA:2,listInferences
FNDA:2,getInference
DA:16,2
DA:25,9
DA:26,7
DA:27,7
DA:29,2
DA:37,8
DA:38,7
DA:39,7
DA:41,1
DA:49,7
DA:50,6
DA:62,2
DA:63,1
DA:78,2
DA:81,2
LF:15
LH:15
BRDA:25,0,0,7
BRDA:25,0,1,2
BRDA:37,1,0,7
BRDA:37,1,1,1
BRF:4
BRH:4
end_of_record
